[0.440s] Invoking command in '/home/tanawatp/BaLEGce/balegce_ws/build/balegce': CMAKE_PREFIX_PATH=${CMAKE_PREFIX_PATH}:/home/tanawatp/ros2_workspaceTutorial/install/robot_controller:/opt/ros/humble /usr/bin/cmake --build /home/tanawatp/BaLEGce/balegce_ws/build/balegce -- -j8 -l8
[0.533s] Built target ament_cmake_python_copy_balegce
[0.859s] running egg_info
[0.860s] writing balegce.egg-info/PKG-INFO
[0.860s] writing dependency_links to balegce.egg-info/dependency_links.txt
[0.860s] writing top-level names to balegce.egg-info/top_level.txt
[0.864s] reading manifest file 'balegce.egg-info/SOURCES.txt'
[0.864s] writing manifest file 'balegce.egg-info/SOURCES.txt'
[0.928s] Built target ament_cmake_python_build_balegce_egg
[0.948s] Invoked command in '/home/tanawatp/BaLEGce/balegce_ws/build/balegce' returned '0': CMAKE_PREFIX_PATH=${CMAKE_PREFIX_PATH}:/home/tanawatp/ros2_workspaceTutorial/install/robot_controller:/opt/ros/humble /usr/bin/cmake --build /home/tanawatp/BaLEGce/balegce_ws/build/balegce -- -j8 -l8
[1.001s] Invoking command in '/home/tanawatp/BaLEGce/balegce_ws/build/balegce': CMAKE_PREFIX_PATH=${CMAKE_PREFIX_PATH}:/home/tanawatp/ros2_workspaceTutorial/install/robot_controller:/opt/ros/humble /usr/bin/cmake --install /home/tanawatp/BaLEGce/balegce_ws/build/balegce
[1.012s] -- Install configuration: ""
[1.013s] -- Up-to-date: /home/tanawatp/BaLEGce/balegce_ws/install/balegce/share/balegce/environment/pythonpath.sh
[1.013s] -- Up-to-date: /home/tanawatp/BaLEGce/balegce_ws/install/balegce/share/balegce/environment/pythonpath.dsv
[1.013s] -- Up-to-date: /home/tanawatp/BaLEGce/balegce_ws/install/balegce/local/lib/python3.10/dist-packages/balegce-0.0.0-py3.10.egg-info
[1.013s] -- Installing: /home/tanawatp/BaLEGce/balegce_ws/install/balegce/local/lib/python3.10/dist-packages/balegce-0.0.0-py3.10.egg-info/dependency_links.txt
[1.013s] -- Installing: /home/tanawatp/BaLEGce/balegce_ws/install/balegce/local/lib/python3.10/dist-packages/balegce-0.0.0-py3.10.egg-info/top_level.txt
[1.013s] -- Installing: /home/tanawatp/BaLEGce/balegce_ws/install/balegce/local/lib/python3.10/dist-packages/balegce-0.0.0-py3.10.egg-info/PKG-INFO
[1.013s] -- Installing: /home/tanawatp/BaLEGce/balegce_ws/install/balegce/local/lib/python3.10/dist-packages/balegce-0.0.0-py3.10.egg-info/SOURCES.txt
[1.013s] -- Up-to-date: /home/tanawatp/BaLEGce/balegce_ws/install/balegce/local/lib/python3.10/dist-packages/balegce
[1.014s] -- Up-to-date: /home/tanawatp/BaLEGce/balegce_ws/install/balegce/local/lib/python3.10/dist-packages/balegce/dummy_module.py
[1.014s] -- Up-to-date: /home/tanawatp/BaLEGce/balegce_ws/install/balegce/local/lib/python3.10/dist-packages/balegce/__init__.py
[1.059s] Listing '/home/tanawatp/BaLEGce/balegce_ws/install/balegce/local/lib/python3.10/dist-packages/balegce'...
[1.067s] -- Up-to-date: /home/tanawatp/BaLEGce/balegce_ws/install/balegce/share/balegce/config
[1.067s] -- Up-to-date: /home/tanawatp/BaLEGce/balegce_ws/install/balegce/share/balegce/config/collision_parameters.yaml
[1.067s] -- Up-to-date: /home/tanawatp/BaLEGce/balegce_ws/install/balegce/share/balegce/config/kinematics_parameters.yaml
[1.068s] -- Installing: /home/tanawatp/BaLEGce/balegce_ws/install/balegce/share/balegce/config/_display2.rviz
[1.068s] -- Up-to-date: /home/tanawatp/BaLEGce/balegce_ws/install/balegce/share/balegce/config/sensor_parameters.yaml
[1.068s] -- Up-to-date: /home/tanawatp/BaLEGce/balegce_ws/install/balegce/share/balegce/config/_display.rviz
[1.068s] -- Up-to-date: /home/tanawatp/BaLEGce/balegce_ws/install/balegce/share/balegce/config/visual_parameters.yaml
[1.068s] -- Up-to-date: /home/tanawatp/BaLEGce/balegce_ws/install/balegce/share/balegce/config/dynamics_parameters.yaml
[1.069s] -- Up-to-date: /home/tanawatp/BaLEGce/balegce_ws/install/balegce/share/balegce/launch
[1.069s] -- Installing: /home/tanawatp/BaLEGce/balegce_ws/install/balegce/share/balegce/launch/display.launch.py
[1.069s] -- Up-to-date: /home/tanawatp/BaLEGce/balegce_ws/install/balegce/share/balegce/robot
[1.070s] -- Up-to-date: /home/tanawatp/BaLEGce/balegce_ws/install/balegce/share/balegce/robot/visual
[1.070s] -- Up-to-date: /home/tanawatp/BaLEGce/balegce_ws/install/balegce/share/balegce/robot/visual/manipulator.xacro
[1.070s] -- Up-to-date: /home/tanawatp/BaLEGce/balegce_ws/install/balegce/share/balegce/robot/visual/robot.xacro
[1.070s] -- Up-to-date: /home/tanawatp/BaLEGce/balegce_ws/install/balegce/share/balegce/robot/visual/sensor.xacro
[1.071s] -- Up-to-date: /home/tanawatp/BaLEGce/balegce_ws/install/balegce/share/balegce/robot/visual/properties.xacro
[1.071s] -- Up-to-date: /home/tanawatp/BaLEGce/balegce_ws/install/balegce/share/balegce/meshes
[1.071s] -- Up-to-date: /home/tanawatp/BaLEGce/balegce_ws/install/balegce/share/balegce/meshes/reactionwheel.stl
[1.072s] -- Up-to-date: /home/tanawatp/BaLEGce/balegce_ws/install/balegce/share/balegce/meshes/body.stl
[1.072s] -- Up-to-date: /home/tanawatp/BaLEGce/balegce_ws/install/balegce/share/balegce/meshes/propeller_1.stl
[1.072s] -- Up-to-date: /home/tanawatp/BaLEGce/balegce_ws/install/balegce/share/balegce/meshes/propeller_2.stl
[1.073s] -- Up-to-date: /home/tanawatp/BaLEGce/balegce_ws/install/balegce/share/balegce/meshes/leg.stl
[1.074s] -- Up-to-date: /home/tanawatp/BaLEGce/balegce_ws/install/balegce/share/ament_index/resource_index/package_run_dependencies/balegce
[1.074s] -- Up-to-date: /home/tanawatp/BaLEGce/balegce_ws/install/balegce/share/ament_index/resource_index/parent_prefix_path/balegce
[1.075s] -- Up-to-date: /home/tanawatp/BaLEGce/balegce_ws/install/balegce/share/balegce/environment/ament_prefix_path.sh
[1.075s] -- Up-to-date: /home/tanawatp/BaLEGce/balegce_ws/install/balegce/share/balegce/environment/ament_prefix_path.dsv
[1.075s] -- Up-to-date: /home/tanawatp/BaLEGce/balegce_ws/install/balegce/share/balegce/environment/path.sh
[1.075s] -- Up-to-date: /home/tanawatp/BaLEGce/balegce_ws/install/balegce/share/balegce/environment/path.dsv
[1.076s] -- Up-to-date: /home/tanawatp/BaLEGce/balegce_ws/install/balegce/share/balegce/local_setup.bash
[1.076s] -- Up-to-date: /home/tanawatp/BaLEGce/balegce_ws/install/balegce/share/balegce/local_setup.sh
[1.076s] -- Up-to-date: /home/tanawatp/BaLEGce/balegce_ws/install/balegce/share/balegce/local_setup.zsh
[1.076s] -- Up-to-date: /home/tanawatp/BaLEGce/balegce_ws/install/balegce/share/balegce/local_setup.dsv
[1.076s] -- Installing: /home/tanawatp/BaLEGce/balegce_ws/install/balegce/share/balegce/package.dsv
[1.076s] -- Up-to-date: /home/tanawatp/BaLEGce/balegce_ws/install/balegce/share/ament_index/resource_index/packages/balegce
[1.076s] -- Up-to-date: /home/tanawatp/BaLEGce/balegce_ws/install/balegce/share/balegce/cmake/balegceConfig.cmake
[1.076s] -- Up-to-date: /home/tanawatp/BaLEGce/balegce_ws/install/balegce/share/balegce/cmake/balegceConfig-version.cmake
[1.076s] -- Up-to-date: /home/tanawatp/BaLEGce/balegce_ws/install/balegce/share/balegce/package.xml
[1.151s] Invoked command in '/home/tanawatp/BaLEGce/balegce_ws/build/balegce' returned '0': CMAKE_PREFIX_PATH=${CMAKE_PREFIX_PATH}:/home/tanawatp/ros2_workspaceTutorial/install/robot_controller:/opt/ros/humble /usr/bin/cmake --install /home/tanawatp/BaLEGce/balegce_ws/build/balegce
