[0.431s] Invoking command in '/home/tanawatp/BaLEGce/balegce_ws/build/balegce': CMAKE_PREFIX_PATH=${CMAKE_PREFIX_PATH}:/home/tanawatp/ros2_workspaceTutorial/install/robot_controller:/opt/ros/humble /usr/bin/cmake --build /home/tanawatp/BaLEGce/balegce_ws/build/balegce -- -j8 -l8
[0.531s] Built target ament_cmake_python_copy_balegce
[0.850s] running egg_info
[0.851s] writing balegce.egg-info/PKG-INFO
[0.851s] writing dependency_links to balegce.egg-info/dependency_links.txt
[0.851s] writing top-level names to balegce.egg-info/top_level.txt
[0.854s] reading manifest file 'balegce.egg-info/SOURCES.txt'
[0.855s] writing manifest file 'balegce.egg-info/SOURCES.txt'
[0.902s] Built target ament_cmake_python_build_balegce_egg
[0.920s] Invoked command in '/home/tanawatp/BaLEGce/balegce_ws/build/balegce' returned '0': CMAKE_PREFIX_PATH=${CMAKE_PREFIX_PATH}:/home/tanawatp/ros2_workspaceTutorial/install/robot_controller:/opt/ros/humble /usr/bin/cmake --build /home/tanawatp/BaLEGce/balegce_ws/build/balegce -- -j8 -l8
[0.976s] Invoking command in '/home/tanawatp/BaLEGce/balegce_ws/build/balegce': CMAKE_PREFIX_PATH=${CMAKE_PREFIX_PATH}:/home/tanawatp/ros2_workspaceTutorial/install/robot_controller:/opt/ros/humble /usr/bin/cmake --install /home/tanawatp/BaLEGce/balegce_ws/build/balegce
[0.989s] -- Install configuration: ""
[0.989s] -- Up-to-date: /home/tanawatp/BaLEGce/balegce_ws/install/balegce/share/balegce/environment/pythonpath.sh
[0.989s] -- Up-to-date: /home/tanawatp/BaLEGce/balegce_ws/install/balegce/share/balegce/environment/pythonpath.dsv
[0.989s] -- Up-to-date: /home/tanawatp/BaLEGce/balegce_ws/install/balegce/local/lib/python3.10/dist-packages/balegce-0.0.0-py3.10.egg-info
[0.990s] -- Installing: /home/tanawatp/BaLEGce/balegce_ws/install/balegce/local/lib/python3.10/dist-packages/balegce-0.0.0-py3.10.egg-info/dependency_links.txt
[0.990s] -- Installing: /home/tanawatp/BaLEGce/balegce_ws/install/balegce/local/lib/python3.10/dist-packages/balegce-0.0.0-py3.10.egg-info/top_level.txt
[0.990s] -- Installing: /home/tanawatp/BaLEGce/balegce_ws/install/balegce/local/lib/python3.10/dist-packages/balegce-0.0.0-py3.10.egg-info/PKG-INFO
[0.990s] -- Installing: /home/tanawatp/BaLEGce/balegce_ws/install/balegce/local/lib/python3.10/dist-packages/balegce-0.0.0-py3.10.egg-info/SOURCES.txt
[0.991s] -- Up-to-date: /home/tanawatp/BaLEGce/balegce_ws/install/balegce/local/lib/python3.10/dist-packages/balegce
[0.991s] -- Up-to-date: /home/tanawatp/BaLEGce/balegce_ws/install/balegce/local/lib/python3.10/dist-packages/balegce/dummy_module.py
[0.992s] -- Up-to-date: /home/tanawatp/BaLEGce/balegce_ws/install/balegce/local/lib/python3.10/dist-packages/balegce/__init__.py
[1.047s] Listing '/home/tanawatp/BaLEGce/balegce_ws/install/balegce/local/lib/python3.10/dist-packages/balegce'...
[1.055s] -- Up-to-date: /home/tanawatp/BaLEGce/balegce_ws/install/balegce/share/balegce/config
[1.055s] -- Up-to-date: /home/tanawatp/BaLEGce/balegce_ws/install/balegce/share/balegce/config/collision_parameters.yaml
[1.055s] -- Up-to-date: /home/tanawatp/BaLEGce/balegce_ws/install/balegce/share/balegce/config/kinematics_parameters.yaml
[1.055s] -- Up-to-date: /home/tanawatp/BaLEGce/balegce_ws/install/balegce/share/balegce/config/_display2.rviz
[1.055s] -- Up-to-date: /home/tanawatp/BaLEGce/balegce_ws/install/balegce/share/balegce/config/sensor_parameters.yaml
[1.055s] -- Up-to-date: /home/tanawatp/BaLEGce/balegce_ws/install/balegce/share/balegce/config/_display.rviz
[1.055s] -- Up-to-date: /home/tanawatp/BaLEGce/balegce_ws/install/balegce/share/balegce/config/visual_parameters.yaml
[1.055s] -- Up-to-date: /home/tanawatp/BaLEGce/balegce_ws/install/balegce/share/balegce/config/dynamics_parameters.yaml
[1.056s] -- Up-to-date: /home/tanawatp/BaLEGce/balegce_ws/install/balegce/share/balegce/launch
[1.056s] -- Up-to-date: /home/tanawatp/BaLEGce/balegce_ws/install/balegce/share/balegce/launch/display.launch.py
[1.056s] -- Up-to-date: /home/tanawatp/BaLEGce/balegce_ws/install/balegce/share/balegce/robot
[1.056s] -- Up-to-date: /home/tanawatp/BaLEGce/balegce_ws/install/balegce/share/balegce/robot/visual
[1.056s] -- Up-to-date: /home/tanawatp/BaLEGce/balegce_ws/install/balegce/share/balegce/robot/visual/manipulator.xacro
[1.056s] -- Up-to-date: /home/tanawatp/BaLEGce/balegce_ws/install/balegce/share/balegce/robot/visual/robot.xacro
[1.056s] -- Up-to-date: /home/tanawatp/BaLEGce/balegce_ws/install/balegce/share/balegce/robot/visual/sensor.xacro
[1.056s] -- Up-to-date: /home/tanawatp/BaLEGce/balegce_ws/install/balegce/share/balegce/robot/visual/properties.xacro
[1.056s] -- Up-to-date: /home/tanawatp/BaLEGce/balegce_ws/install/balegce/share/balegce/meshes
[1.057s] -- Up-to-date: /home/tanawatp/BaLEGce/balegce_ws/install/balegce/share/balegce/meshes/reactionwheel.stl
[1.057s] -- Up-to-date: /home/tanawatp/BaLEGce/balegce_ws/install/balegce/share/balegce/meshes/body.stl
[1.057s] -- Up-to-date: /home/tanawatp/BaLEGce/balegce_ws/install/balegce/share/balegce/meshes/propeller_1.stl
[1.057s] -- Up-to-date: /home/tanawatp/BaLEGce/balegce_ws/install/balegce/share/balegce/meshes/propeller_2.stl
[1.057s] -- Up-to-date: /home/tanawatp/BaLEGce/balegce_ws/install/balegce/share/balegce/meshes/leg.stl
[1.057s] -- Up-to-date: /home/tanawatp/BaLEGce/balegce_ws/install/balegce/share/ament_index/resource_index/package_run_dependencies/balegce
[1.057s] -- Up-to-date: /home/tanawatp/BaLEGce/balegce_ws/install/balegce/share/ament_index/resource_index/parent_prefix_path/balegce
[1.057s] -- Up-to-date: /home/tanawatp/BaLEGce/balegce_ws/install/balegce/share/balegce/environment/ament_prefix_path.sh
[1.057s] -- Up-to-date: /home/tanawatp/BaLEGce/balegce_ws/install/balegce/share/balegce/environment/ament_prefix_path.dsv
[1.057s] -- Up-to-date: /home/tanawatp/BaLEGce/balegce_ws/install/balegce/share/balegce/environment/path.sh
[1.058s] -- Up-to-date: /home/tanawatp/BaLEGce/balegce_ws/install/balegce/share/balegce/environment/path.dsv
[1.058s] -- Up-to-date: /home/tanawatp/BaLEGce/balegce_ws/install/balegce/share/balegce/local_setup.bash
[1.058s] -- Up-to-date: /home/tanawatp/BaLEGce/balegce_ws/install/balegce/share/balegce/local_setup.sh
[1.058s] -- Up-to-date: /home/tanawatp/BaLEGce/balegce_ws/install/balegce/share/balegce/local_setup.zsh
[1.058s] -- Up-to-date: /home/tanawatp/BaLEGce/balegce_ws/install/balegce/share/balegce/local_setup.dsv
[1.058s] -- Installing: /home/tanawatp/BaLEGce/balegce_ws/install/balegce/share/balegce/package.dsv
[1.058s] -- Up-to-date: /home/tanawatp/BaLEGce/balegce_ws/install/balegce/share/ament_index/resource_index/packages/balegce
[1.058s] -- Up-to-date: /home/tanawatp/BaLEGce/balegce_ws/install/balegce/share/balegce/cmake/balegceConfig.cmake
[1.058s] -- Up-to-date: /home/tanawatp/BaLEGce/balegce_ws/install/balegce/share/balegce/cmake/balegceConfig-version.cmake
[1.058s] -- Up-to-date: /home/tanawatp/BaLEGce/balegce_ws/install/balegce/share/balegce/package.xml
[1.060s] Invoked command in '/home/tanawatp/BaLEGce/balegce_ws/build/balegce' returned '0': CMAKE_PREFIX_PATH=${CMAKE_PREFIX_PATH}:/home/tanawatp/ros2_workspaceTutorial/install/robot_controller:/opt/ros/humble /usr/bin/cmake --install /home/tanawatp/BaLEGce/balegce_ws/build/balegce
