-- The C compiler identification is GNU 11.4.0
-- The CXX compiler identification is GNU 11.4.0
-- Detecting C compiler ABI info
-- Detecting C compiler ABI info - done
-- Check for working C compiler: /usr/bin/cc - skipped
-- Detecting C compile features
-- Detecting C compile features - done
-- Detecting CXX compiler ABI info
-- Detecting CXX compiler ABI info - done
-- Check for working CXX compiler: /usr/bin/c++ - skipped
-- Detecting CXX compile features
-- Detecting CXX compile features - done
-- Found ament_cmake: 1.3.5 (/opt/ros/humble/share/ament_cmake/cmake)
-- Found Python3: /usr/bin/python3.10 (found version "3.10.12") found components: Interpreter 
-- Found rclcpp: 16.0.6 (/opt/ros/humble/share/rclcpp/cmake)
-- Found rosidl_generator_c: 3.1.5 (/opt/ros/humble/share/rosidl_generator_c/cmake)
-- Found rosidl_adapter: 3.1.5 (/opt/ros/humble/share/rosidl_adapter/cmake)
-- Found rosidl_generator_cpp: 3.1.5 (/opt/ros/humble/share/rosidl_generator_cpp/cmake)
-- Using all available rosidl_typesupport_c: rosidl_typesupport_fastrtps_c;rosidl_typesupport_introspection_c
-- Using all available rosidl_typesupport_cpp: rosidl_typesupport_fastrtps_cpp;rosidl_typesupport_introspection_cpp
-- Found rmw_implementation_cmake: 6.1.1 (/opt/ros/humble/share/rmw_implementation_cmake/cmake)
-- Found rmw_fastrtps_cpp: 6.2.4 (/opt/ros/humble/share/rmw_fastrtps_cpp/cmake)
-- Found OpenSSL: /usr/lib/x86_64-linux-gnu/libcrypto.so (found version "3.0.2")  
-- Found FastRTPS: /opt/ros/humble/include  
-- Using RMW implementation 'rmw_fastrtps_cpp' as default
-- Looking for pthread.h
-- Looking for pthread.h - found
-- Performing Test CMAKE_HAVE_LIBC_PTHREAD
-- Performing Test CMAKE_HAVE_LIBC_PTHREAD - Success
-- Found Threads: TRUE  
-- Found rclpy: 3.3.10 (/opt/ros/humble/share/rclpy/cmake)
-- Configuring done
-- Generating done
-- Build files have been written to: /home/tanawatp/BaLEGce/balegce_ws/build/balegce
Built target ament_cmake_python_copy_balegce
running egg_info
creating balegce.egg-info
writing balegce.egg-info/PKG-INFO
writing dependency_links to balegce.egg-info/dependency_links.txt
writing top-level names to balegce.egg-info/top_level.txt
writing manifest file 'balegce.egg-info/SOURCES.txt'
reading manifest file 'balegce.egg-info/SOURCES.txt'
writing manifest file 'balegce.egg-info/SOURCES.txt'
Built target ament_cmake_python_build_balegce_egg
-- Install configuration: ""
-- Installing: /home/tanawatp/BaLEGce/balegce_ws/install/balegce/share/balegce/environment/pythonpath.sh
-- Installing: /home/tanawatp/BaLEGce/balegce_ws/install/balegce/share/balegce/environment/pythonpath.dsv
-- Installing: /home/tanawatp/BaLEGce/balegce_ws/install/balegce/local/lib/python3.10/dist-packages/balegce-0.0.0-py3.10.egg-info
-- Installing: /home/tanawatp/BaLEGce/balegce_ws/install/balegce/local/lib/python3.10/dist-packages/balegce-0.0.0-py3.10.egg-info/dependency_links.txt
-- Installing: /home/tanawatp/BaLEGce/balegce_ws/install/balegce/local/lib/python3.10/dist-packages/balegce-0.0.0-py3.10.egg-info/top_level.txt
-- Installing: /home/tanawatp/BaLEGce/balegce_ws/install/balegce/local/lib/python3.10/dist-packages/balegce-0.0.0-py3.10.egg-info/PKG-INFO
-- Installing: /home/tanawatp/BaLEGce/balegce_ws/install/balegce/local/lib/python3.10/dist-packages/balegce-0.0.0-py3.10.egg-info/SOURCES.txt
-- Installing: /home/tanawatp/BaLEGce/balegce_ws/install/balegce/local/lib/python3.10/dist-packages/balegce
-- Installing: /home/tanawatp/BaLEGce/balegce_ws/install/balegce/local/lib/python3.10/dist-packages/balegce/dummy_module.py
-- Installing: /home/tanawatp/BaLEGce/balegce_ws/install/balegce/local/lib/python3.10/dist-packages/balegce/__init__.py
Listing '/home/tanawatp/BaLEGce/balegce_ws/install/balegce/local/lib/python3.10/dist-packages/balegce'...
Compiling '/home/tanawatp/BaLEGce/balegce_ws/install/balegce/local/lib/python3.10/dist-packages/balegce/__init__.py'...
Compiling '/home/tanawatp/BaLEGce/balegce_ws/install/balegce/local/lib/python3.10/dist-packages/balegce/dummy_module.py'...
-- Installing: /home/tanawatp/BaLEGce/balegce_ws/install/balegce/share/balegce/config
-- Installing: /home/tanawatp/BaLEGce/balegce_ws/install/balegce/share/balegce/config/collision_parameters.yaml
-- Installing: /home/tanawatp/BaLEGce/balegce_ws/install/balegce/share/balegce/config/kinematics_parameters.yaml
-- Installing: /home/tanawatp/BaLEGce/balegce_ws/install/balegce/share/balegce/config/_display2.rviz
-- Installing: /home/tanawatp/BaLEGce/balegce_ws/install/balegce/share/balegce/config/sensor_parameters.yaml
-- Installing: /home/tanawatp/BaLEGce/balegce_ws/install/balegce/share/balegce/config/_display.rviz
-- Installing: /home/tanawatp/BaLEGce/balegce_ws/install/balegce/share/balegce/config/visual_parameters.yaml
-- Installing: /home/tanawatp/BaLEGce/balegce_ws/install/balegce/share/balegce/config/dynamics_parameters.yaml
-- Installing: /home/tanawatp/BaLEGce/balegce_ws/install/balegce/share/balegce/launch
-- Installing: /home/tanawatp/BaLEGce/balegce_ws/install/balegce/share/balegce/launch/display.launch.py
-- Installing: /home/tanawatp/BaLEGce/balegce_ws/install/balegce/share/balegce/robot
-- Installing: /home/tanawatp/BaLEGce/balegce_ws/install/balegce/share/balegce/robot/visual
-- Installing: /home/tanawatp/BaLEGce/balegce_ws/install/balegce/share/balegce/robot/visual/manipulator.xacro
-- Installing: /home/tanawatp/BaLEGce/balegce_ws/install/balegce/share/balegce/robot/visual/robot.xacro
-- Installing: /home/tanawatp/BaLEGce/balegce_ws/install/balegce/share/balegce/robot/visual/sensor.xacro
-- Installing: /home/tanawatp/BaLEGce/balegce_ws/install/balegce/share/balegce/robot/visual/properties.xacro
-- Installing: /home/tanawatp/BaLEGce/balegce_ws/install/balegce/share/balegce/meshes
-- Installing: /home/tanawatp/BaLEGce/balegce_ws/install/balegce/share/balegce/meshes/reactionwheel.stl
-- Installing: /home/tanawatp/BaLEGce/balegce_ws/install/balegce/share/balegce/meshes/body.stl
-- Installing: /home/tanawatp/BaLEGce/balegce_ws/install/balegce/share/balegce/meshes/propeller_1.stl
-- Installing: /home/tanawatp/BaLEGce/balegce_ws/install/balegce/share/balegce/meshes/propeller_2.stl
-- Installing: /home/tanawatp/BaLEGce/balegce_ws/install/balegce/share/balegce/meshes/leg.stl
-- Installing: /home/tanawatp/BaLEGce/balegce_ws/install/balegce/share/ament_index/resource_index/package_run_dependencies/balegce
-- Installing: /home/tanawatp/BaLEGce/balegce_ws/install/balegce/share/ament_index/resource_index/parent_prefix_path/balegce
-- Installing: /home/tanawatp/BaLEGce/balegce_ws/install/balegce/share/balegce/environment/ament_prefix_path.sh
-- Installing: /home/tanawatp/BaLEGce/balegce_ws/install/balegce/share/balegce/environment/ament_prefix_path.dsv
-- Installing: /home/tanawatp/BaLEGce/balegce_ws/install/balegce/share/balegce/environment/path.sh
-- Installing: /home/tanawatp/BaLEGce/balegce_ws/install/balegce/share/balegce/environment/path.dsv
-- Installing: /home/tanawatp/BaLEGce/balegce_ws/install/balegce/share/balegce/local_setup.bash
-- Installing: /home/tanawatp/BaLEGce/balegce_ws/install/balegce/share/balegce/local_setup.sh
-- Installing: /home/tanawatp/BaLEGce/balegce_ws/install/balegce/share/balegce/local_setup.zsh
-- Installing: /home/tanawatp/BaLEGce/balegce_ws/install/balegce/share/balegce/local_setup.dsv
-- Installing: /home/tanawatp/BaLEGce/balegce_ws/install/balegce/share/balegce/package.dsv
-- Installing: /home/tanawatp/BaLEGce/balegce_ws/install/balegce/share/ament_index/resource_index/packages/balegce
-- Installing: /home/tanawatp/BaLEGce/balegce_ws/install/balegce/share/balegce/cmake/balegceConfig.cmake
-- Installing: /home/tanawatp/BaLEGce/balegce_ws/install/balegce/share/balegce/cmake/balegceConfig-version.cmake
-- Installing: /home/tanawatp/BaLEGce/balegce_ws/install/balegce/share/balegce/package.xml
