[0.491s] Invoking command in '/home/tanawatp/BaLEGce/balegce_ws/build/balegce_gazebo': CMAKE_PREFIX_PATH=${CMAKE_PREFIX_PATH}:/home/tanawatp/ros2_workspaceTutorial/install/robot_controller:/opt/ros/humble /usr/bin/cmake --build /home/tanawatp/BaLEGce/balegce_ws/build/balegce_gazebo -- -j8 -l8
[0.569s] [35m[1mConsolidate compiler generated dependencies of target cpp_node_test[0m
[0.608s] [100%] Built target cpp_node_test
[0.617s] [100%] Built target ament_cmake_python_copy_balegce_gazebo
[0.999s] running egg_info
[1.001s] writing balegce_gazebo.egg-info/PKG-INFO
[1.002s] writing dependency_links to balegce_gazebo.egg-info/dependency_links.txt
[1.002s] writing top-level names to balegce_gazebo.egg-info/top_level.txt
[1.005s] reading manifest file 'balegce_gazebo.egg-info/SOURCES.txt'
[1.008s] writing manifest file 'balegce_gazebo.egg-info/SOURCES.txt'
[1.066s] [100%] Built target ament_cmake_python_build_balegce_gazebo_egg
[1.090s] Invoked command in '/home/tanawatp/BaLEGce/balegce_ws/build/balegce_gazebo' returned '0': CMAKE_PREFIX_PATH=${CMAKE_PREFIX_PATH}:/home/tanawatp/ros2_workspaceTutorial/install/robot_controller:/opt/ros/humble /usr/bin/cmake --build /home/tanawatp/BaLEGce/balegce_ws/build/balegce_gazebo -- -j8 -l8
[1.161s] Invoking command in '/home/tanawatp/BaLEGce/balegce_ws/build/balegce_gazebo': CMAKE_PREFIX_PATH=${CMAKE_PREFIX_PATH}:/home/tanawatp/ros2_workspaceTutorial/install/robot_controller:/opt/ros/humble /usr/bin/cmake --install /home/tanawatp/BaLEGce/balegce_ws/build/balegce_gazebo
[1.180s] -- Install configuration: ""
[1.180s] -- Up-to-date: /home/tanawatp/BaLEGce/balegce_ws/install/balegce_gazebo/share/balegce_gazebo/environment/pythonpath.sh
[1.180s] -- Up-to-date: /home/tanawatp/BaLEGce/balegce_ws/install/balegce_gazebo/share/balegce_gazebo/environment/pythonpath.dsv
[1.182s] -- Up-to-date: /home/tanawatp/BaLEGce/balegce_ws/install/balegce_gazebo/local/lib/python3.10/dist-packages/balegce_gazebo-0.0.0-py3.10.egg-info
[1.182s] -- Installing: /home/tanawatp/BaLEGce/balegce_ws/install/balegce_gazebo/local/lib/python3.10/dist-packages/balegce_gazebo-0.0.0-py3.10.egg-info/dependency_links.txt
[1.184s] -- Installing: /home/tanawatp/BaLEGce/balegce_ws/install/balegce_gazebo/local/lib/python3.10/dist-packages/balegce_gazebo-0.0.0-py3.10.egg-info/top_level.txt
[1.184s] -- Installing: /home/tanawatp/BaLEGce/balegce_ws/install/balegce_gazebo/local/lib/python3.10/dist-packages/balegce_gazebo-0.0.0-py3.10.egg-info/PKG-INFO
[1.184s] -- Installing: /home/tanawatp/BaLEGce/balegce_ws/install/balegce_gazebo/local/lib/python3.10/dist-packages/balegce_gazebo-0.0.0-py3.10.egg-info/SOURCES.txt
[1.184s] -- Up-to-date: /home/tanawatp/BaLEGce/balegce_ws/install/balegce_gazebo/local/lib/python3.10/dist-packages/balegce_gazebo
[1.184s] -- Up-to-date: /home/tanawatp/BaLEGce/balegce_ws/install/balegce_gazebo/local/lib/python3.10/dist-packages/balegce_gazebo/dummy_module.py
[1.185s] -- Up-to-date: /home/tanawatp/BaLEGce/balegce_ws/install/balegce_gazebo/local/lib/python3.10/dist-packages/balegce_gazebo/__init__.py
[1.250s] Listing '/home/tanawatp/BaLEGce/balegce_ws/install/balegce_gazebo/local/lib/python3.10/dist-packages/balegce_gazebo'...
[1.260s] -- Up-to-date: /home/tanawatp/BaLEGce/balegce_ws/install/balegce_gazebo/lib/balegce_gazebo/dummy_script.py
[1.260s] -- Up-to-date: /home/tanawatp/BaLEGce/balegce_ws/install/balegce_gazebo/lib/balegce_gazebo/cpp_node_test
[1.260s] -- Up-to-date: /home/tanawatp/BaLEGce/balegce_ws/install/balegce_gazebo/share/balegce_gazebo/launch
[1.261s] -- Up-to-date: /home/tanawatp/BaLEGce/balegce_ws/install/balegce_gazebo/share/balegce_gazebo/launch/balegce.launch.py
[1.261s] -- Up-to-date: /home/tanawatp/BaLEGce/balegce_ws/install/balegce_gazebo/share/balegce_gazebo/launch/spawn.launch.py
[1.261s] -- Up-to-date: /home/tanawatp/BaLEGce/balegce_ws/install/balegce_gazebo/share/balegce_gazebo/robot
[1.261s] -- Up-to-date: /home/tanawatp/BaLEGce/balegce_ws/install/balegce_gazebo/share/balegce_gazebo/robot/balegce_controller.gazebo.xacro
[1.261s] -- Up-to-date: /home/tanawatp/BaLEGce/balegce_ws/install/balegce_gazebo/share/balegce_gazebo/robot/balegce_sensor.gazebo.xacro
[1.261s] -- Up-to-date: /home/tanawatp/BaLEGce/balegce_ws/install/balegce_gazebo/share/balegce_gazebo/robot/balegce.gazebo.xacro
[1.261s] -- Up-to-date: /home/tanawatp/BaLEGce/balegce_ws/install/balegce_gazebo/share/balegce_gazebo/config
[1.262s] -- Up-to-date: /home/tanawatp/BaLEGce/balegce_ws/install/balegce_gazebo/share/balegce_gazebo/config/controller_config.yaml
[1.262s] -- Up-to-date: /home/tanawatp/BaLEGce/balegce_ws/install/balegce_gazebo/share/ament_index/resource_index/package_run_dependencies/balegce_gazebo
[1.262s] -- Up-to-date: /home/tanawatp/BaLEGce/balegce_ws/install/balegce_gazebo/share/ament_index/resource_index/parent_prefix_path/balegce_gazebo
[1.262s] -- Up-to-date: /home/tanawatp/BaLEGce/balegce_ws/install/balegce_gazebo/share/balegce_gazebo/environment/ament_prefix_path.sh
[1.262s] -- Up-to-date: /home/tanawatp/BaLEGce/balegce_ws/install/balegce_gazebo/share/balegce_gazebo/environment/ament_prefix_path.dsv
[1.262s] -- Up-to-date: /home/tanawatp/BaLEGce/balegce_ws/install/balegce_gazebo/share/balegce_gazebo/environment/path.sh
[1.262s] -- Up-to-date: /home/tanawatp/BaLEGce/balegce_ws/install/balegce_gazebo/share/balegce_gazebo/environment/path.dsv
[1.263s] -- Up-to-date: /home/tanawatp/BaLEGce/balegce_ws/install/balegce_gazebo/share/balegce_gazebo/local_setup.bash
[1.263s] -- Up-to-date: /home/tanawatp/BaLEGce/balegce_ws/install/balegce_gazebo/share/balegce_gazebo/local_setup.sh
[1.263s] -- Up-to-date: /home/tanawatp/BaLEGce/balegce_ws/install/balegce_gazebo/share/balegce_gazebo/local_setup.zsh
[1.263s] -- Up-to-date: /home/tanawatp/BaLEGce/balegce_ws/install/balegce_gazebo/share/balegce_gazebo/local_setup.dsv
[1.263s] -- Installing: /home/tanawatp/BaLEGce/balegce_ws/install/balegce_gazebo/share/balegce_gazebo/package.dsv
[1.263s] -- Up-to-date: /home/tanawatp/BaLEGce/balegce_ws/install/balegce_gazebo/share/ament_index/resource_index/packages/balegce_gazebo
[1.264s] -- Up-to-date: /home/tanawatp/BaLEGce/balegce_ws/install/balegce_gazebo/share/balegce_gazebo/cmake/balegce_gazeboConfig.cmake
[1.264s] -- Up-to-date: /home/tanawatp/BaLEGce/balegce_ws/install/balegce_gazebo/share/balegce_gazebo/cmake/balegce_gazeboConfig-version.cmake
[1.265s] -- Up-to-date: /home/tanawatp/BaLEGce/balegce_ws/install/balegce_gazebo/share/balegce_gazebo/package.xml
[1.272s] Invoked command in '/home/tanawatp/BaLEGce/balegce_ws/build/balegce_gazebo' returned '0': CMAKE_PREFIX_PATH=${CMAKE_PREFIX_PATH}:/home/tanawatp/ros2_workspaceTutorial/install/robot_controller:/opt/ros/humble /usr/bin/cmake --install /home/tanawatp/BaLEGce/balegce_ws/build/balegce_gazebo
