[0.275s] Invoking command in '/home/tanawatp/BaLEGce/balegce_ws/build/balegce_gazebo': CMAKE_PREFIX_PATH=${CMAKE_PREFIX_PATH}:/home/tanawatp/ros2_workspaceTutorial/install/robot_controller:/opt/ros/humble /usr/bin/cmake --build /home/tanawatp/BaLEGce/balegce_ws/build/balegce_gazebo -- -j8 -l8
[0.376s] [100%] Built target cpp_node_test
[0.387s] [100%] Built target ament_cmake_python_copy_balegce_gazebo
[0.725s] running egg_info
[0.726s] writing balegce_gazebo.egg-info/PKG-INFO
[0.726s] writing dependency_links to balegce_gazebo.egg-info/dependency_links.txt
[0.727s] writing top-level names to balegce_gazebo.egg-info/top_level.txt
[0.729s] reading manifest file 'balegce_gazebo.egg-info/SOURCES.txt'
[0.730s] writing manifest file 'balegce_gazebo.egg-info/SOURCES.txt'
[0.783s] [100%] Built target ament_cmake_python_build_balegce_gazebo_egg
[0.801s] Invoked command in '/home/tanawatp/BaLEGce/balegce_ws/build/balegce_gazebo' returned '0': CMAKE_PREFIX_PATH=${CMAKE_PREFIX_PATH}:/home/tanawatp/ros2_workspaceTutorial/install/robot_controller:/opt/ros/humble /usr/bin/cmake --build /home/tanawatp/BaLEGce/balegce_ws/build/balegce_gazebo -- -j8 -l8
[0.856s] Invoking command in '/home/tanawatp/BaLEGce/balegce_ws/build/balegce_gazebo': CMAKE_PREFIX_PATH=${CMAKE_PREFIX_PATH}:/home/tanawatp/ros2_workspaceTutorial/install/robot_controller:/opt/ros/humble /usr/bin/cmake --install /home/tanawatp/BaLEGce/balegce_ws/build/balegce_gazebo
[0.867s] -- Install configuration: ""
[0.867s] -- Up-to-date: /home/tanawatp/BaLEGce/balegce_ws/install/balegce_gazebo/share/balegce_gazebo/environment/pythonpath.sh
[0.868s] -- Up-to-date: /home/tanawatp/BaLEGce/balegce_ws/install/balegce_gazebo/share/balegce_gazebo/environment/pythonpath.dsv
[0.868s] -- Up-to-date: /home/tanawatp/BaLEGce/balegce_ws/install/balegce_gazebo/local/lib/python3.10/dist-packages/balegce_gazebo-0.0.0-py3.10.egg-info
[0.868s] -- Installing: /home/tanawatp/BaLEGce/balegce_ws/install/balegce_gazebo/local/lib/python3.10/dist-packages/balegce_gazebo-0.0.0-py3.10.egg-info/dependency_links.txt
[0.869s] -- Installing: /home/tanawatp/BaLEGce/balegce_ws/install/balegce_gazebo/local/lib/python3.10/dist-packages/balegce_gazebo-0.0.0-py3.10.egg-info/top_level.txt
[0.869s] -- Installing: /home/tanawatp/BaLEGce/balegce_ws/install/balegce_gazebo/local/lib/python3.10/dist-packages/balegce_gazebo-0.0.0-py3.10.egg-info/PKG-INFO
[0.869s] -- Installing: /home/tanawatp/BaLEGce/balegce_ws/install/balegce_gazebo/local/lib/python3.10/dist-packages/balegce_gazebo-0.0.0-py3.10.egg-info/SOURCES.txt
[0.870s] -- Up-to-date: /home/tanawatp/BaLEGce/balegce_ws/install/balegce_gazebo/local/lib/python3.10/dist-packages/balegce_gazebo
[0.870s] -- Up-to-date: /home/tanawatp/BaLEGce/balegce_ws/install/balegce_gazebo/local/lib/python3.10/dist-packages/balegce_gazebo/dummy_module.py
[0.871s] -- Up-to-date: /home/tanawatp/BaLEGce/balegce_ws/install/balegce_gazebo/local/lib/python3.10/dist-packages/balegce_gazebo/__init__.py
[0.919s] Listing '/home/tanawatp/BaLEGce/balegce_ws/install/balegce_gazebo/local/lib/python3.10/dist-packages/balegce_gazebo'...
[0.929s] -- Up-to-date: /home/tanawatp/BaLEGce/balegce_ws/install/balegce_gazebo/lib/balegce_gazebo/dummy_script.py
[0.931s] -- Up-to-date: /home/tanawatp/BaLEGce/balegce_ws/install/balegce_gazebo/lib/balegce_gazebo/cpp_node_test
[0.932s] -- Up-to-date: /home/tanawatp/BaLEGce/balegce_ws/install/balegce_gazebo/share/balegce_gazebo/launch
[0.934s] -- Up-to-date: /home/tanawatp/BaLEGce/balegce_ws/install/balegce_gazebo/share/balegce_gazebo/launch/spawn.launch.py
[0.935s] -- Up-to-date: /home/tanawatp/BaLEGce/balegce_ws/install/balegce_gazebo/share/balegce_gazebo/robot
[0.935s] -- Up-to-date: /home/tanawatp/BaLEGce/balegce_ws/install/balegce_gazebo/share/balegce_gazebo/robot/balegce.gazebo.xacro
[0.936s] -- Up-to-date: /home/tanawatp/BaLEGce/balegce_ws/install/balegce_gazebo/share/balegce_gazebo/config
[0.937s] -- Up-to-date: /home/tanawatp/BaLEGce/balegce_ws/install/balegce_gazebo/share/balegce_gazebo/config/controller_config.yaml
[0.938s] -- Up-to-date: /home/tanawatp/BaLEGce/balegce_ws/install/balegce_gazebo/share/ament_index/resource_index/package_run_dependencies/balegce_gazebo
[0.939s] -- Up-to-date: /home/tanawatp/BaLEGce/balegce_ws/install/balegce_gazebo/share/ament_index/resource_index/parent_prefix_path/balegce_gazebo
[0.939s] -- Up-to-date: /home/tanawatp/BaLEGce/balegce_ws/install/balegce_gazebo/share/balegce_gazebo/environment/ament_prefix_path.sh
[0.940s] -- Up-to-date: /home/tanawatp/BaLEGce/balegce_ws/install/balegce_gazebo/share/balegce_gazebo/environment/ament_prefix_path.dsv
[0.940s] -- Up-to-date: /home/tanawatp/BaLEGce/balegce_ws/install/balegce_gazebo/share/balegce_gazebo/environment/path.sh
[0.941s] -- Up-to-date: /home/tanawatp/BaLEGce/balegce_ws/install/balegce_gazebo/share/balegce_gazebo/environment/path.dsv
[0.942s] -- Up-to-date: /home/tanawatp/BaLEGce/balegce_ws/install/balegce_gazebo/share/balegce_gazebo/local_setup.bash
[0.942s] -- Up-to-date: /home/tanawatp/BaLEGce/balegce_ws/install/balegce_gazebo/share/balegce_gazebo/local_setup.sh
[0.942s] -- Up-to-date: /home/tanawatp/BaLEGce/balegce_ws/install/balegce_gazebo/share/balegce_gazebo/local_setup.zsh
[0.942s] -- Up-to-date: /home/tanawatp/BaLEGce/balegce_ws/install/balegce_gazebo/share/balegce_gazebo/local_setup.dsv
[0.943s] -- Installing: /home/tanawatp/BaLEGce/balegce_ws/install/balegce_gazebo/share/balegce_gazebo/package.dsv
[0.943s] -- Up-to-date: /home/tanawatp/BaLEGce/balegce_ws/install/balegce_gazebo/share/ament_index/resource_index/packages/balegce_gazebo
[0.943s] -- Up-to-date: /home/tanawatp/BaLEGce/balegce_ws/install/balegce_gazebo/share/balegce_gazebo/cmake/balegce_gazeboConfig.cmake
[0.944s] -- Up-to-date: /home/tanawatp/BaLEGce/balegce_ws/install/balegce_gazebo/share/balegce_gazebo/cmake/balegce_gazeboConfig-version.cmake
[0.944s] -- Up-to-date: /home/tanawatp/BaLEGce/balegce_ws/install/balegce_gazebo/share/balegce_gazebo/package.xml
[1.102s] Invoked command in '/home/tanawatp/BaLEGce/balegce_ws/build/balegce_gazebo' returned '0': CMAKE_PREFIX_PATH=${CMAKE_PREFIX_PATH}:/home/tanawatp/ros2_workspaceTutorial/install/robot_controller:/opt/ros/humble /usr/bin/cmake --install /home/tanawatp/BaLEGce/balegce_ws/build/balegce_gazebo
