[0.332s] Invoking command in '/home/tanawatp/BaLEGce/balegce_ws/build/motor_control': CMAKE_PREFIX_PATH=${CMAKE_PREFIX_PATH}:/home/tanawatp/ros2_workspaceTutorial/install/robot_controller:/opt/ros/humble /usr/bin/cmake --build /home/tanawatp/BaLEGce/balegce_ws/build/motor_control -- -j8 -l8
[0.407s] [35m[1mConsolidate compiler generated dependencies of target cpp_node_test[0m
[0.433s] [100%] Built target cpp_node_test
[0.461s] [100%] Built target ament_cmake_python_copy_motor_control
[0.937s] running egg_info
[0.938s] writing motor_control.egg-info/PKG-INFO
[0.939s] writing dependency_links to motor_control.egg-info/dependency_links.txt
[0.939s] writing top-level names to motor_control.egg-info/top_level.txt
[0.947s] reading manifest file 'motor_control.egg-info/SOURCES.txt'
[0.947s] writing manifest file 'motor_control.egg-info/SOURCES.txt'
[1.014s] [100%] Built target ament_cmake_python_build_motor_control_egg
[1.037s] Invoked command in '/home/tanawatp/BaLEGce/balegce_ws/build/motor_control' returned '0': CMAKE_PREFIX_PATH=${CMAKE_PREFIX_PATH}:/home/tanawatp/ros2_workspaceTutorial/install/robot_controller:/opt/ros/humble /usr/bin/cmake --build /home/tanawatp/BaLEGce/balegce_ws/build/motor_control -- -j8 -l8
[1.094s] Invoking command in '/home/tanawatp/BaLEGce/balegce_ws/build/motor_control': CMAKE_PREFIX_PATH=${CMAKE_PREFIX_PATH}:/home/tanawatp/ros2_workspaceTutorial/install/robot_controller:/opt/ros/humble /usr/bin/cmake --install /home/tanawatp/BaLEGce/balegce_ws/build/motor_control
[1.121s] -- Install configuration: ""
[1.121s] -- Up-to-date: /home/tanawatp/BaLEGce/balegce_ws/install/motor_control/share/motor_control/environment/pythonpath.sh
[1.121s] -- Up-to-date: /home/tanawatp/BaLEGce/balegce_ws/install/motor_control/share/motor_control/environment/pythonpath.dsv
[1.121s] -- Up-to-date: /home/tanawatp/BaLEGce/balegce_ws/install/motor_control/local/lib/python3.10/dist-packages/motor_control-0.0.0-py3.10.egg-info
[1.121s] -- Installing: /home/tanawatp/BaLEGce/balegce_ws/install/motor_control/local/lib/python3.10/dist-packages/motor_control-0.0.0-py3.10.egg-info/dependency_links.txt
[1.122s] -- Installing: /home/tanawatp/BaLEGce/balegce_ws/install/motor_control/local/lib/python3.10/dist-packages/motor_control-0.0.0-py3.10.egg-info/top_level.txt
[1.122s] -- Installing: /home/tanawatp/BaLEGce/balegce_ws/install/motor_control/local/lib/python3.10/dist-packages/motor_control-0.0.0-py3.10.egg-info/PKG-INFO
[1.122s] -- Installing: /home/tanawatp/BaLEGce/balegce_ws/install/motor_control/local/lib/python3.10/dist-packages/motor_control-0.0.0-py3.10.egg-info/SOURCES.txt
[1.122s] -- Up-to-date: /home/tanawatp/BaLEGce/balegce_ws/install/motor_control/local/lib/python3.10/dist-packages/motor_control
[1.122s] -- Up-to-date: /home/tanawatp/BaLEGce/balegce_ws/install/motor_control/local/lib/python3.10/dist-packages/motor_control/dummy_module.py
[1.122s] -- Up-to-date: /home/tanawatp/BaLEGce/balegce_ws/install/motor_control/local/lib/python3.10/dist-packages/motor_control/__init__.py
[1.180s] Listing '/home/tanawatp/BaLEGce/balegce_ws/install/motor_control/local/lib/python3.10/dist-packages/motor_control'...
[1.187s] -- Up-to-date: /home/tanawatp/BaLEGce/balegce_ws/install/motor_control/lib/motor_control/dummy_script.py
[1.187s] -- Up-to-date: /home/tanawatp/BaLEGce/balegce_ws/install/motor_control/lib/motor_control/cpp_node_test
[1.187s] -- Up-to-date: /home/tanawatp/BaLEGce/balegce_ws/install/motor_control/share/motor_control/launch
[1.188s] -- Up-to-date: /home/tanawatp/BaLEGce/balegce_ws/install/motor_control/share/motor_control/launch/display.launch.py
[1.188s] -- Up-to-date: /home/tanawatp/BaLEGce/balegce_ws/install/motor_control/share/motor_control/robot
[1.189s] -- Up-to-date: /home/tanawatp/BaLEGce/balegce_ws/install/motor_control/share/motor_control/robot/dynamics
[1.189s] -- Up-to-date: /home/tanawatp/BaLEGce/balegce_ws/install/motor_control/share/motor_control/robot/dynamics/manipulator.xacro
[1.189s] -- Up-to-date: /home/tanawatp/BaLEGce/balegce_ws/install/motor_control/share/motor_control/robot/dynamics/robotDynamics.xacro
[1.189s] -- Up-to-date: /home/tanawatp/BaLEGce/balegce_ws/install/motor_control/share/motor_control/robot/visual
[1.190s] -- Up-to-date: /home/tanawatp/BaLEGce/balegce_ws/install/motor_control/share/motor_control/robot/visual/manipulator.xacro
[1.190s] -- Up-to-date: /home/tanawatp/BaLEGce/balegce_ws/install/motor_control/share/motor_control/robot/visual/robot.xacro
[1.190s] -- Up-to-date: /home/tanawatp/BaLEGce/balegce_ws/install/motor_control/share/motor_control/robot/visual/motor.xacro
[1.190s] -- Up-to-date: /home/tanawatp/BaLEGce/balegce_ws/install/motor_control/share/motor_control/robot/visual/properties.xacro
[1.190s] -- Up-to-date: /home/tanawatp/BaLEGce/balegce_ws/install/motor_control/share/motor_control/meshes
[1.190s] -- Up-to-date: /home/tanawatp/BaLEGce/balegce_ws/install/motor_control/share/motor_control/meshes/Propeller v1.STL
[1.190s] -- Up-to-date: /home/tanawatp/BaLEGce/balegce_ws/install/motor_control/share/motor_control/meshes/Stupid_Pointer.stl
[1.190s] -- Up-to-date: /home/tanawatp/BaLEGce/balegce_ws/install/motor_control/share/motor_control/meshes/motor.stl
[1.191s] -- Up-to-date: /home/tanawatp/BaLEGce/balegce_ws/install/motor_control/share/motor_control/meshes/assem_rectionwheel.STL
[1.191s] -- Up-to-date: /home/tanawatp/BaLEGce/balegce_ws/install/motor_control/share/motor_control/meshes/assem_leg.STL
[1.191s] -- Up-to-date: /home/tanawatp/BaLEGce/balegce_ws/install/motor_control/share/ament_index/resource_index/package_run_dependencies/motor_control
[1.191s] -- Up-to-date: /home/tanawatp/BaLEGce/balegce_ws/install/motor_control/share/ament_index/resource_index/parent_prefix_path/motor_control
[1.192s] -- Up-to-date: /home/tanawatp/BaLEGce/balegce_ws/install/motor_control/share/motor_control/environment/ament_prefix_path.sh
[1.192s] -- Up-to-date: /home/tanawatp/BaLEGce/balegce_ws/install/motor_control/share/motor_control/environment/ament_prefix_path.dsv
[1.192s] -- Up-to-date: /home/tanawatp/BaLEGce/balegce_ws/install/motor_control/share/motor_control/environment/path.sh
[1.192s] -- Up-to-date: /home/tanawatp/BaLEGce/balegce_ws/install/motor_control/share/motor_control/environment/path.dsv
[1.192s] -- Up-to-date: /home/tanawatp/BaLEGce/balegce_ws/install/motor_control/share/motor_control/local_setup.bash
[1.193s] -- Up-to-date: /home/tanawatp/BaLEGce/balegce_ws/install/motor_control/share/motor_control/local_setup.sh
[1.193s] -- Up-to-date: /home/tanawatp/BaLEGce/balegce_ws/install/motor_control/share/motor_control/local_setup.zsh
[1.193s] -- Up-to-date: /home/tanawatp/BaLEGce/balegce_ws/install/motor_control/share/motor_control/local_setup.dsv
[1.193s] -- Installing: /home/tanawatp/BaLEGce/balegce_ws/install/motor_control/share/motor_control/package.dsv
[1.193s] -- Up-to-date: /home/tanawatp/BaLEGce/balegce_ws/install/motor_control/share/ament_index/resource_index/packages/motor_control
[1.194s] -- Up-to-date: /home/tanawatp/BaLEGce/balegce_ws/install/motor_control/share/motor_control/cmake/motor_controlConfig.cmake
[1.194s] -- Up-to-date: /home/tanawatp/BaLEGce/balegce_ws/install/motor_control/share/motor_control/cmake/motor_controlConfig-version.cmake
[1.194s] -- Up-to-date: /home/tanawatp/BaLEGce/balegce_ws/install/motor_control/share/motor_control/package.xml
[1.411s] Invoked command in '/home/tanawatp/BaLEGce/balegce_ws/build/motor_control' returned '0': CMAKE_PREFIX_PATH=${CMAKE_PREFIX_PATH}:/home/tanawatp/ros2_workspaceTutorial/install/robot_controller:/opt/ros/humble /usr/bin/cmake --install /home/tanawatp/BaLEGce/balegce_ws/build/motor_control
