[0.297s] Invoking command in '/home/tanawatp/BaLEGce/balegce_ws/build/balegce_gazebo': CMAKE_PREFIX_PATH=${CMAKE_PREFIX_PATH}:/home/tanawatp/ros2_workspaceTutorial/install/robot_controller:/opt/ros/humble /usr/bin/cmake --build /home/tanawatp/BaLEGce/balegce_ws/build/balegce_gazebo -- -j8 -l8
[0.355s] -- Found ament_cmake: 1.3.5 (/opt/ros/humble/share/ament_cmake/cmake)
[0.618s] -- Found rclcpp: 16.0.6 (/opt/ros/humble/share/rclcpp/cmake)
[0.672s] -- Found rosidl_generator_c: 3.1.5 (/opt/ros/humble/share/rosidl_generator_c/cmake)
[0.676s] -- Found rosidl_adapter: 3.1.5 (/opt/ros/humble/share/rosidl_adapter/cmake)
[0.688s] -- Found rosidl_generator_cpp: 3.1.5 (/opt/ros/humble/share/rosidl_generator_cpp/cmake)
[0.706s] -- Using all available rosidl_typesupport_c: rosidl_typesupport_fastrtps_c;rosidl_typesupport_introspection_c
[0.729s] -- Using all available rosidl_typesupport_cpp: rosidl_typesupport_fastrtps_cpp;rosidl_typesupport_introspection_cpp
[0.815s] -- Found rmw_implementation_cmake: 6.1.1 (/opt/ros/humble/share/rmw_implementation_cmake/cmake)
[0.819s] -- Found rmw_fastrtps_cpp: 6.2.4 (/opt/ros/humble/share/rmw_fastrtps_cpp/cmake)
[1.044s] -- Using RMW implementation 'rmw_fastrtps_cpp' as default
[1.271s] -- Found rclpy: 3.3.10 (/opt/ros/humble/share/rclpy/cmake)
[1.440s] -- Configuring done
[1.454s] -- Generating done
[1.457s] -- Build files have been written to: /home/tanawatp/BaLEGce/balegce_ws/build/balegce_gazebo
[1.494s] [35m[1mConsolidate compiler generated dependencies of target cpp_node_test[0m
[1.514s] [ 50%] [32m[1mLinking CXX executable cpp_node_test[0m
[1.521s] [ 50%] Built target ament_cmake_python_copy_balegce_gazebo
[1.668s] [100%] Built target cpp_node_test
[1.855s] running egg_info
[1.856s] writing balegce_gazebo.egg-info/PKG-INFO
[1.856s] writing dependency_links to balegce_gazebo.egg-info/dependency_links.txt
[1.857s] writing top-level names to balegce_gazebo.egg-info/top_level.txt
[1.859s] reading manifest file 'balegce_gazebo.egg-info/SOURCES.txt'
[1.860s] writing manifest file 'balegce_gazebo.egg-info/SOURCES.txt'
[1.900s] [100%] Built target ament_cmake_python_build_balegce_gazebo_egg
[1.930s] Invoked command in '/home/tanawatp/BaLEGce/balegce_ws/build/balegce_gazebo' returned '0': CMAKE_PREFIX_PATH=${CMAKE_PREFIX_PATH}:/home/tanawatp/ros2_workspaceTutorial/install/robot_controller:/opt/ros/humble /usr/bin/cmake --build /home/tanawatp/BaLEGce/balegce_ws/build/balegce_gazebo -- -j8 -l8
[1.989s] Invoking command in '/home/tanawatp/BaLEGce/balegce_ws/build/balegce_gazebo': CMAKE_PREFIX_PATH=${CMAKE_PREFIX_PATH}:/home/tanawatp/ros2_workspaceTutorial/install/robot_controller:/opt/ros/humble /usr/bin/cmake --install /home/tanawatp/BaLEGce/balegce_ws/build/balegce_gazebo
[2.000s] -- Install configuration: ""
[2.000s] -- Up-to-date: /home/tanawatp/BaLEGce/balegce_ws/install/balegce_gazebo/share/balegce_gazebo/environment/pythonpath.sh
[2.000s] -- Installing: /home/tanawatp/BaLEGce/balegce_ws/install/balegce_gazebo/share/balegce_gazebo/environment/pythonpath.dsv
[2.001s] -- Up-to-date: /home/tanawatp/BaLEGce/balegce_ws/install/balegce_gazebo/local/lib/python3.10/dist-packages/balegce_gazebo-0.0.0-py3.10.egg-info
[2.001s] -- Installing: /home/tanawatp/BaLEGce/balegce_ws/install/balegce_gazebo/local/lib/python3.10/dist-packages/balegce_gazebo-0.0.0-py3.10.egg-info/dependency_links.txt
[2.001s] -- Installing: /home/tanawatp/BaLEGce/balegce_ws/install/balegce_gazebo/local/lib/python3.10/dist-packages/balegce_gazebo-0.0.0-py3.10.egg-info/top_level.txt
[2.001s] -- Installing: /home/tanawatp/BaLEGce/balegce_ws/install/balegce_gazebo/local/lib/python3.10/dist-packages/balegce_gazebo-0.0.0-py3.10.egg-info/PKG-INFO
[2.001s] -- Installing: /home/tanawatp/BaLEGce/balegce_ws/install/balegce_gazebo/local/lib/python3.10/dist-packages/balegce_gazebo-0.0.0-py3.10.egg-info/SOURCES.txt
[2.001s] -- Up-to-date: /home/tanawatp/BaLEGce/balegce_ws/install/balegce_gazebo/local/lib/python3.10/dist-packages/balegce_gazebo
[2.001s] -- Up-to-date: /home/tanawatp/BaLEGce/balegce_ws/install/balegce_gazebo/local/lib/python3.10/dist-packages/balegce_gazebo/dummy_module.py
[2.002s] -- Up-to-date: /home/tanawatp/BaLEGce/balegce_ws/install/balegce_gazebo/local/lib/python3.10/dist-packages/balegce_gazebo/__init__.py
[2.045s] Listing '/home/tanawatp/BaLEGce/balegce_ws/install/balegce_gazebo/local/lib/python3.10/dist-packages/balegce_gazebo'...
[2.050s] -- Up-to-date: /home/tanawatp/BaLEGce/balegce_ws/install/balegce_gazebo/lib/balegce_gazebo/dummy_script.py
[2.050s] -- Installing: /home/tanawatp/BaLEGce/balegce_ws/install/balegce_gazebo/lib/balegce_gazebo/stupid_velocity_controller.py
[2.051s] -- Installing: /home/tanawatp/BaLEGce/balegce_ws/install/balegce_gazebo/lib/balegce_gazebo/cpp_node_test
[2.051s] -- Set runtime path of "/home/tanawatp/BaLEGce/balegce_ws/install/balegce_gazebo/lib/balegce_gazebo/cpp_node_test" to ""
[2.051s] -- Up-to-date: /home/tanawatp/BaLEGce/balegce_ws/install/balegce_gazebo/share/balegce_gazebo/launch
[2.052s] -- Up-to-date: /home/tanawatp/BaLEGce/balegce_ws/install/balegce_gazebo/share/balegce_gazebo/launch/spawn.launch.py
[2.052s] -- Up-to-date: /home/tanawatp/BaLEGce/balegce_ws/install/balegce_gazebo/share/balegce_gazebo/robot
[2.052s] -- Up-to-date: /home/tanawatp/BaLEGce/balegce_ws/install/balegce_gazebo/share/balegce_gazebo/robot/balegce_controller.gazebo.xacro
[2.052s] -- Up-to-date: /home/tanawatp/BaLEGce/balegce_ws/install/balegce_gazebo/share/balegce_gazebo/robot/balegce_sensor.gazebo.xacro
[2.052s] -- Up-to-date: /home/tanawatp/BaLEGce/balegce_ws/install/balegce_gazebo/share/balegce_gazebo/robot/balegce.gazebo.xacro
[2.052s] -- Up-to-date: /home/tanawatp/BaLEGce/balegce_ws/install/balegce_gazebo/share/balegce_gazebo/config
[2.052s] -- Up-to-date: /home/tanawatp/BaLEGce/balegce_ws/install/balegce_gazebo/share/balegce_gazebo/config/controller_config.yaml
[2.052s] -- Up-to-date: /home/tanawatp/BaLEGce/balegce_ws/install/balegce_gazebo/share/ament_index/resource_index/package_run_dependencies/balegce_gazebo
[2.053s] -- Installing: /home/tanawatp/BaLEGce/balegce_ws/install/balegce_gazebo/share/ament_index/resource_index/parent_prefix_path/balegce_gazebo
[2.053s] -- Up-to-date: /home/tanawatp/BaLEGce/balegce_ws/install/balegce_gazebo/share/balegce_gazebo/environment/ament_prefix_path.sh
[2.053s] -- Installing: /home/tanawatp/BaLEGce/balegce_ws/install/balegce_gazebo/share/balegce_gazebo/environment/ament_prefix_path.dsv
[2.053s] -- Up-to-date: /home/tanawatp/BaLEGce/balegce_ws/install/balegce_gazebo/share/balegce_gazebo/environment/path.sh
[2.053s] -- Installing: /home/tanawatp/BaLEGce/balegce_ws/install/balegce_gazebo/share/balegce_gazebo/environment/path.dsv
[2.053s] -- Up-to-date: /home/tanawatp/BaLEGce/balegce_ws/install/balegce_gazebo/share/balegce_gazebo/local_setup.bash
[2.053s] -- Up-to-date: /home/tanawatp/BaLEGce/balegce_ws/install/balegce_gazebo/share/balegce_gazebo/local_setup.sh
[2.053s] -- Up-to-date: /home/tanawatp/BaLEGce/balegce_ws/install/balegce_gazebo/share/balegce_gazebo/local_setup.zsh
[2.053s] -- Installing: /home/tanawatp/BaLEGce/balegce_ws/install/balegce_gazebo/share/balegce_gazebo/local_setup.dsv
[2.053s] -- Installing: /home/tanawatp/BaLEGce/balegce_ws/install/balegce_gazebo/share/balegce_gazebo/package.dsv
[2.054s] -- Up-to-date: /home/tanawatp/BaLEGce/balegce_ws/install/balegce_gazebo/share/ament_index/resource_index/packages/balegce_gazebo
[2.054s] -- Up-to-date: /home/tanawatp/BaLEGce/balegce_ws/install/balegce_gazebo/share/balegce_gazebo/cmake/balegce_gazeboConfig.cmake
[2.054s] -- Up-to-date: /home/tanawatp/BaLEGce/balegce_ws/install/balegce_gazebo/share/balegce_gazebo/cmake/balegce_gazeboConfig-version.cmake
[2.054s] -- Up-to-date: /home/tanawatp/BaLEGce/balegce_ws/install/balegce_gazebo/share/balegce_gazebo/package.xml
[2.056s] Invoked command in '/home/tanawatp/BaLEGce/balegce_ws/build/balegce_gazebo' returned '0': CMAKE_PREFIX_PATH=${CMAKE_PREFIX_PATH}:/home/tanawatp/ros2_workspaceTutorial/install/robot_controller:/opt/ros/humble /usr/bin/cmake --install /home/tanawatp/BaLEGce/balegce_ws/build/balegce_gazebo
