[1.628s] DEBUG:colcon:Command line arguments: ['/usr/bin/colcon', 'build']
[1.629s] DEBUG:colcon:Parsed command line arguments: Namespace(log_base=None, log_level=None, verb_name='build', build_base='build', install_base='install', merge_install=False, symlink_install=False, test_result_base=None, continue_on_error=False, executor='parallel', parallel_workers=8, event_handlers=None, ignore_user_meta=False, metas=['./colcon.meta'], base_paths=['.'], packages_ignore=None, packages_ignore_regex=None, paths=None, packages_up_to=None, packages_up_to_regex=None, packages_above=None, packages_above_and_dependencies=None, packages_above_depth=None, packages_select_by_dep=None, packages_skip_by_dep=None, packages_skip_up_to=None, packages_select_build_failed=False, packages_skip_build_finished=False, packages_select_test_failures=False, packages_skip_test_passed=False, packages_select=None, packages_skip=None, packages_select_regex=None, packages_skip_regex=None, packages_start=None, packages_end=None, allow_overriding=[], cmake_args=None, cmake_target=None, cmake_target_skip_unavailable=False, cmake_clean_cache=False, cmake_clean_first=False, cmake_force_configure=False, ament_cmake_args=None, catkin_cmake_args=None, catkin_skip_building_tests=False, verb_parser=<colcon_defaults.argument_parser.defaults.DefaultArgumentsDecorator object at 0x7f4de558d2d0>, verb_extension=<colcon_core.verb.build.BuildVerb object at 0x7f4de558d7e0>, main=<bound method BuildVerb.main of <colcon_core.verb.build.BuildVerb object at 0x7f4de558d7e0>>)
[1.707s] Level 1:colcon.colcon_core.package_discovery:discover_packages(colcon_meta) check parameters
[1.707s] Level 1:colcon.colcon_core.package_discovery:discover_packages(recursive) check parameters
[1.707s] Level 1:colcon.colcon_core.package_discovery:discover_packages(ignore) check parameters
[1.707s] Level 1:colcon.colcon_core.package_discovery:discover_packages(path) check parameters
[1.707s] Level 1:colcon.colcon_core.package_discovery:discover_packages(colcon_meta) discover
[1.707s] Level 1:colcon.colcon_core.package_discovery:discover_packages(recursive) discover
[1.708s] INFO:colcon.colcon_core.package_discovery:Crawling recursively for packages in '/home/tanawatp/BaLEGce/balegce_ws'
[1.708s] Level 1:colcon.colcon_core.package_identification:_identify(.) by extensions ['ignore', 'ignore_ament_install']
[1.708s] Level 1:colcon.colcon_core.package_identification:_identify(.) by extension 'ignore'
[1.708s] Level 1:colcon.colcon_core.package_identification:_identify(.) by extension 'ignore_ament_install'
[1.708s] Level 1:colcon.colcon_core.package_identification:_identify(.) by extensions ['colcon_pkg']
[1.708s] Level 1:colcon.colcon_core.package_identification:_identify(.) by extension 'colcon_pkg'
[1.708s] Level 1:colcon.colcon_core.package_identification:_identify(.) by extensions ['colcon_meta']
[1.708s] Level 1:colcon.colcon_core.package_identification:_identify(.) by extension 'colcon_meta'
[1.708s] Level 1:colcon.colcon_core.package_identification:_identify(.) by extensions ['ros']
[1.708s] Level 1:colcon.colcon_core.package_identification:_identify(.) by extension 'ros'
[1.726s] Level 1:colcon.colcon_core.package_identification:_identify(.) by extensions ['cmake', 'python']
[1.726s] Level 1:colcon.colcon_core.package_identification:_identify(.) by extension 'cmake'
[1.726s] Level 1:colcon.colcon_core.package_identification:_identify(.) by extension 'python'
[1.727s] Level 1:colcon.colcon_core.package_identification:_identify(.) by extensions ['python_setup_py']
[1.727s] Level 1:colcon.colcon_core.package_identification:_identify(.) by extension 'python_setup_py'
[1.727s] Level 1:colcon.colcon_core.package_identification:_identify(build) by extensions ['ignore', 'ignore_ament_install']
[1.727s] Level 1:colcon.colcon_core.package_identification:_identify(build) by extension 'ignore'
[1.727s] Level 1:colcon.colcon_core.package_identification:_identify(build) ignored
[1.727s] Level 1:colcon.colcon_core.package_identification:_identify(install) by extensions ['ignore', 'ignore_ament_install']
[1.727s] Level 1:colcon.colcon_core.package_identification:_identify(install) by extension 'ignore'
[1.727s] Level 1:colcon.colcon_core.package_identification:_identify(install) ignored
[1.728s] Level 1:colcon.colcon_core.package_identification:_identify(log) by extensions ['ignore', 'ignore_ament_install']
[1.728s] Level 1:colcon.colcon_core.package_identification:_identify(log) by extension 'ignore'
[1.728s] Level 1:colcon.colcon_core.package_identification:_identify(log) ignored
[1.728s] Level 1:colcon.colcon_core.package_identification:_identify(src) by extensions ['ignore', 'ignore_ament_install']
[1.728s] Level 1:colcon.colcon_core.package_identification:_identify(src) by extension 'ignore'
[1.728s] Level 1:colcon.colcon_core.package_identification:_identify(src) by extension 'ignore_ament_install'
[1.728s] Level 1:colcon.colcon_core.package_identification:_identify(src) by extensions ['colcon_pkg']
[1.728s] Level 1:colcon.colcon_core.package_identification:_identify(src) by extension 'colcon_pkg'
[1.728s] Level 1:colcon.colcon_core.package_identification:_identify(src) by extensions ['colcon_meta']
[1.728s] Level 1:colcon.colcon_core.package_identification:_identify(src) by extension 'colcon_meta'
[1.728s] Level 1:colcon.colcon_core.package_identification:_identify(src) by extensions ['ros']
[1.728s] Level 1:colcon.colcon_core.package_identification:_identify(src) by extension 'ros'
[1.728s] Level 1:colcon.colcon_core.package_identification:_identify(src) by extensions ['cmake', 'python']
[1.729s] Level 1:colcon.colcon_core.package_identification:_identify(src) by extension 'cmake'
[1.729s] Level 1:colcon.colcon_core.package_identification:_identify(src) by extension 'python'
[1.729s] Level 1:colcon.colcon_core.package_identification:_identify(src) by extensions ['python_setup_py']
[1.729s] Level 1:colcon.colcon_core.package_identification:_identify(src) by extension 'python_setup_py'
[1.729s] Level 1:colcon.colcon_core.package_identification:_identify(src/balegce) by extensions ['ignore', 'ignore_ament_install']
[1.729s] Level 1:colcon.colcon_core.package_identification:_identify(src/balegce) by extension 'ignore'
[1.729s] Level 1:colcon.colcon_core.package_identification:_identify(src/balegce) by extension 'ignore_ament_install'
[1.729s] Level 1:colcon.colcon_core.package_identification:_identify(src/balegce) by extensions ['colcon_pkg']
[1.729s] Level 1:colcon.colcon_core.package_identification:_identify(src/balegce) by extension 'colcon_pkg'
[1.729s] Level 1:colcon.colcon_core.package_identification:_identify(src/balegce) by extensions ['colcon_meta']
[1.729s] Level 1:colcon.colcon_core.package_identification:_identify(src/balegce) by extension 'colcon_meta'
[1.729s] Level 1:colcon.colcon_core.package_identification:_identify(src/balegce) by extensions ['ros']
[1.729s] Level 1:colcon.colcon_core.package_identification:_identify(src/balegce) by extension 'ros'
[1.734s] DEBUG:colcon.colcon_core.package_identification:Package 'src/balegce' with type 'ros.ament_cmake' and name 'balegce'
[1.734s] Level 1:colcon.colcon_core.package_identification:_identify(src/balegce_gazebo) by extensions ['ignore', 'ignore_ament_install']
[1.734s] Level 1:colcon.colcon_core.package_identification:_identify(src/balegce_gazebo) by extension 'ignore'
[1.734s] Level 1:colcon.colcon_core.package_identification:_identify(src/balegce_gazebo) by extension 'ignore_ament_install'
[1.735s] Level 1:colcon.colcon_core.package_identification:_identify(src/balegce_gazebo) by extensions ['colcon_pkg']
[1.735s] Level 1:colcon.colcon_core.package_identification:_identify(src/balegce_gazebo) by extension 'colcon_pkg'
[1.735s] Level 1:colcon.colcon_core.package_identification:_identify(src/balegce_gazebo) by extensions ['colcon_meta']
[1.735s] Level 1:colcon.colcon_core.package_identification:_identify(src/balegce_gazebo) by extension 'colcon_meta'
[1.735s] Level 1:colcon.colcon_core.package_identification:_identify(src/balegce_gazebo) by extensions ['ros']
[1.735s] Level 1:colcon.colcon_core.package_identification:_identify(src/balegce_gazebo) by extension 'ros'
[1.736s] DEBUG:colcon.colcon_core.package_identification:Package 'src/balegce_gazebo' with type 'ros.ament_cmake' and name 'balegce_gazebo'
[1.736s] Level 1:colcon.colcon_core.package_identification:_identify(src/motor_control) by extensions ['ignore', 'ignore_ament_install']
[1.736s] Level 1:colcon.colcon_core.package_identification:_identify(src/motor_control) by extension 'ignore'
[1.736s] Level 1:colcon.colcon_core.package_identification:_identify(src/motor_control) by extension 'ignore_ament_install'
[1.736s] Level 1:colcon.colcon_core.package_identification:_identify(src/motor_control) by extensions ['colcon_pkg']
[1.736s] Level 1:colcon.colcon_core.package_identification:_identify(src/motor_control) by extension 'colcon_pkg'
[1.736s] Level 1:colcon.colcon_core.package_identification:_identify(src/motor_control) by extensions ['colcon_meta']
[1.736s] Level 1:colcon.colcon_core.package_identification:_identify(src/motor_control) by extension 'colcon_meta'
[1.737s] Level 1:colcon.colcon_core.package_identification:_identify(src/motor_control) by extensions ['ros']
[1.737s] Level 1:colcon.colcon_core.package_identification:_identify(src/motor_control) by extension 'ros'
[1.738s] DEBUG:colcon.colcon_core.package_identification:Package 'src/motor_control' with type 'ros.ament_cmake' and name 'motor_control'
[1.738s] Level 1:colcon.colcon_core.package_discovery:discover_packages(recursive) using defaults
[1.738s] Level 1:colcon.colcon_core.package_discovery:discover_packages(ignore) discover
[1.738s] Level 1:colcon.colcon_core.package_discovery:discover_packages(ignore) using defaults
[1.738s] Level 1:colcon.colcon_core.package_discovery:discover_packages(path) discover
[1.738s] Level 1:colcon.colcon_core.package_discovery:discover_packages(path) using defaults
[1.892s] Level 1:colcon.colcon_core.package_discovery:discover_packages(prefix_path) check parameters
[1.892s] Level 1:colcon.colcon_core.package_discovery:discover_packages(prefix_path) discover
[1.945s] DEBUG:colcon.colcon_installed_package_information.package_discovery:Found 3 installed packages in /home/tanawatp/BaLEGce/balegce_ws/install
[1.970s] DEBUG:colcon.colcon_installed_package_information.package_discovery:Found 6 installed packages in /home/tanawatp/humanoid_ws/install
[1.996s] DEBUG:colcon.colcon_installed_package_information.package_discovery:Found 8 installed packages in /home/tanawatp/fra501_robotdevop/fra501_ws/install
[2.039s] DEBUG:colcon.colcon_installed_package_information.package_discovery:Found 2 installed packages in /home/tanawatp/ros2_workspaceTutorial/install
[2.066s] DEBUG:colcon.colcon_installed_package_information.package_discovery:Found 376 installed packages in /opt/ros/humble
[2.069s] Level 1:colcon.colcon_core.package_discovery:discover_packages(prefix_path) using defaults
[2.233s] Level 5:colcon.colcon_core.verb:set package 'balegce' build argument 'cmake_args' from command line to 'None'
[2.233s] Level 5:colcon.colcon_core.verb:set package 'balegce' build argument 'cmake_target' from command line to 'None'
[2.233s] Level 5:colcon.colcon_core.verb:set package 'balegce' build argument 'cmake_target_skip_unavailable' from command line to 'False'
[2.233s] Level 5:colcon.colcon_core.verb:set package 'balegce' build argument 'cmake_clean_cache' from command line to 'False'
[2.233s] Level 5:colcon.colcon_core.verb:set package 'balegce' build argument 'cmake_clean_first' from command line to 'False'
[2.233s] Level 5:colcon.colcon_core.verb:set package 'balegce' build argument 'cmake_force_configure' from command line to 'False'
[2.234s] Level 5:colcon.colcon_core.verb:set package 'balegce' build argument 'ament_cmake_args' from command line to 'None'
[2.234s] Level 5:colcon.colcon_core.verb:set package 'balegce' build argument 'catkin_cmake_args' from command line to 'None'
[2.234s] Level 5:colcon.colcon_core.verb:set package 'balegce' build argument 'catkin_skip_building_tests' from command line to 'False'
[2.234s] DEBUG:colcon.colcon_core.verb:Building package 'balegce' with the following arguments: {'ament_cmake_args': None, 'build_base': '/home/tanawatp/BaLEGce/balegce_ws/build/balegce', 'catkin_cmake_args': None, 'catkin_skip_building_tests': False, 'cmake_args': None, 'cmake_clean_cache': False, 'cmake_clean_first': False, 'cmake_force_configure': False, 'cmake_target': None, 'cmake_target_skip_unavailable': False, 'install_base': '/home/tanawatp/BaLEGce/balegce_ws/install/balegce', 'merge_install': False, 'path': '/home/tanawatp/BaLEGce/balegce_ws/src/balegce', 'symlink_install': False, 'test_result_base': None}
[2.258s] Level 5:colcon.colcon_core.verb:set package 'balegce_gazebo' build argument 'cmake_args' from command line to 'None'
[2.258s] Level 5:colcon.colcon_core.verb:set package 'balegce_gazebo' build argument 'cmake_target' from command line to 'None'
[2.258s] Level 5:colcon.colcon_core.verb:set package 'balegce_gazebo' build argument 'cmake_target_skip_unavailable' from command line to 'False'
[2.259s] Level 5:colcon.colcon_core.verb:set package 'balegce_gazebo' build argument 'cmake_clean_cache' from command line to 'False'
[2.259s] Level 5:colcon.colcon_core.verb:set package 'balegce_gazebo' build argument 'cmake_clean_first' from command line to 'False'
[2.259s] Level 5:colcon.colcon_core.verb:set package 'balegce_gazebo' build argument 'cmake_force_configure' from command line to 'False'
[2.259s] Level 5:colcon.colcon_core.verb:set package 'balegce_gazebo' build argument 'ament_cmake_args' from command line to 'None'
[2.259s] Level 5:colcon.colcon_core.verb:set package 'balegce_gazebo' build argument 'catkin_cmake_args' from command line to 'None'
[2.259s] Level 5:colcon.colcon_core.verb:set package 'balegce_gazebo' build argument 'catkin_skip_building_tests' from command line to 'False'
[2.259s] DEBUG:colcon.colcon_core.verb:Building package 'balegce_gazebo' with the following arguments: {'ament_cmake_args': None, 'build_base': '/home/tanawatp/BaLEGce/balegce_ws/build/balegce_gazebo', 'catkin_cmake_args': None, 'catkin_skip_building_tests': False, 'cmake_args': None, 'cmake_clean_cache': False, 'cmake_clean_first': False, 'cmake_force_configure': False, 'cmake_target': None, 'cmake_target_skip_unavailable': False, 'install_base': '/home/tanawatp/BaLEGce/balegce_ws/install/balegce_gazebo', 'merge_install': False, 'path': '/home/tanawatp/BaLEGce/balegce_ws/src/balegce_gazebo', 'symlink_install': False, 'test_result_base': None}
[2.283s] Level 5:colcon.colcon_core.verb:set package 'motor_control' build argument 'cmake_args' from command line to 'None'
[2.284s] Level 5:colcon.colcon_core.verb:set package 'motor_control' build argument 'cmake_target' from command line to 'None'
[2.284s] Level 5:colcon.colcon_core.verb:set package 'motor_control' build argument 'cmake_target_skip_unavailable' from command line to 'False'
[2.284s] Level 5:colcon.colcon_core.verb:set package 'motor_control' build argument 'cmake_clean_cache' from command line to 'False'
[2.284s] Level 5:colcon.colcon_core.verb:set package 'motor_control' build argument 'cmake_clean_first' from command line to 'False'
[2.284s] Level 5:colcon.colcon_core.verb:set package 'motor_control' build argument 'cmake_force_configure' from command line to 'False'
[2.284s] Level 5:colcon.colcon_core.verb:set package 'motor_control' build argument 'ament_cmake_args' from command line to 'None'
[2.284s] Level 5:colcon.colcon_core.verb:set package 'motor_control' build argument 'catkin_cmake_args' from command line to 'None'
[2.284s] Level 5:colcon.colcon_core.verb:set package 'motor_control' build argument 'catkin_skip_building_tests' from command line to 'False'
[2.284s] DEBUG:colcon.colcon_core.verb:Building package 'motor_control' with the following arguments: {'ament_cmake_args': None, 'build_base': '/home/tanawatp/BaLEGce/balegce_ws/build/motor_control', 'catkin_cmake_args': None, 'catkin_skip_building_tests': False, 'cmake_args': None, 'cmake_clean_cache': False, 'cmake_clean_first': False, 'cmake_force_configure': False, 'cmake_target': None, 'cmake_target_skip_unavailable': False, 'install_base': '/home/tanawatp/BaLEGce/balegce_ws/install/motor_control', 'merge_install': False, 'path': '/home/tanawatp/BaLEGce/balegce_ws/src/motor_control', 'symlink_install': False, 'test_result_base': None}
[2.308s] INFO:colcon.colcon_core.executor:Executing jobs using 'parallel' executor
[2.335s] DEBUG:colcon.colcon_parallel_executor.executor.parallel:run_until_complete
[2.335s] INFO:colcon.colcon_ros.task.ament_cmake.build:Building ROS package in '/home/tanawatp/BaLEGce/balegce_ws/src/balegce' with build type 'ament_cmake'
[2.336s] INFO:colcon.colcon_cmake.task.cmake.build:Building CMake package in '/home/tanawatp/BaLEGce/balegce_ws/src/balegce'
[2.364s] INFO:colcon.colcon_core.plugin_system:Skipping extension 'colcon_core.shell.bat': Not used on non-Windows systems
[2.364s] INFO:colcon.colcon_core.shell:Skip shell extension 'powershell' for command environment: Not usable outside of PowerShell
[2.365s] DEBUG:colcon.colcon_core.shell:Skip shell extension 'dsv' for command environment
[2.527s] INFO:colcon.colcon_ros.task.ament_cmake.build:Building ROS package in '/home/tanawatp/BaLEGce/balegce_ws/src/balegce_gazebo' with build type 'ament_cmake'
[2.527s] INFO:colcon.colcon_cmake.task.cmake.build:Building CMake package in '/home/tanawatp/BaLEGce/balegce_ws/src/balegce_gazebo'
[2.548s] INFO:colcon.colcon_core.shell:Skip shell extension 'powershell' for command environment: Not usable outside of PowerShell
[2.548s] DEBUG:colcon.colcon_core.shell:Skip shell extension 'dsv' for command environment
[2.682s] INFO:colcon.colcon_ros.task.ament_cmake.build:Building ROS package in '/home/tanawatp/BaLEGce/balegce_ws/src/motor_control' with build type 'ament_cmake'
[2.683s] INFO:colcon.colcon_cmake.task.cmake.build:Building CMake package in '/home/tanawatp/BaLEGce/balegce_ws/src/motor_control'
[2.714s] INFO:colcon.colcon_core.shell:Skip shell extension 'powershell' for command environment: Not usable outside of PowerShell
[2.714s] DEBUG:colcon.colcon_core.shell:Skip shell extension 'dsv' for command environment
[2.887s] DEBUG:colcon.colcon_core.event_handler.log_command:Invoking command in '/home/tanawatp/BaLEGce/balegce_ws/build/balegce': CMAKE_PREFIX_PATH=${CMAKE_PREFIX_PATH}:/home/tanawatp/ros2_workspaceTutorial/install/robot_controller:/opt/ros/humble /usr/bin/cmake --build /home/tanawatp/BaLEGce/balegce_ws/build/balegce -- -j8 -l8
[2.893s] DEBUG:colcon.colcon_core.event_handler.log_command:Invoking command in '/home/tanawatp/BaLEGce/balegce_ws/build/balegce_gazebo': CMAKE_PREFIX_PATH=${CMAKE_PREFIX_PATH}:/home/tanawatp/ros2_workspaceTutorial/install/robot_controller:/opt/ros/humble /usr/bin/cmake --build /home/tanawatp/BaLEGce/balegce_ws/build/balegce_gazebo -- -j8 -l8
[2.900s] DEBUG:colcon.colcon_core.event_handler.log_command:Invoking command in '/home/tanawatp/BaLEGce/balegce_ws/build/motor_control': CMAKE_PREFIX_PATH=${CMAKE_PREFIX_PATH}:/home/tanawatp/ros2_workspaceTutorial/install/robot_controller:/opt/ros/humble /usr/bin/cmake --build /home/tanawatp/BaLEGce/balegce_ws/build/motor_control -- -j8 -l8
[3.489s] DEBUG:colcon.colcon_core.event_handler.log_command:Invoked command in '/home/tanawatp/BaLEGce/balegce_ws/build/balegce' returned '0': CMAKE_PREFIX_PATH=${CMAKE_PREFIX_PATH}:/home/tanawatp/ros2_workspaceTutorial/install/robot_controller:/opt/ros/humble /usr/bin/cmake --build /home/tanawatp/BaLEGce/balegce_ws/build/balegce -- -j8 -l8
[3.549s] DEBUG:colcon.colcon_core.event_handler.log_command:Invoking command in '/home/tanawatp/BaLEGce/balegce_ws/build/balegce': CMAKE_PREFIX_PATH=${CMAKE_PREFIX_PATH}:/home/tanawatp/ros2_workspaceTutorial/install/robot_controller:/opt/ros/humble /usr/bin/cmake --install /home/tanawatp/BaLEGce/balegce_ws/build/balegce
[3.552s] DEBUG:colcon.colcon_core.event_handler.log_command:Invoked command in '/home/tanawatp/BaLEGce/balegce_ws/build/balegce_gazebo' returned '0': CMAKE_PREFIX_PATH=${CMAKE_PREFIX_PATH}:/home/tanawatp/ros2_workspaceTutorial/install/robot_controller:/opt/ros/humble /usr/bin/cmake --build /home/tanawatp/BaLEGce/balegce_ws/build/balegce_gazebo -- -j8 -l8
[3.615s] DEBUG:colcon.colcon_core.event_handler.log_command:Invoking command in '/home/tanawatp/BaLEGce/balegce_ws/build/balegce_gazebo': CMAKE_PREFIX_PATH=${CMAKE_PREFIX_PATH}:/home/tanawatp/ros2_workspaceTutorial/install/robot_controller:/opt/ros/humble /usr/bin/cmake --install /home/tanawatp/BaLEGce/balegce_ws/build/balegce_gazebo
[3.646s] Level 1:colcon.colcon_core.environment:create_environment_scripts_only(balegce)
[3.650s] DEBUG:colcon.colcon_core.event_handler.log_command:Invoked command in '/home/tanawatp/BaLEGce/balegce_ws/build/motor_control' returned '0': CMAKE_PREFIX_PATH=${CMAKE_PREFIX_PATH}:/home/tanawatp/ros2_workspaceTutorial/install/robot_controller:/opt/ros/humble /usr/bin/cmake --build /home/tanawatp/BaLEGce/balegce_ws/build/motor_control -- -j8 -l8
[3.651s] DEBUG:colcon.colcon_core.event_handler.log_command:Invoked command in '/home/tanawatp/BaLEGce/balegce_ws/build/balegce' returned '0': CMAKE_PREFIX_PATH=${CMAKE_PREFIX_PATH}:/home/tanawatp/ros2_workspaceTutorial/install/robot_controller:/opt/ros/humble /usr/bin/cmake --install /home/tanawatp/BaLEGce/balegce_ws/build/balegce
[3.685s] Level 1:colcon.colcon_core.environment:checking '/home/tanawatp/BaLEGce/balegce_ws/install/balegce' for CMake module files
[3.686s] Level 1:colcon.colcon_core.environment:checking '/home/tanawatp/BaLEGce/balegce_ws/install/balegce' for CMake config files
[3.686s] Level 1:colcon.colcon_core.shell:create_environment_hook('balegce', 'cmake_prefix_path')
[3.717s] INFO:colcon.colcon_core.shell:Creating environment hook '/home/tanawatp/BaLEGce/balegce_ws/install/balegce/share/balegce/hook/cmake_prefix_path.ps1'
[3.718s] INFO:colcon.colcon_core.shell:Creating environment descriptor '/home/tanawatp/BaLEGce/balegce_ws/install/balegce/share/balegce/hook/cmake_prefix_path.dsv'
[3.718s] INFO:colcon.colcon_core.shell:Creating environment hook '/home/tanawatp/BaLEGce/balegce_ws/install/balegce/share/balegce/hook/cmake_prefix_path.sh'
[3.719s] Level 1:colcon.colcon_core.environment:checking '/home/tanawatp/BaLEGce/balegce_ws/install/balegce/bin'
[3.720s] Level 1:colcon.colcon_core.environment:checking '/home/tanawatp/BaLEGce/balegce_ws/install/balegce/lib/pkgconfig/balegce.pc'
[3.720s] Level 1:colcon.colcon_core.environment:checking '/home/tanawatp/BaLEGce/balegce_ws/install/balegce/lib/python3.10/site-packages'
[3.720s] Level 1:colcon.colcon_core.environment:checking '/home/tanawatp/BaLEGce/balegce_ws/install/balegce/bin'
[3.742s] INFO:colcon.colcon_core.shell:Creating package script '/home/tanawatp/BaLEGce/balegce_ws/install/balegce/share/balegce/package.ps1'
[3.743s] INFO:colcon.colcon_core.shell:Creating package descriptor '/home/tanawatp/BaLEGce/balegce_ws/install/balegce/share/balegce/package.dsv'
[3.743s] INFO:colcon.colcon_core.shell:Creating package script '/home/tanawatp/BaLEGce/balegce_ws/install/balegce/share/balegce/package.sh'
[3.744s] INFO:colcon.colcon_core.shell:Creating package script '/home/tanawatp/BaLEGce/balegce_ws/install/balegce/share/balegce/package.bash'
[3.745s] INFO:colcon.colcon_core.shell:Creating package script '/home/tanawatp/BaLEGce/balegce_ws/install/balegce/share/balegce/package.zsh'
[3.746s] Level 1:colcon.colcon_core.environment:create_file_with_runtime_dependencies(/home/tanawatp/BaLEGce/balegce_ws/install/balegce/share/colcon-core/packages/balegce)
[3.751s] DEBUG:colcon.colcon_core.event_handler.log_command:Invoking command in '/home/tanawatp/BaLEGce/balegce_ws/build/motor_control': CMAKE_PREFIX_PATH=${CMAKE_PREFIX_PATH}:/home/tanawatp/ros2_workspaceTutorial/install/robot_controller:/opt/ros/humble /usr/bin/cmake --install /home/tanawatp/BaLEGce/balegce_ws/build/motor_control
[3.751s] Level 1:colcon.colcon_core.environment:create_environment_scripts_only(balegce_gazebo)
[3.752s] DEBUG:colcon.colcon_core.event_handler.log_command:Invoked command in '/home/tanawatp/BaLEGce/balegce_ws/build/balegce_gazebo' returned '0': CMAKE_PREFIX_PATH=${CMAKE_PREFIX_PATH}:/home/tanawatp/ros2_workspaceTutorial/install/robot_controller:/opt/ros/humble /usr/bin/cmake --install /home/tanawatp/BaLEGce/balegce_ws/build/balegce_gazebo
[3.788s] Level 1:colcon.colcon_core.environment:checking '/home/tanawatp/BaLEGce/balegce_ws/install/balegce_gazebo' for CMake module files
[3.789s] Level 1:colcon.colcon_core.environment:checking '/home/tanawatp/BaLEGce/balegce_ws/install/balegce_gazebo' for CMake config files
[3.790s] Level 1:colcon.colcon_core.shell:create_environment_hook('balegce_gazebo', 'cmake_prefix_path')
[3.816s] INFO:colcon.colcon_core.shell:Creating environment hook '/home/tanawatp/BaLEGce/balegce_ws/install/balegce_gazebo/share/balegce_gazebo/hook/cmake_prefix_path.ps1'
[3.816s] INFO:colcon.colcon_core.shell:Creating environment descriptor '/home/tanawatp/BaLEGce/balegce_ws/install/balegce_gazebo/share/balegce_gazebo/hook/cmake_prefix_path.dsv'
[3.817s] INFO:colcon.colcon_core.shell:Creating environment hook '/home/tanawatp/BaLEGce/balegce_ws/install/balegce_gazebo/share/balegce_gazebo/hook/cmake_prefix_path.sh'
[3.818s] Level 1:colcon.colcon_core.environment:checking '/home/tanawatp/BaLEGce/balegce_ws/install/balegce_gazebo/lib'
[3.818s] Level 1:colcon.colcon_core.environment:checking '/home/tanawatp/BaLEGce/balegce_ws/install/balegce_gazebo/bin'
[3.818s] Level 1:colcon.colcon_core.environment:checking '/home/tanawatp/BaLEGce/balegce_ws/install/balegce_gazebo/lib/pkgconfig/balegce_gazebo.pc'
[3.818s] Level 1:colcon.colcon_core.environment:checking '/home/tanawatp/BaLEGce/balegce_ws/install/balegce_gazebo/lib/python3.10/site-packages'
[3.819s] Level 1:colcon.colcon_core.environment:checking '/home/tanawatp/BaLEGce/balegce_ws/install/balegce_gazebo/bin'
[3.851s] INFO:colcon.colcon_core.shell:Creating package script '/home/tanawatp/BaLEGce/balegce_ws/install/balegce_gazebo/share/balegce_gazebo/package.ps1'
[3.852s] INFO:colcon.colcon_core.shell:Creating package descriptor '/home/tanawatp/BaLEGce/balegce_ws/install/balegce_gazebo/share/balegce_gazebo/package.dsv'
[3.852s] INFO:colcon.colcon_core.shell:Creating package script '/home/tanawatp/BaLEGce/balegce_ws/install/balegce_gazebo/share/balegce_gazebo/package.sh'
[3.853s] INFO:colcon.colcon_core.shell:Creating package script '/home/tanawatp/BaLEGce/balegce_ws/install/balegce_gazebo/share/balegce_gazebo/package.bash'
[3.854s] INFO:colcon.colcon_core.shell:Creating package script '/home/tanawatp/BaLEGce/balegce_ws/install/balegce_gazebo/share/balegce_gazebo/package.zsh'
[3.854s] Level 1:colcon.colcon_core.environment:create_file_with_runtime_dependencies(/home/tanawatp/BaLEGce/balegce_ws/install/balegce_gazebo/share/colcon-core/packages/balegce_gazebo)
[3.885s] Level 1:colcon.colcon_core.environment:create_environment_scripts_only(balegce)
[3.918s] Level 1:colcon.colcon_core.environment:checking '/home/tanawatp/BaLEGce/balegce_ws/install/balegce' for CMake module files
[3.919s] Level 1:colcon.colcon_core.environment:checking '/home/tanawatp/BaLEGce/balegce_ws/install/balegce' for CMake config files
[3.920s] Level 1:colcon.colcon_core.shell:create_environment_hook('balegce', 'cmake_prefix_path')
[3.944s] INFO:colcon.colcon_core.shell:Creating environment hook '/home/tanawatp/BaLEGce/balegce_ws/install/balegce/share/balegce/hook/cmake_prefix_path.ps1'
[3.945s] INFO:colcon.colcon_core.shell:Creating environment descriptor '/home/tanawatp/BaLEGce/balegce_ws/install/balegce/share/balegce/hook/cmake_prefix_path.dsv'
[3.945s] INFO:colcon.colcon_core.shell:Creating environment hook '/home/tanawatp/BaLEGce/balegce_ws/install/balegce/share/balegce/hook/cmake_prefix_path.sh'
[3.946s] Level 1:colcon.colcon_core.environment:checking '/home/tanawatp/BaLEGce/balegce_ws/install/balegce/bin'
[3.946s] Level 1:colcon.colcon_core.environment:checking '/home/tanawatp/BaLEGce/balegce_ws/install/balegce/lib/pkgconfig/balegce.pc'
[3.946s] Level 1:colcon.colcon_core.environment:checking '/home/tanawatp/BaLEGce/balegce_ws/install/balegce/lib/python3.10/site-packages'
[3.947s] Level 1:colcon.colcon_core.environment:checking '/home/tanawatp/BaLEGce/balegce_ws/install/balegce/bin'
[3.968s] INFO:colcon.colcon_core.shell:Creating package script '/home/tanawatp/BaLEGce/balegce_ws/install/balegce/share/balegce/package.ps1'
[3.969s] INFO:colcon.colcon_core.shell:Creating package descriptor '/home/tanawatp/BaLEGce/balegce_ws/install/balegce/share/balegce/package.dsv'
[3.970s] INFO:colcon.colcon_core.shell:Creating package script '/home/tanawatp/BaLEGce/balegce_ws/install/balegce/share/balegce/package.sh'
[3.970s] INFO:colcon.colcon_core.shell:Creating package script '/home/tanawatp/BaLEGce/balegce_ws/install/balegce/share/balegce/package.bash'
[3.971s] INFO:colcon.colcon_core.shell:Creating package script '/home/tanawatp/BaLEGce/balegce_ws/install/balegce/share/balegce/package.zsh'
[3.971s] Level 1:colcon.colcon_core.environment:create_file_with_runtime_dependencies(/home/tanawatp/BaLEGce/balegce_ws/install/balegce/share/colcon-core/packages/balegce)
[3.973s] Level 1:colcon.colcon_core.environment:create_environment_scripts_only(motor_control)
[3.974s] DEBUG:colcon.colcon_core.event_handler.log_command:Invoked command in '/home/tanawatp/BaLEGce/balegce_ws/build/motor_control' returned '0': CMAKE_PREFIX_PATH=${CMAKE_PREFIX_PATH}:/home/tanawatp/ros2_workspaceTutorial/install/robot_controller:/opt/ros/humble /usr/bin/cmake --install /home/tanawatp/BaLEGce/balegce_ws/build/motor_control
[4.005s] Level 1:colcon.colcon_core.environment:checking '/home/tanawatp/BaLEGce/balegce_ws/install/motor_control' for CMake module files
[4.006s] Level 1:colcon.colcon_core.environment:checking '/home/tanawatp/BaLEGce/balegce_ws/install/motor_control' for CMake config files
[4.006s] Level 1:colcon.colcon_core.shell:create_environment_hook('motor_control', 'cmake_prefix_path')
[4.038s] INFO:colcon.colcon_core.shell:Creating environment hook '/home/tanawatp/BaLEGce/balegce_ws/install/motor_control/share/motor_control/hook/cmake_prefix_path.ps1'
[4.039s] INFO:colcon.colcon_core.shell:Creating environment descriptor '/home/tanawatp/BaLEGce/balegce_ws/install/motor_control/share/motor_control/hook/cmake_prefix_path.dsv'
[4.039s] INFO:colcon.colcon_core.shell:Creating environment hook '/home/tanawatp/BaLEGce/balegce_ws/install/motor_control/share/motor_control/hook/cmake_prefix_path.sh'
[4.040s] Level 1:colcon.colcon_core.environment:checking '/home/tanawatp/BaLEGce/balegce_ws/install/motor_control/lib'
[4.040s] Level 1:colcon.colcon_core.environment:checking '/home/tanawatp/BaLEGce/balegce_ws/install/motor_control/bin'
[4.040s] Level 1:colcon.colcon_core.environment:checking '/home/tanawatp/BaLEGce/balegce_ws/install/motor_control/lib/pkgconfig/motor_control.pc'
[4.040s] Level 1:colcon.colcon_core.environment:checking '/home/tanawatp/BaLEGce/balegce_ws/install/motor_control/lib/python3.10/site-packages'
[4.041s] Level 1:colcon.colcon_core.environment:checking '/home/tanawatp/BaLEGce/balegce_ws/install/motor_control/bin'
[4.062s] INFO:colcon.colcon_core.shell:Creating package script '/home/tanawatp/BaLEGce/balegce_ws/install/motor_control/share/motor_control/package.ps1'
[4.063s] INFO:colcon.colcon_core.shell:Creating package descriptor '/home/tanawatp/BaLEGce/balegce_ws/install/motor_control/share/motor_control/package.dsv'
[4.064s] INFO:colcon.colcon_core.shell:Creating package script '/home/tanawatp/BaLEGce/balegce_ws/install/motor_control/share/motor_control/package.sh'
[4.065s] INFO:colcon.colcon_core.shell:Creating package script '/home/tanawatp/BaLEGce/balegce_ws/install/motor_control/share/motor_control/package.bash'
[4.065s] INFO:colcon.colcon_core.shell:Creating package script '/home/tanawatp/BaLEGce/balegce_ws/install/motor_control/share/motor_control/package.zsh'
[4.066s] Level 1:colcon.colcon_core.environment:create_file_with_runtime_dependencies(/home/tanawatp/BaLEGce/balegce_ws/install/motor_control/share/colcon-core/packages/motor_control)
[4.097s] Level 1:colcon.colcon_core.environment:create_environment_scripts_only(balegce_gazebo)
[4.125s] Level 1:colcon.colcon_core.environment:checking '/home/tanawatp/BaLEGce/balegce_ws/install/balegce_gazebo' for CMake module files
[4.126s] Level 1:colcon.colcon_core.environment:checking '/home/tanawatp/BaLEGce/balegce_ws/install/balegce_gazebo' for CMake config files
[4.126s] Level 1:colcon.colcon_core.shell:create_environment_hook('balegce_gazebo', 'cmake_prefix_path')
[4.156s] INFO:colcon.colcon_core.shell:Creating environment hook '/home/tanawatp/BaLEGce/balegce_ws/install/balegce_gazebo/share/balegce_gazebo/hook/cmake_prefix_path.ps1'
[4.157s] INFO:colcon.colcon_core.shell:Creating environment descriptor '/home/tanawatp/BaLEGce/balegce_ws/install/balegce_gazebo/share/balegce_gazebo/hook/cmake_prefix_path.dsv'
[4.157s] INFO:colcon.colcon_core.shell:Creating environment hook '/home/tanawatp/BaLEGce/balegce_ws/install/balegce_gazebo/share/balegce_gazebo/hook/cmake_prefix_path.sh'
[4.158s] Level 1:colcon.colcon_core.environment:checking '/home/tanawatp/BaLEGce/balegce_ws/install/balegce_gazebo/lib'
[4.158s] Level 1:colcon.colcon_core.environment:checking '/home/tanawatp/BaLEGce/balegce_ws/install/balegce_gazebo/bin'
[4.158s] Level 1:colcon.colcon_core.environment:checking '/home/tanawatp/BaLEGce/balegce_ws/install/balegce_gazebo/lib/pkgconfig/balegce_gazebo.pc'
[4.159s] Level 1:colcon.colcon_core.environment:checking '/home/tanawatp/BaLEGce/balegce_ws/install/balegce_gazebo/lib/python3.10/site-packages'
[4.159s] Level 1:colcon.colcon_core.environment:checking '/home/tanawatp/BaLEGce/balegce_ws/install/balegce_gazebo/bin'
[4.181s] INFO:colcon.colcon_core.shell:Creating package script '/home/tanawatp/BaLEGce/balegce_ws/install/balegce_gazebo/share/balegce_gazebo/package.ps1'
[4.182s] INFO:colcon.colcon_core.shell:Creating package descriptor '/home/tanawatp/BaLEGce/balegce_ws/install/balegce_gazebo/share/balegce_gazebo/package.dsv'
[4.183s] INFO:colcon.colcon_core.shell:Creating package script '/home/tanawatp/BaLEGce/balegce_ws/install/balegce_gazebo/share/balegce_gazebo/package.sh'
[4.183s] INFO:colcon.colcon_core.shell:Creating package script '/home/tanawatp/BaLEGce/balegce_ws/install/balegce_gazebo/share/balegce_gazebo/package.bash'
[4.184s] INFO:colcon.colcon_core.shell:Creating package script '/home/tanawatp/BaLEGce/balegce_ws/install/balegce_gazebo/share/balegce_gazebo/package.zsh'
[4.184s] Level 1:colcon.colcon_core.environment:create_file_with_runtime_dependencies(/home/tanawatp/BaLEGce/balegce_ws/install/balegce_gazebo/share/colcon-core/packages/balegce_gazebo)
[4.208s] Level 1:colcon.colcon_core.environment:create_environment_scripts_only(motor_control)
[4.234s] Level 1:colcon.colcon_core.environment:checking '/home/tanawatp/BaLEGce/balegce_ws/install/motor_control' for CMake module files
[4.235s] Level 1:colcon.colcon_core.environment:checking '/home/tanawatp/BaLEGce/balegce_ws/install/motor_control' for CMake config files
[4.235s] Level 1:colcon.colcon_core.shell:create_environment_hook('motor_control', 'cmake_prefix_path')
[4.265s] INFO:colcon.colcon_core.shell:Creating environment hook '/home/tanawatp/BaLEGce/balegce_ws/install/motor_control/share/motor_control/hook/cmake_prefix_path.ps1'
[4.266s] INFO:colcon.colcon_core.shell:Creating environment descriptor '/home/tanawatp/BaLEGce/balegce_ws/install/motor_control/share/motor_control/hook/cmake_prefix_path.dsv'
[4.266s] INFO:colcon.colcon_core.shell:Creating environment hook '/home/tanawatp/BaLEGce/balegce_ws/install/motor_control/share/motor_control/hook/cmake_prefix_path.sh'
[4.268s] Level 1:colcon.colcon_core.environment:checking '/home/tanawatp/BaLEGce/balegce_ws/install/motor_control/lib'
[4.268s] Level 1:colcon.colcon_core.environment:checking '/home/tanawatp/BaLEGce/balegce_ws/install/motor_control/bin'
[4.268s] Level 1:colcon.colcon_core.environment:checking '/home/tanawatp/BaLEGce/balegce_ws/install/motor_control/lib/pkgconfig/motor_control.pc'
[4.268s] Level 1:colcon.colcon_core.environment:checking '/home/tanawatp/BaLEGce/balegce_ws/install/motor_control/lib/python3.10/site-packages'
[4.268s] Level 1:colcon.colcon_core.environment:checking '/home/tanawatp/BaLEGce/balegce_ws/install/motor_control/bin'
[4.318s] INFO:colcon.colcon_core.shell:Creating package script '/home/tanawatp/BaLEGce/balegce_ws/install/motor_control/share/motor_control/package.ps1'
[4.319s] INFO:colcon.colcon_core.shell:Creating package descriptor '/home/tanawatp/BaLEGce/balegce_ws/install/motor_control/share/motor_control/package.dsv'
[4.320s] INFO:colcon.colcon_core.shell:Creating package script '/home/tanawatp/BaLEGce/balegce_ws/install/motor_control/share/motor_control/package.sh'
[4.321s] INFO:colcon.colcon_core.shell:Creating package script '/home/tanawatp/BaLEGce/balegce_ws/install/motor_control/share/motor_control/package.bash'
[4.321s] INFO:colcon.colcon_core.shell:Creating package script '/home/tanawatp/BaLEGce/balegce_ws/install/motor_control/share/motor_control/package.zsh'
[4.322s] Level 1:colcon.colcon_core.environment:create_file_with_runtime_dependencies(/home/tanawatp/BaLEGce/balegce_ws/install/motor_control/share/colcon-core/packages/motor_control)
[4.322s] DEBUG:colcon.colcon_parallel_executor.executor.parallel:closing loop
[4.323s] DEBUG:colcon.colcon_parallel_executor.executor.parallel:loop closed
[4.323s] DEBUG:colcon.colcon_parallel_executor.executor.parallel:run_until_complete finished with '0'
[4.323s] DEBUG:colcon.colcon_core.event_reactor:joining thread
[4.359s] INFO:colcon.colcon_core.plugin_system:Skipping extension 'colcon_notification.desktop_notification.terminal_notifier': Not used on non-Darwin systems
[4.359s] INFO:colcon.colcon_core.plugin_system:Skipping extension 'colcon_notification.desktop_notification.win32': Not used on non-Windows systems
[4.359s] INFO:colcon.colcon_notification.desktop_notification:Sending desktop notification using 'notify2'
[4.380s] DEBUG:colcon.colcon_core.event_reactor:joined thread
[4.407s] INFO:colcon.colcon_core.shell:Creating prefix script '/home/tanawatp/BaLEGce/balegce_ws/install/local_setup.ps1'
[4.409s] INFO:colcon.colcon_core.shell:Creating prefix util module '/home/tanawatp/BaLEGce/balegce_ws/install/_local_setup_util_ps1.py'
[4.411s] INFO:colcon.colcon_core.shell:Creating prefix chain script '/home/tanawatp/BaLEGce/balegce_ws/install/setup.ps1'
[4.443s] INFO:colcon.colcon_core.shell:Creating prefix script '/home/tanawatp/BaLEGce/balegce_ws/install/local_setup.sh'
[4.444s] INFO:colcon.colcon_core.shell:Creating prefix util module '/home/tanawatp/BaLEGce/balegce_ws/install/_local_setup_util_sh.py'
[4.445s] INFO:colcon.colcon_core.shell:Creating prefix chain script '/home/tanawatp/BaLEGce/balegce_ws/install/setup.sh'
[4.477s] INFO:colcon.colcon_core.shell:Creating prefix script '/home/tanawatp/BaLEGce/balegce_ws/install/local_setup.bash'
[4.478s] INFO:colcon.colcon_core.shell:Creating prefix chain script '/home/tanawatp/BaLEGce/balegce_ws/install/setup.bash'
[4.509s] INFO:colcon.colcon_core.shell:Creating prefix script '/home/tanawatp/BaLEGce/balegce_ws/install/local_setup.zsh'
[4.510s] INFO:colcon.colcon_core.shell:Creating prefix chain script '/home/tanawatp/BaLEGce/balegce_ws/install/setup.zsh'
