[0.290s] Invoking command in '/home/tanawatp/BaLEGce/balegce_ws/build/balegce_gazebo': CMAKE_PREFIX_PATH=${CMAKE_PREFIX_PATH}:/home/tanawatp/ros2_workspaceTutorial/install/robot_controller:/opt/ros/humble /usr/bin/cmake --build /home/tanawatp/BaLEGce/balegce_ws/build/balegce_gazebo -- -j8 -l8
[0.368s] [100%] Built target cpp_node_test
[0.377s] [100%] Built target ament_cmake_python_copy_balegce_gazebo
[0.708s] running egg_info
[0.709s] writing balegce_gazebo.egg-info/PKG-INFO
[0.709s] writing dependency_links to balegce_gazebo.egg-info/dependency_links.txt
[0.709s] writing top-level names to balegce_gazebo.egg-info/top_level.txt
[0.712s] reading manifest file 'balegce_gazebo.egg-info/SOURCES.txt'
[0.713s] writing manifest file 'balegce_gazebo.egg-info/SOURCES.txt'
[0.767s] [100%] Built target ament_cmake_python_build_balegce_gazebo_egg
[0.784s] Invoked command in '/home/tanawatp/BaLEGce/balegce_ws/build/balegce_gazebo' returned '0': CMAKE_PREFIX_PATH=${CMAKE_PREFIX_PATH}:/home/tanawatp/ros2_workspaceTutorial/install/robot_controller:/opt/ros/humble /usr/bin/cmake --build /home/tanawatp/BaLEGce/balegce_ws/build/balegce_gazebo -- -j8 -l8
[0.841s] Invoking command in '/home/tanawatp/BaLEGce/balegce_ws/build/balegce_gazebo': CMAKE_PREFIX_PATH=${CMAKE_PREFIX_PATH}:/home/tanawatp/ros2_workspaceTutorial/install/robot_controller:/opt/ros/humble /usr/bin/cmake --install /home/tanawatp/BaLEGce/balegce_ws/build/balegce_gazebo
[0.850s] -- Install configuration: ""
[0.850s] -- Up-to-date: /home/tanawatp/BaLEGce/balegce_ws/install/balegce_gazebo/share/balegce_gazebo/environment/pythonpath.sh
[0.850s] -- Up-to-date: /home/tanawatp/BaLEGce/balegce_ws/install/balegce_gazebo/share/balegce_gazebo/environment/pythonpath.dsv
[0.850s] -- Up-to-date: /home/tanawatp/BaLEGce/balegce_ws/install/balegce_gazebo/local/lib/python3.10/dist-packages/balegce_gazebo-0.0.0-py3.10.egg-info
[0.850s] -- Installing: /home/tanawatp/BaLEGce/balegce_ws/install/balegce_gazebo/local/lib/python3.10/dist-packages/balegce_gazebo-0.0.0-py3.10.egg-info/dependency_links.txt
[0.850s] -- Installing: /home/tanawatp/BaLEGce/balegce_ws/install/balegce_gazebo/local/lib/python3.10/dist-packages/balegce_gazebo-0.0.0-py3.10.egg-info/top_level.txt
[0.850s] -- Installing: /home/tanawatp/BaLEGce/balegce_ws/install/balegce_gazebo/local/lib/python3.10/dist-packages/balegce_gazebo-0.0.0-py3.10.egg-info/PKG-INFO
[0.850s] -- Installing: /home/tanawatp/BaLEGce/balegce_ws/install/balegce_gazebo/local/lib/python3.10/dist-packages/balegce_gazebo-0.0.0-py3.10.egg-info/SOURCES.txt
[0.851s] -- Up-to-date: /home/tanawatp/BaLEGce/balegce_ws/install/balegce_gazebo/local/lib/python3.10/dist-packages/balegce_gazebo
[0.851s] -- Up-to-date: /home/tanawatp/BaLEGce/balegce_ws/install/balegce_gazebo/local/lib/python3.10/dist-packages/balegce_gazebo/dummy_module.py
[0.851s] -- Up-to-date: /home/tanawatp/BaLEGce/balegce_ws/install/balegce_gazebo/local/lib/python3.10/dist-packages/balegce_gazebo/__init__.py
[0.899s] Listing '/home/tanawatp/BaLEGce/balegce_ws/install/balegce_gazebo/local/lib/python3.10/dist-packages/balegce_gazebo'...
[0.907s] -- Up-to-date: /home/tanawatp/BaLEGce/balegce_ws/install/balegce_gazebo/lib/balegce_gazebo/dummy_script.py
[0.907s] -- Up-to-date: /home/tanawatp/BaLEGce/balegce_ws/install/balegce_gazebo/lib/balegce_gazebo/cpp_node_test
[0.907s] -- Up-to-date: /home/tanawatp/BaLEGce/balegce_ws/install/balegce_gazebo/share/balegce_gazebo/launch
[0.907s] -- Up-to-date: /home/tanawatp/BaLEGce/balegce_ws/install/balegce_gazebo/share/balegce_gazebo/launch/spawn.launch.py
[0.908s] -- Up-to-date: /home/tanawatp/BaLEGce/balegce_ws/install/balegce_gazebo/share/balegce_gazebo/robot
[0.908s] -- Installing: /home/tanawatp/BaLEGce/balegce_ws/install/balegce_gazebo/share/balegce_gazebo/robot/balegce_controller.gazebo.xacro
[0.908s] -- Installing: /home/tanawatp/BaLEGce/balegce_ws/install/balegce_gazebo/share/balegce_gazebo/robot/balegce_sensor.gazebo.xacro
[0.908s] -- Installing: /home/tanawatp/BaLEGce/balegce_ws/install/balegce_gazebo/share/balegce_gazebo/robot/balegce.gazebo.xacro
[0.908s] -- Up-to-date: /home/tanawatp/BaLEGce/balegce_ws/install/balegce_gazebo/share/balegce_gazebo/config
[0.908s] -- Up-to-date: /home/tanawatp/BaLEGce/balegce_ws/install/balegce_gazebo/share/balegce_gazebo/config/controller_config.yaml
[0.908s] -- Up-to-date: /home/tanawatp/BaLEGce/balegce_ws/install/balegce_gazebo/share/ament_index/resource_index/package_run_dependencies/balegce_gazebo
[0.909s] -- Up-to-date: /home/tanawatp/BaLEGce/balegce_ws/install/balegce_gazebo/share/ament_index/resource_index/parent_prefix_path/balegce_gazebo
[0.909s] -- Up-to-date: /home/tanawatp/BaLEGce/balegce_ws/install/balegce_gazebo/share/balegce_gazebo/environment/ament_prefix_path.sh
[0.909s] -- Up-to-date: /home/tanawatp/BaLEGce/balegce_ws/install/balegce_gazebo/share/balegce_gazebo/environment/ament_prefix_path.dsv
[0.909s] -- Up-to-date: /home/tanawatp/BaLEGce/balegce_ws/install/balegce_gazebo/share/balegce_gazebo/environment/path.sh
[0.909s] -- Up-to-date: /home/tanawatp/BaLEGce/balegce_ws/install/balegce_gazebo/share/balegce_gazebo/environment/path.dsv
[0.909s] -- Up-to-date: /home/tanawatp/BaLEGce/balegce_ws/install/balegce_gazebo/share/balegce_gazebo/local_setup.bash
[0.909s] -- Up-to-date: /home/tanawatp/BaLEGce/balegce_ws/install/balegce_gazebo/share/balegce_gazebo/local_setup.sh
[0.909s] -- Up-to-date: /home/tanawatp/BaLEGce/balegce_ws/install/balegce_gazebo/share/balegce_gazebo/local_setup.zsh
[0.909s] -- Up-to-date: /home/tanawatp/BaLEGce/balegce_ws/install/balegce_gazebo/share/balegce_gazebo/local_setup.dsv
[0.909s] -- Installing: /home/tanawatp/BaLEGce/balegce_ws/install/balegce_gazebo/share/balegce_gazebo/package.dsv
[0.909s] -- Up-to-date: /home/tanawatp/BaLEGce/balegce_ws/install/balegce_gazebo/share/ament_index/resource_index/packages/balegce_gazebo
[0.910s] -- Up-to-date: /home/tanawatp/BaLEGce/balegce_ws/install/balegce_gazebo/share/balegce_gazebo/cmake/balegce_gazeboConfig.cmake
[0.910s] -- Up-to-date: /home/tanawatp/BaLEGce/balegce_ws/install/balegce_gazebo/share/balegce_gazebo/cmake/balegce_gazeboConfig-version.cmake
[0.910s] -- Up-to-date: /home/tanawatp/BaLEGce/balegce_ws/install/balegce_gazebo/share/balegce_gazebo/package.xml
[0.919s] Invoked command in '/home/tanawatp/BaLEGce/balegce_ws/build/balegce_gazebo' returned '0': CMAKE_PREFIX_PATH=${CMAKE_PREFIX_PATH}:/home/tanawatp/ros2_workspaceTutorial/install/robot_controller:/opt/ros/humble /usr/bin/cmake --install /home/tanawatp/BaLEGce/balegce_ws/build/balegce_gazebo
