[0.395s] Invoking command in '/home/tanawatp/BaLEGce/balegce_ws/build/balegce_gazebo': CMAKE_PREFIX_PATH=${CMAKE_PREFIX_PATH}:/home/tanawatp/ros2_workspaceTutorial/install/robot_controller:/opt/ros/humble /usr/bin/cmake --build /home/tanawatp/BaLEGce/balegce_ws/build/balegce_gazebo -- -j8 -l8
[0.495s] [100%] Built target cpp_node_test
[0.508s] [100%] Built target ament_cmake_python_copy_balegce_gazebo
[0.910s] running egg_info
[0.912s] writing balegce_gazebo.egg-info/PKG-INFO
[0.912s] writing dependency_links to balegce_gazebo.egg-info/dependency_links.txt
[0.912s] writing top-level names to balegce_gazebo.egg-info/top_level.txt
[0.916s] reading manifest file 'balegce_gazebo.egg-info/SOURCES.txt'
[0.917s] writing manifest file 'balegce_gazebo.egg-info/SOURCES.txt'
[0.982s] [100%] Built target ament_cmake_python_build_balegce_gazebo_egg
[1.002s] Invoked command in '/home/tanawatp/BaLEGce/balegce_ws/build/balegce_gazebo' returned '0': CMAKE_PREFIX_PATH=${CMAKE_PREFIX_PATH}:/home/tanawatp/ros2_workspaceTutorial/install/robot_controller:/opt/ros/humble /usr/bin/cmake --build /home/tanawatp/BaLEGce/balegce_ws/build/balegce_gazebo -- -j8 -l8
[1.064s] Invoking command in '/home/tanawatp/BaLEGce/balegce_ws/build/balegce_gazebo': CMAKE_PREFIX_PATH=${CMAKE_PREFIX_PATH}:/home/tanawatp/ros2_workspaceTutorial/install/robot_controller:/opt/ros/humble /usr/bin/cmake --install /home/tanawatp/BaLEGce/balegce_ws/build/balegce_gazebo
[1.077s] -- Install configuration: ""
[1.078s] -- Up-to-date: /home/tanawatp/BaLEGce/balegce_ws/install/balegce_gazebo/share/balegce_gazebo/environment/pythonpath.sh
[1.078s] -- Up-to-date: /home/tanawatp/BaLEGce/balegce_ws/install/balegce_gazebo/share/balegce_gazebo/environment/pythonpath.dsv
[1.078s] -- Up-to-date: /home/tanawatp/BaLEGce/balegce_ws/install/balegce_gazebo/local/lib/python3.10/dist-packages/balegce_gazebo-0.0.0-py3.10.egg-info
[1.078s] -- Installing: /home/tanawatp/BaLEGce/balegce_ws/install/balegce_gazebo/local/lib/python3.10/dist-packages/balegce_gazebo-0.0.0-py3.10.egg-info/dependency_links.txt
[1.078s] -- Installing: /home/tanawatp/BaLEGce/balegce_ws/install/balegce_gazebo/local/lib/python3.10/dist-packages/balegce_gazebo-0.0.0-py3.10.egg-info/top_level.txt
[1.079s] -- Installing: /home/tanawatp/BaLEGce/balegce_ws/install/balegce_gazebo/local/lib/python3.10/dist-packages/balegce_gazebo-0.0.0-py3.10.egg-info/PKG-INFO
[1.079s] -- Installing: /home/tanawatp/BaLEGce/balegce_ws/install/balegce_gazebo/local/lib/python3.10/dist-packages/balegce_gazebo-0.0.0-py3.10.egg-info/SOURCES.txt
[1.080s] -- Up-to-date: /home/tanawatp/BaLEGce/balegce_ws/install/balegce_gazebo/local/lib/python3.10/dist-packages/balegce_gazebo
[1.081s] -- Up-to-date: /home/tanawatp/BaLEGce/balegce_ws/install/balegce_gazebo/local/lib/python3.10/dist-packages/balegce_gazebo/dummy_module.py
[1.081s] -- Up-to-date: /home/tanawatp/BaLEGce/balegce_ws/install/balegce_gazebo/local/lib/python3.10/dist-packages/balegce_gazebo/__init__.py
[1.158s] Listing '/home/tanawatp/BaLEGce/balegce_ws/install/balegce_gazebo/local/lib/python3.10/dist-packages/balegce_gazebo'...
[1.165s] -- Up-to-date: /home/tanawatp/BaLEGce/balegce_ws/install/balegce_gazebo/lib/balegce_gazebo/dummy_script.py
[1.166s] -- Up-to-date: /home/tanawatp/BaLEGce/balegce_ws/install/balegce_gazebo/lib/balegce_gazebo/stupid_velocity_controller.py
[1.166s] -- Up-to-date: /home/tanawatp/BaLEGce/balegce_ws/install/balegce_gazebo/lib/balegce_gazebo/read_imu.py
[1.169s] -- Up-to-date: /home/tanawatp/BaLEGce/balegce_ws/install/balegce_gazebo/lib/balegce_gazebo/cpp_node_test
[1.170s] -- Up-to-date: /home/tanawatp/BaLEGce/balegce_ws/install/balegce_gazebo/share/balegce_gazebo/launch
[1.170s] -- Up-to-date: /home/tanawatp/BaLEGce/balegce_ws/install/balegce_gazebo/share/balegce_gazebo/launch/balegce.launch.py
[1.170s] -- Up-to-date: /home/tanawatp/BaLEGce/balegce_ws/install/balegce_gazebo/share/balegce_gazebo/launch/spawn.launch.py
[1.171s] -- Up-to-date: /home/tanawatp/BaLEGce/balegce_ws/install/balegce_gazebo/share/balegce_gazebo/robot
[1.172s] -- Up-to-date: /home/tanawatp/BaLEGce/balegce_ws/install/balegce_gazebo/share/balegce_gazebo/robot/balegce_controller.gazebo.xacro
[1.173s] -- Up-to-date: /home/tanawatp/BaLEGce/balegce_ws/install/balegce_gazebo/share/balegce_gazebo/robot/balegce_sensor.gazebo.xacro
[1.173s] -- Installing: /home/tanawatp/BaLEGce/balegce_ws/install/balegce_gazebo/share/balegce_gazebo/robot/balegce.gazebo.xacro
[1.173s] -- Up-to-date: /home/tanawatp/BaLEGce/balegce_ws/install/balegce_gazebo/share/balegce_gazebo/config
[1.173s] -- Up-to-date: /home/tanawatp/BaLEGce/balegce_ws/install/balegce_gazebo/share/balegce_gazebo/config/controller_config.yaml
[1.173s] -- Up-to-date: /home/tanawatp/BaLEGce/balegce_ws/install/balegce_gazebo/share/ament_index/resource_index/package_run_dependencies/balegce_gazebo
[1.174s] -- Up-to-date: /home/tanawatp/BaLEGce/balegce_ws/install/balegce_gazebo/share/ament_index/resource_index/parent_prefix_path/balegce_gazebo
[1.174s] -- Up-to-date: /home/tanawatp/BaLEGce/balegce_ws/install/balegce_gazebo/share/balegce_gazebo/environment/ament_prefix_path.sh
[1.174s] -- Up-to-date: /home/tanawatp/BaLEGce/balegce_ws/install/balegce_gazebo/share/balegce_gazebo/environment/ament_prefix_path.dsv
[1.175s] -- Up-to-date: /home/tanawatp/BaLEGce/balegce_ws/install/balegce_gazebo/share/balegce_gazebo/environment/path.sh
[1.175s] -- Up-to-date: /home/tanawatp/BaLEGce/balegce_ws/install/balegce_gazebo/share/balegce_gazebo/environment/path.dsv
[1.176s] -- Up-to-date: /home/tanawatp/BaLEGce/balegce_ws/install/balegce_gazebo/share/balegce_gazebo/local_setup.bash
[1.176s] -- Up-to-date: /home/tanawatp/BaLEGce/balegce_ws/install/balegce_gazebo/share/balegce_gazebo/local_setup.sh
[1.177s] -- Up-to-date: /home/tanawatp/BaLEGce/balegce_ws/install/balegce_gazebo/share/balegce_gazebo/local_setup.zsh
[1.177s] -- Up-to-date: /home/tanawatp/BaLEGce/balegce_ws/install/balegce_gazebo/share/balegce_gazebo/local_setup.dsv
[1.177s] -- Installing: /home/tanawatp/BaLEGce/balegce_ws/install/balegce_gazebo/share/balegce_gazebo/package.dsv
[1.178s] -- Up-to-date: /home/tanawatp/BaLEGce/balegce_ws/install/balegce_gazebo/share/ament_index/resource_index/packages/balegce_gazebo
[1.178s] -- Up-to-date: /home/tanawatp/BaLEGce/balegce_ws/install/balegce_gazebo/share/balegce_gazebo/cmake/balegce_gazeboConfig.cmake
[1.178s] -- Up-to-date: /home/tanawatp/BaLEGce/balegce_ws/install/balegce_gazebo/share/balegce_gazebo/cmake/balegce_gazeboConfig-version.cmake
[1.179s] -- Up-to-date: /home/tanawatp/BaLEGce/balegce_ws/install/balegce_gazebo/share/balegce_gazebo/package.xml
[1.267s] Invoked command in '/home/tanawatp/BaLEGce/balegce_ws/build/balegce_gazebo' returned '0': CMAKE_PREFIX_PATH=${CMAKE_PREFIX_PATH}:/home/tanawatp/ros2_workspaceTutorial/install/robot_controller:/opt/ros/humble /usr/bin/cmake --install /home/tanawatp/BaLEGce/balegce_ws/build/balegce_gazebo
