[1.626s] DEBUG:colcon:Command line arguments: ['/usr/bin/colcon', 'build']
[1.626s] DEBUG:colcon:Parsed command line arguments: Namespace(log_base=None, log_level=None, verb_name='build', build_base='build', install_base='install', merge_install=False, symlink_install=False, test_result_base=None, continue_on_error=False, executor='parallel', parallel_workers=8, event_handlers=None, ignore_user_meta=False, metas=['./colcon.meta'], base_paths=['.'], packages_ignore=None, packages_ignore_regex=None, paths=None, packages_up_to=None, packages_up_to_regex=None, packages_above=None, packages_above_and_dependencies=None, packages_above_depth=None, packages_select_by_dep=None, packages_skip_by_dep=None, packages_skip_up_to=None, packages_select_build_failed=False, packages_skip_build_finished=False, packages_select_test_failures=False, packages_skip_test_passed=False, packages_select=None, packages_skip=None, packages_select_regex=None, packages_skip_regex=None, packages_start=None, packages_end=None, allow_overriding=[], cmake_args=None, cmake_target=None, cmake_target_skip_unavailable=False, cmake_clean_cache=False, cmake_clean_first=False, cmake_force_configure=False, ament_cmake_args=None, catkin_cmake_args=None, catkin_skip_building_tests=False, verb_parser=<colcon_defaults.argument_parser.defaults.DefaultArgumentsDecorator object at 0x7fa747c73fd0>, verb_extension=<colcon_core.verb.build.BuildVerb object at 0x7fa747c8a980>, main=<bound method BuildVerb.main of <colcon_core.verb.build.BuildVerb object at 0x7fa747c8a980>>)
[1.691s] Level 1:colcon.colcon_core.package_discovery:discover_packages(colcon_meta) check parameters
[1.692s] Level 1:colcon.colcon_core.package_discovery:discover_packages(recursive) check parameters
[1.692s] Level 1:colcon.colcon_core.package_discovery:discover_packages(ignore) check parameters
[1.692s] Level 1:colcon.colcon_core.package_discovery:discover_packages(path) check parameters
[1.692s] Level 1:colcon.colcon_core.package_discovery:discover_packages(colcon_meta) discover
[1.692s] Level 1:colcon.colcon_core.package_discovery:discover_packages(recursive) discover
[1.692s] INFO:colcon.colcon_core.package_discovery:Crawling recursively for packages in '/home/tanawatp/BaLEGce/balegce_ws'
[1.692s] Level 1:colcon.colcon_core.package_identification:_identify(.) by extensions ['ignore', 'ignore_ament_install']
[1.692s] Level 1:colcon.colcon_core.package_identification:_identify(.) by extension 'ignore'
[1.692s] Level 1:colcon.colcon_core.package_identification:_identify(.) by extension 'ignore_ament_install'
[1.692s] Level 1:colcon.colcon_core.package_identification:_identify(.) by extensions ['colcon_pkg']
[1.692s] Level 1:colcon.colcon_core.package_identification:_identify(.) by extension 'colcon_pkg'
[1.692s] Level 1:colcon.colcon_core.package_identification:_identify(.) by extensions ['colcon_meta']
[1.692s] Level 1:colcon.colcon_core.package_identification:_identify(.) by extension 'colcon_meta'
[1.692s] Level 1:colcon.colcon_core.package_identification:_identify(.) by extensions ['ros']
[1.692s] Level 1:colcon.colcon_core.package_identification:_identify(.) by extension 'ros'
[1.706s] Level 1:colcon.colcon_core.package_identification:_identify(.) by extensions ['cmake', 'python']
[1.706s] Level 1:colcon.colcon_core.package_identification:_identify(.) by extension 'cmake'
[1.706s] Level 1:colcon.colcon_core.package_identification:_identify(.) by extension 'python'
[1.706s] Level 1:colcon.colcon_core.package_identification:_identify(.) by extensions ['python_setup_py']
[1.706s] Level 1:colcon.colcon_core.package_identification:_identify(.) by extension 'python_setup_py'
[1.706s] Level 1:colcon.colcon_core.package_identification:_identify(build) by extensions ['ignore', 'ignore_ament_install']
[1.706s] Level 1:colcon.colcon_core.package_identification:_identify(build) by extension 'ignore'
[1.706s] Level 1:colcon.colcon_core.package_identification:_identify(build) ignored
[1.706s] Level 1:colcon.colcon_core.package_identification:_identify(install) by extensions ['ignore', 'ignore_ament_install']
[1.706s] Level 1:colcon.colcon_core.package_identification:_identify(install) by extension 'ignore'
[1.707s] Level 1:colcon.colcon_core.package_identification:_identify(install) ignored
[1.707s] Level 1:colcon.colcon_core.package_identification:_identify(log) by extensions ['ignore', 'ignore_ament_install']
[1.707s] Level 1:colcon.colcon_core.package_identification:_identify(log) by extension 'ignore'
[1.707s] Level 1:colcon.colcon_core.package_identification:_identify(log) ignored
[1.707s] Level 1:colcon.colcon_core.package_identification:_identify(src) by extensions ['ignore', 'ignore_ament_install']
[1.707s] Level 1:colcon.colcon_core.package_identification:_identify(src) by extension 'ignore'
[1.707s] Level 1:colcon.colcon_core.package_identification:_identify(src) by extension 'ignore_ament_install'
[1.707s] Level 1:colcon.colcon_core.package_identification:_identify(src) by extensions ['colcon_pkg']
[1.707s] Level 1:colcon.colcon_core.package_identification:_identify(src) by extension 'colcon_pkg'
[1.707s] Level 1:colcon.colcon_core.package_identification:_identify(src) by extensions ['colcon_meta']
[1.707s] Level 1:colcon.colcon_core.package_identification:_identify(src) by extension 'colcon_meta'
[1.707s] Level 1:colcon.colcon_core.package_identification:_identify(src) by extensions ['ros']
[1.707s] Level 1:colcon.colcon_core.package_identification:_identify(src) by extension 'ros'
[1.707s] Level 1:colcon.colcon_core.package_identification:_identify(src) by extensions ['cmake', 'python']
[1.707s] Level 1:colcon.colcon_core.package_identification:_identify(src) by extension 'cmake'
[1.707s] Level 1:colcon.colcon_core.package_identification:_identify(src) by extension 'python'
[1.707s] Level 1:colcon.colcon_core.package_identification:_identify(src) by extensions ['python_setup_py']
[1.708s] Level 1:colcon.colcon_core.package_identification:_identify(src) by extension 'python_setup_py'
[1.708s] Level 1:colcon.colcon_core.package_identification:_identify(src/balegce) by extensions ['ignore', 'ignore_ament_install']
[1.708s] Level 1:colcon.colcon_core.package_identification:_identify(src/balegce) by extension 'ignore'
[1.708s] Level 1:colcon.colcon_core.package_identification:_identify(src/balegce) by extension 'ignore_ament_install'
[1.708s] Level 1:colcon.colcon_core.package_identification:_identify(src/balegce) by extensions ['colcon_pkg']
[1.708s] Level 1:colcon.colcon_core.package_identification:_identify(src/balegce) by extension 'colcon_pkg'
[1.708s] Level 1:colcon.colcon_core.package_identification:_identify(src/balegce) by extensions ['colcon_meta']
[1.708s] Level 1:colcon.colcon_core.package_identification:_identify(src/balegce) by extension 'colcon_meta'
[1.708s] Level 1:colcon.colcon_core.package_identification:_identify(src/balegce) by extensions ['ros']
[1.708s] Level 1:colcon.colcon_core.package_identification:_identify(src/balegce) by extension 'ros'
[1.712s] DEBUG:colcon.colcon_core.package_identification:Package 'src/balegce' with type 'ros.ament_cmake' and name 'balegce'
[1.712s] Level 1:colcon.colcon_core.package_identification:_identify(src/balegce_controller) by extensions ['ignore', 'ignore_ament_install']
[1.712s] Level 1:colcon.colcon_core.package_identification:_identify(src/balegce_controller) by extension 'ignore'
[1.713s] Level 1:colcon.colcon_core.package_identification:_identify(src/balegce_controller) by extension 'ignore_ament_install'
[1.713s] Level 1:colcon.colcon_core.package_identification:_identify(src/balegce_controller) by extensions ['colcon_pkg']
[1.713s] Level 1:colcon.colcon_core.package_identification:_identify(src/balegce_controller) by extension 'colcon_pkg'
[1.713s] Level 1:colcon.colcon_core.package_identification:_identify(src/balegce_controller) by extensions ['colcon_meta']
[1.713s] Level 1:colcon.colcon_core.package_identification:_identify(src/balegce_controller) by extension 'colcon_meta'
[1.713s] Level 1:colcon.colcon_core.package_identification:_identify(src/balegce_controller) by extensions ['ros']
[1.713s] Level 1:colcon.colcon_core.package_identification:_identify(src/balegce_controller) by extension 'ros'
[1.714s] DEBUG:colcon.colcon_core.package_identification:Package 'src/balegce_controller' with type 'ros.ament_cmake' and name 'balegce_controller'
[1.714s] Level 1:colcon.colcon_core.package_identification:_identify(src/balegce_gazebo) by extensions ['ignore', 'ignore_ament_install']
[1.714s] Level 1:colcon.colcon_core.package_identification:_identify(src/balegce_gazebo) by extension 'ignore'
[1.714s] Level 1:colcon.colcon_core.package_identification:_identify(src/balegce_gazebo) by extension 'ignore_ament_install'
[1.714s] Level 1:colcon.colcon_core.package_identification:_identify(src/balegce_gazebo) by extensions ['colcon_pkg']
[1.714s] Level 1:colcon.colcon_core.package_identification:_identify(src/balegce_gazebo) by extension 'colcon_pkg'
[1.714s] Level 1:colcon.colcon_core.package_identification:_identify(src/balegce_gazebo) by extensions ['colcon_meta']
[1.714s] Level 1:colcon.colcon_core.package_identification:_identify(src/balegce_gazebo) by extension 'colcon_meta'
[1.714s] Level 1:colcon.colcon_core.package_identification:_identify(src/balegce_gazebo) by extensions ['ros']
[1.714s] Level 1:colcon.colcon_core.package_identification:_identify(src/balegce_gazebo) by extension 'ros'
[1.715s] DEBUG:colcon.colcon_core.package_identification:Package 'src/balegce_gazebo' with type 'ros.ament_cmake' and name 'balegce_gazebo'
[1.715s] Level 1:colcon.colcon_core.package_identification:_identify(src/motor_control) by extensions ['ignore', 'ignore_ament_install']
[1.715s] Level 1:colcon.colcon_core.package_identification:_identify(src/motor_control) by extension 'ignore'
[1.716s] Level 1:colcon.colcon_core.package_identification:_identify(src/motor_control) by extension 'ignore_ament_install'
[1.716s] Level 1:colcon.colcon_core.package_identification:_identify(src/motor_control) by extensions ['colcon_pkg']
[1.716s] Level 1:colcon.colcon_core.package_identification:_identify(src/motor_control) by extension 'colcon_pkg'
[1.716s] Level 1:colcon.colcon_core.package_identification:_identify(src/motor_control) by extensions ['colcon_meta']
[1.716s] Level 1:colcon.colcon_core.package_identification:_identify(src/motor_control) by extension 'colcon_meta'
[1.716s] Level 1:colcon.colcon_core.package_identification:_identify(src/motor_control) by extensions ['ros']
[1.716s] Level 1:colcon.colcon_core.package_identification:_identify(src/motor_control) by extension 'ros'
[1.717s] DEBUG:colcon.colcon_core.package_identification:Package 'src/motor_control' with type 'ros.ament_cmake' and name 'motor_control'
[1.717s] Level 1:colcon.colcon_core.package_identification:_identify(src/read_sensor) by extensions ['ignore', 'ignore_ament_install']
[1.717s] Level 1:colcon.colcon_core.package_identification:_identify(src/read_sensor) by extension 'ignore'
[1.717s] Level 1:colcon.colcon_core.package_identification:_identify(src/read_sensor) by extension 'ignore_ament_install'
[1.717s] Level 1:colcon.colcon_core.package_identification:_identify(src/read_sensor) by extensions ['colcon_pkg']
[1.717s] Level 1:colcon.colcon_core.package_identification:_identify(src/read_sensor) by extension 'colcon_pkg'
[1.717s] Level 1:colcon.colcon_core.package_identification:_identify(src/read_sensor) by extensions ['colcon_meta']
[1.717s] Level 1:colcon.colcon_core.package_identification:_identify(src/read_sensor) by extension 'colcon_meta'
[1.718s] Level 1:colcon.colcon_core.package_identification:_identify(src/read_sensor) by extensions ['ros']
[1.718s] Level 1:colcon.colcon_core.package_identification:_identify(src/read_sensor) by extension 'ros'
[1.718s] DEBUG:colcon.colcon_core.package_identification:Package 'src/read_sensor' with type 'ros.ament_cmake' and name 'read_sensor'
[1.718s] Level 1:colcon.colcon_core.package_discovery:discover_packages(recursive) using defaults
[1.719s] Level 1:colcon.colcon_core.package_discovery:discover_packages(ignore) discover
[1.719s] Level 1:colcon.colcon_core.package_discovery:discover_packages(ignore) using defaults
[1.719s] Level 1:colcon.colcon_core.package_discovery:discover_packages(path) discover
[1.719s] Level 1:colcon.colcon_core.package_discovery:discover_packages(path) using defaults
[1.866s] Level 1:colcon.colcon_core.package_discovery:discover_packages(prefix_path) check parameters
[1.866s] Level 1:colcon.colcon_core.package_discovery:discover_packages(prefix_path) discover
[1.888s] WARNING:colcon.colcon_ros.prefix_path.ament:The path '/home/tanawatp/BaLEGce/balegce_ws/install/motor_control' in the environment variable AMENT_PREFIX_PATH doesn't exist
[1.888s] WARNING:colcon.colcon_ros.prefix_path.ament:The path '/home/tanawatp/BaLEGce/balegce_ws/install/balegce_gazebo' in the environment variable AMENT_PREFIX_PATH doesn't exist
[1.888s] WARNING:colcon.colcon_ros.prefix_path.ament:The path '/home/tanawatp/BaLEGce/balegce_ws/install/balegce' in the environment variable AMENT_PREFIX_PATH doesn't exist
[1.889s] WARNING:colcon.colcon_ros.prefix_path.catkin:The path '/home/tanawatp/BaLEGce/balegce_ws/install/motor_control' in the environment variable CMAKE_PREFIX_PATH doesn't exist
[1.889s] WARNING:colcon.colcon_ros.prefix_path.catkin:The path '/home/tanawatp/BaLEGce/balegce_ws/install/balegce_gazebo' in the environment variable CMAKE_PREFIX_PATH doesn't exist
[1.889s] WARNING:colcon.colcon_ros.prefix_path.catkin:The path '/home/tanawatp/BaLEGce/balegce_ws/install/balegce' in the environment variable CMAKE_PREFIX_PATH doesn't exist
[1.913s] DEBUG:colcon.colcon_installed_package_information.package_discovery:Found 0 installed packages in /home/tanawatp/BaLEGce/balegce_ws/install
[1.939s] DEBUG:colcon.colcon_installed_package_information.package_discovery:Found 6 installed packages in /home/tanawatp/humanoid_ws/install
[1.965s] DEBUG:colcon.colcon_installed_package_information.package_discovery:Found 8 installed packages in /home/tanawatp/fra501_robotdevop/fra501_ws/install
[2.005s] DEBUG:colcon.colcon_installed_package_information.package_discovery:Found 2 installed packages in /home/tanawatp/ros2_workspaceTutorial/install
[2.031s] DEBUG:colcon.colcon_installed_package_information.package_discovery:Found 376 installed packages in /opt/ros/humble
[2.033s] Level 1:colcon.colcon_core.package_discovery:discover_packages(prefix_path) using defaults
[2.184s] Level 5:colcon.colcon_core.verb:set package 'balegce' build argument 'cmake_args' from command line to 'None'
[2.184s] Level 5:colcon.colcon_core.verb:set package 'balegce' build argument 'cmake_target' from command line to 'None'
[2.184s] Level 5:colcon.colcon_core.verb:set package 'balegce' build argument 'cmake_target_skip_unavailable' from command line to 'False'
[2.184s] Level 5:colcon.colcon_core.verb:set package 'balegce' build argument 'cmake_clean_cache' from command line to 'False'
[2.185s] Level 5:colcon.colcon_core.verb:set package 'balegce' build argument 'cmake_clean_first' from command line to 'False'
[2.185s] Level 5:colcon.colcon_core.verb:set package 'balegce' build argument 'cmake_force_configure' from command line to 'False'
[2.185s] Level 5:colcon.colcon_core.verb:set package 'balegce' build argument 'ament_cmake_args' from command line to 'None'
[2.185s] Level 5:colcon.colcon_core.verb:set package 'balegce' build argument 'catkin_cmake_args' from command line to 'None'
[2.185s] Level 5:colcon.colcon_core.verb:set package 'balegce' build argument 'catkin_skip_building_tests' from command line to 'False'
[2.185s] DEBUG:colcon.colcon_core.verb:Building package 'balegce' with the following arguments: {'ament_cmake_args': None, 'build_base': '/home/tanawatp/BaLEGce/balegce_ws/build/balegce', 'catkin_cmake_args': None, 'catkin_skip_building_tests': False, 'cmake_args': None, 'cmake_clean_cache': False, 'cmake_clean_first': False, 'cmake_force_configure': False, 'cmake_target': None, 'cmake_target_skip_unavailable': False, 'install_base': '/home/tanawatp/BaLEGce/balegce_ws/install/balegce', 'merge_install': False, 'path': '/home/tanawatp/BaLEGce/balegce_ws/src/balegce', 'symlink_install': False, 'test_result_base': None}
[2.209s] Level 5:colcon.colcon_core.verb:set package 'balegce_controller' build argument 'cmake_args' from command line to 'None'
[2.209s] Level 5:colcon.colcon_core.verb:set package 'balegce_controller' build argument 'cmake_target' from command line to 'None'
[2.209s] Level 5:colcon.colcon_core.verb:set package 'balegce_controller' build argument 'cmake_target_skip_unavailable' from command line to 'False'
[2.209s] Level 5:colcon.colcon_core.verb:set package 'balegce_controller' build argument 'cmake_clean_cache' from command line to 'False'
[2.209s] Level 5:colcon.colcon_core.verb:set package 'balegce_controller' build argument 'cmake_clean_first' from command line to 'False'
[2.209s] Level 5:colcon.colcon_core.verb:set package 'balegce_controller' build argument 'cmake_force_configure' from command line to 'False'
[2.209s] Level 5:colcon.colcon_core.verb:set package 'balegce_controller' build argument 'ament_cmake_args' from command line to 'None'
[2.209s] Level 5:colcon.colcon_core.verb:set package 'balegce_controller' build argument 'catkin_cmake_args' from command line to 'None'
[2.209s] Level 5:colcon.colcon_core.verb:set package 'balegce_controller' build argument 'catkin_skip_building_tests' from command line to 'False'
[2.209s] DEBUG:colcon.colcon_core.verb:Building package 'balegce_controller' with the following arguments: {'ament_cmake_args': None, 'build_base': '/home/tanawatp/BaLEGce/balegce_ws/build/balegce_controller', 'catkin_cmake_args': None, 'catkin_skip_building_tests': False, 'cmake_args': None, 'cmake_clean_cache': False, 'cmake_clean_first': False, 'cmake_force_configure': False, 'cmake_target': None, 'cmake_target_skip_unavailable': False, 'install_base': '/home/tanawatp/BaLEGce/balegce_ws/install/balegce_controller', 'merge_install': False, 'path': '/home/tanawatp/BaLEGce/balegce_ws/src/balegce_controller', 'symlink_install': False, 'test_result_base': None}
[2.233s] Level 5:colcon.colcon_core.verb:set package 'balegce_gazebo' build argument 'cmake_args' from command line to 'None'
[2.233s] Level 5:colcon.colcon_core.verb:set package 'balegce_gazebo' build argument 'cmake_target' from command line to 'None'
[2.233s] Level 5:colcon.colcon_core.verb:set package 'balegce_gazebo' build argument 'cmake_target_skip_unavailable' from command line to 'False'
[2.233s] Level 5:colcon.colcon_core.verb:set package 'balegce_gazebo' build argument 'cmake_clean_cache' from command line to 'False'
[2.233s] Level 5:colcon.colcon_core.verb:set package 'balegce_gazebo' build argument 'cmake_clean_first' from command line to 'False'
[2.233s] Level 5:colcon.colcon_core.verb:set package 'balegce_gazebo' build argument 'cmake_force_configure' from command line to 'False'
[2.233s] Level 5:colcon.colcon_core.verb:set package 'balegce_gazebo' build argument 'ament_cmake_args' from command line to 'None'
[2.233s] Level 5:colcon.colcon_core.verb:set package 'balegce_gazebo' build argument 'catkin_cmake_args' from command line to 'None'
[2.234s] Level 5:colcon.colcon_core.verb:set package 'balegce_gazebo' build argument 'catkin_skip_building_tests' from command line to 'False'
[2.234s] DEBUG:colcon.colcon_core.verb:Building package 'balegce_gazebo' with the following arguments: {'ament_cmake_args': None, 'build_base': '/home/tanawatp/BaLEGce/balegce_ws/build/balegce_gazebo', 'catkin_cmake_args': None, 'catkin_skip_building_tests': False, 'cmake_args': None, 'cmake_clean_cache': False, 'cmake_clean_first': False, 'cmake_force_configure': False, 'cmake_target': None, 'cmake_target_skip_unavailable': False, 'install_base': '/home/tanawatp/BaLEGce/balegce_ws/install/balegce_gazebo', 'merge_install': False, 'path': '/home/tanawatp/BaLEGce/balegce_ws/src/balegce_gazebo', 'symlink_install': False, 'test_result_base': None}
[2.257s] Level 5:colcon.colcon_core.verb:set package 'motor_control' build argument 'cmake_args' from command line to 'None'
[2.257s] Level 5:colcon.colcon_core.verb:set package 'motor_control' build argument 'cmake_target' from command line to 'None'
[2.257s] Level 5:colcon.colcon_core.verb:set package 'motor_control' build argument 'cmake_target_skip_unavailable' from command line to 'False'
[2.257s] Level 5:colcon.colcon_core.verb:set package 'motor_control' build argument 'cmake_clean_cache' from command line to 'False'
[2.257s] Level 5:colcon.colcon_core.verb:set package 'motor_control' build argument 'cmake_clean_first' from command line to 'False'
[2.257s] Level 5:colcon.colcon_core.verb:set package 'motor_control' build argument 'cmake_force_configure' from command line to 'False'
[2.257s] Level 5:colcon.colcon_core.verb:set package 'motor_control' build argument 'ament_cmake_args' from command line to 'None'
[2.257s] Level 5:colcon.colcon_core.verb:set package 'motor_control' build argument 'catkin_cmake_args' from command line to 'None'
[2.257s] Level 5:colcon.colcon_core.verb:set package 'motor_control' build argument 'catkin_skip_building_tests' from command line to 'False'
[2.257s] DEBUG:colcon.colcon_core.verb:Building package 'motor_control' with the following arguments: {'ament_cmake_args': None, 'build_base': '/home/tanawatp/BaLEGce/balegce_ws/build/motor_control', 'catkin_cmake_args': None, 'catkin_skip_building_tests': False, 'cmake_args': None, 'cmake_clean_cache': False, 'cmake_clean_first': False, 'cmake_force_configure': False, 'cmake_target': None, 'cmake_target_skip_unavailable': False, 'install_base': '/home/tanawatp/BaLEGce/balegce_ws/install/motor_control', 'merge_install': False, 'path': '/home/tanawatp/BaLEGce/balegce_ws/src/motor_control', 'symlink_install': False, 'test_result_base': None}
[2.280s] Level 5:colcon.colcon_core.verb:set package 'read_sensor' build argument 'cmake_args' from command line to 'None'
[2.280s] Level 5:colcon.colcon_core.verb:set package 'read_sensor' build argument 'cmake_target' from command line to 'None'
[2.280s] Level 5:colcon.colcon_core.verb:set package 'read_sensor' build argument 'cmake_target_skip_unavailable' from command line to 'False'
[2.280s] Level 5:colcon.colcon_core.verb:set package 'read_sensor' build argument 'cmake_clean_cache' from command line to 'False'
[2.280s] Level 5:colcon.colcon_core.verb:set package 'read_sensor' build argument 'cmake_clean_first' from command line to 'False'
[2.281s] Level 5:colcon.colcon_core.verb:set package 'read_sensor' build argument 'cmake_force_configure' from command line to 'False'
[2.281s] Level 5:colcon.colcon_core.verb:set package 'read_sensor' build argument 'ament_cmake_args' from command line to 'None'
[2.281s] Level 5:colcon.colcon_core.verb:set package 'read_sensor' build argument 'catkin_cmake_args' from command line to 'None'
[2.281s] Level 5:colcon.colcon_core.verb:set package 'read_sensor' build argument 'catkin_skip_building_tests' from command line to 'False'
[2.281s] DEBUG:colcon.colcon_core.verb:Building package 'read_sensor' with the following arguments: {'ament_cmake_args': None, 'build_base': '/home/tanawatp/BaLEGce/balegce_ws/build/read_sensor', 'catkin_cmake_args': None, 'catkin_skip_building_tests': False, 'cmake_args': None, 'cmake_clean_cache': False, 'cmake_clean_first': False, 'cmake_force_configure': False, 'cmake_target': None, 'cmake_target_skip_unavailable': False, 'install_base': '/home/tanawatp/BaLEGce/balegce_ws/install/read_sensor', 'merge_install': False, 'path': '/home/tanawatp/BaLEGce/balegce_ws/src/read_sensor', 'symlink_install': False, 'test_result_base': None}
[2.302s] INFO:colcon.colcon_core.executor:Executing jobs using 'parallel' executor
[2.326s] DEBUG:colcon.colcon_parallel_executor.executor.parallel:run_until_complete
[2.326s] INFO:colcon.colcon_ros.task.ament_cmake.build:Building ROS package in '/home/tanawatp/BaLEGce/balegce_ws/src/balegce' with build type 'ament_cmake'
[2.326s] INFO:colcon.colcon_cmake.task.cmake.build:Building CMake package in '/home/tanawatp/BaLEGce/balegce_ws/src/balegce'
[2.351s] INFO:colcon.colcon_core.plugin_system:Skipping extension 'colcon_core.shell.bat': Not used on non-Windows systems
[2.351s] INFO:colcon.colcon_core.shell:Skip shell extension 'powershell' for command environment: Not usable outside of PowerShell
[2.351s] DEBUG:colcon.colcon_core.shell:Skip shell extension 'dsv' for command environment
[2.485s] INFO:colcon.colcon_ros.task.ament_cmake.build:Building ROS package in '/home/tanawatp/BaLEGce/balegce_ws/src/balegce_controller' with build type 'ament_cmake'
[2.486s] INFO:colcon.colcon_cmake.task.cmake.build:Building CMake package in '/home/tanawatp/BaLEGce/balegce_ws/src/balegce_controller'
[2.507s] INFO:colcon.colcon_core.shell:Skip shell extension 'powershell' for command environment: Not usable outside of PowerShell
[2.507s] DEBUG:colcon.colcon_core.shell:Skip shell extension 'dsv' for command environment
[2.650s] INFO:colcon.colcon_ros.task.ament_cmake.build:Building ROS package in '/home/tanawatp/BaLEGce/balegce_ws/src/balegce_gazebo' with build type 'ament_cmake'
[2.650s] INFO:colcon.colcon_cmake.task.cmake.build:Building CMake package in '/home/tanawatp/BaLEGce/balegce_ws/src/balegce_gazebo'
[2.676s] INFO:colcon.colcon_core.shell:Skip shell extension 'powershell' for command environment: Not usable outside of PowerShell
[2.676s] DEBUG:colcon.colcon_core.shell:Skip shell extension 'dsv' for command environment
[2.825s] INFO:colcon.colcon_ros.task.ament_cmake.build:Building ROS package in '/home/tanawatp/BaLEGce/balegce_ws/src/motor_control' with build type 'ament_cmake'
[2.825s] INFO:colcon.colcon_cmake.task.cmake.build:Building CMake package in '/home/tanawatp/BaLEGce/balegce_ws/src/motor_control'
[2.849s] INFO:colcon.colcon_core.shell:Skip shell extension 'powershell' for command environment: Not usable outside of PowerShell
[2.849s] DEBUG:colcon.colcon_core.shell:Skip shell extension 'dsv' for command environment
[2.987s] INFO:colcon.colcon_ros.task.ament_cmake.build:Building ROS package in '/home/tanawatp/BaLEGce/balegce_ws/src/read_sensor' with build type 'ament_cmake'
[2.987s] INFO:colcon.colcon_cmake.task.cmake.build:Building CMake package in '/home/tanawatp/BaLEGce/balegce_ws/src/read_sensor'
[3.010s] INFO:colcon.colcon_core.shell:Skip shell extension 'powershell' for command environment: Not usable outside of PowerShell
[3.010s] DEBUG:colcon.colcon_core.shell:Skip shell extension 'dsv' for command environment
[3.157s] DEBUG:colcon.colcon_core.event_handler.log_command:Invoking command in '/home/tanawatp/BaLEGce/balegce_ws/build/balegce': CMAKE_PREFIX_PATH=${CMAKE_PREFIX_PATH}:/home/tanawatp/ros2_workspaceTutorial/install/robot_controller:/opt/ros/humble /usr/bin/cmake /home/tanawatp/BaLEGce/balegce_ws/src/balegce -DCMAKE_INSTALL_PREFIX=/home/tanawatp/BaLEGce/balegce_ws/install/balegce
[3.163s] DEBUG:colcon.colcon_core.event_handler.log_command:Invoking command in '/home/tanawatp/BaLEGce/balegce_ws/build/balegce_controller': CMAKE_PREFIX_PATH=${CMAKE_PREFIX_PATH}:/home/tanawatp/ros2_workspaceTutorial/install/robot_controller:/opt/ros/humble /usr/bin/cmake /home/tanawatp/BaLEGce/balegce_ws/src/balegce_controller -DCMAKE_INSTALL_PREFIX=/home/tanawatp/BaLEGce/balegce_ws/install/balegce_controller
[3.173s] DEBUG:colcon.colcon_core.event_handler.log_command:Invoking command in '/home/tanawatp/BaLEGce/balegce_ws/build/balegce_gazebo': CMAKE_PREFIX_PATH=${CMAKE_PREFIX_PATH}:/home/tanawatp/ros2_workspaceTutorial/install/robot_controller:/opt/ros/humble /usr/bin/cmake /home/tanawatp/BaLEGce/balegce_ws/src/balegce_gazebo -DCMAKE_INSTALL_PREFIX=/home/tanawatp/BaLEGce/balegce_ws/install/balegce_gazebo
[3.178s] DEBUG:colcon.colcon_core.event_handler.log_command:Invoking command in '/home/tanawatp/BaLEGce/balegce_ws/build/motor_control': CMAKE_PREFIX_PATH=${CMAKE_PREFIX_PATH}:/home/tanawatp/ros2_workspaceTutorial/install/robot_controller:/opt/ros/humble /usr/bin/cmake /home/tanawatp/BaLEGce/balegce_ws/src/motor_control -DCMAKE_INSTALL_PREFIX=/home/tanawatp/BaLEGce/balegce_ws/install/motor_control
[3.184s] DEBUG:colcon.colcon_core.event_handler.log_command:Invoking command in '/home/tanawatp/BaLEGce/balegce_ws/build/read_sensor': CMAKE_PREFIX_PATH=${CMAKE_PREFIX_PATH}:/home/tanawatp/ros2_workspaceTutorial/install/robot_controller:/opt/ros/humble /usr/bin/cmake /home/tanawatp/BaLEGce/balegce_ws/src/read_sensor -DCMAKE_INSTALL_PREFIX=/home/tanawatp/BaLEGce/balegce_ws/install/read_sensor
[5.829s] DEBUG:colcon.colcon_core.event_handler.log_command:Invoked command in '/home/tanawatp/BaLEGce/balegce_ws/build/balegce_controller' returned '0': CMAKE_PREFIX_PATH=${CMAKE_PREFIX_PATH}:/home/tanawatp/ros2_workspaceTutorial/install/robot_controller:/opt/ros/humble /usr/bin/cmake /home/tanawatp/BaLEGce/balegce_ws/src/balegce_controller -DCMAKE_INSTALL_PREFIX=/home/tanawatp/BaLEGce/balegce_ws/install/balegce_controller
[5.833s] DEBUG:colcon.colcon_core.event_handler.log_command:Invoking command in '/home/tanawatp/BaLEGce/balegce_ws/build/balegce_controller': CMAKE_PREFIX_PATH=${CMAKE_PREFIX_PATH}:/home/tanawatp/ros2_workspaceTutorial/install/robot_controller:/opt/ros/humble /usr/bin/cmake --build /home/tanawatp/BaLEGce/balegce_ws/build/balegce_controller -- -j8 -l8
[5.918s] DEBUG:colcon.colcon_core.event_handler.log_command:Invoked command in '/home/tanawatp/BaLEGce/balegce_ws/build/read_sensor' returned '0': CMAKE_PREFIX_PATH=${CMAKE_PREFIX_PATH}:/home/tanawatp/ros2_workspaceTutorial/install/robot_controller:/opt/ros/humble /usr/bin/cmake /home/tanawatp/BaLEGce/balegce_ws/src/read_sensor -DCMAKE_INSTALL_PREFIX=/home/tanawatp/BaLEGce/balegce_ws/install/read_sensor
[5.918s] DEBUG:colcon.colcon_core.event_handler.log_command:Invoking command in '/home/tanawatp/BaLEGce/balegce_ws/build/read_sensor': CMAKE_PREFIX_PATH=${CMAKE_PREFIX_PATH}:/home/tanawatp/ros2_workspaceTutorial/install/robot_controller:/opt/ros/humble /usr/bin/cmake --build /home/tanawatp/BaLEGce/balegce_ws/build/read_sensor -- -j8 -l8
[5.954s] DEBUG:colcon.colcon_core.event_handler.log_command:Invoked command in '/home/tanawatp/BaLEGce/balegce_ws/build/balegce_gazebo' returned '0': CMAKE_PREFIX_PATH=${CMAKE_PREFIX_PATH}:/home/tanawatp/ros2_workspaceTutorial/install/robot_controller:/opt/ros/humble /usr/bin/cmake /home/tanawatp/BaLEGce/balegce_ws/src/balegce_gazebo -DCMAKE_INSTALL_PREFIX=/home/tanawatp/BaLEGce/balegce_ws/install/balegce_gazebo
[5.959s] DEBUG:colcon.colcon_core.event_handler.log_command:Invoking command in '/home/tanawatp/BaLEGce/balegce_ws/build/balegce_gazebo': CMAKE_PREFIX_PATH=${CMAKE_PREFIX_PATH}:/home/tanawatp/ros2_workspaceTutorial/install/robot_controller:/opt/ros/humble /usr/bin/cmake --build /home/tanawatp/BaLEGce/balegce_ws/build/balegce_gazebo -- -j8 -l8
[6.020s] DEBUG:colcon.colcon_core.event_handler.log_command:Invoked command in '/home/tanawatp/BaLEGce/balegce_ws/build/balegce' returned '0': CMAKE_PREFIX_PATH=${CMAKE_PREFIX_PATH}:/home/tanawatp/ros2_workspaceTutorial/install/robot_controller:/opt/ros/humble /usr/bin/cmake /home/tanawatp/BaLEGce/balegce_ws/src/balegce -DCMAKE_INSTALL_PREFIX=/home/tanawatp/BaLEGce/balegce_ws/install/balegce
[6.021s] DEBUG:colcon.colcon_core.event_handler.log_command:Invoking command in '/home/tanawatp/BaLEGce/balegce_ws/build/balegce': CMAKE_PREFIX_PATH=${CMAKE_PREFIX_PATH}:/home/tanawatp/ros2_workspaceTutorial/install/robot_controller:/opt/ros/humble /usr/bin/cmake --build /home/tanawatp/BaLEGce/balegce_ws/build/balegce -- -j8 -l8
[6.041s] DEBUG:colcon.colcon_core.event_handler.log_command:Invoked command in '/home/tanawatp/BaLEGce/balegce_ws/build/motor_control' returned '0': CMAKE_PREFIX_PATH=${CMAKE_PREFIX_PATH}:/home/tanawatp/ros2_workspaceTutorial/install/robot_controller:/opt/ros/humble /usr/bin/cmake /home/tanawatp/BaLEGce/balegce_ws/src/motor_control -DCMAKE_INSTALL_PREFIX=/home/tanawatp/BaLEGce/balegce_ws/install/motor_control
[6.042s] DEBUG:colcon.colcon_core.event_handler.log_command:Invoking command in '/home/tanawatp/BaLEGce/balegce_ws/build/motor_control': CMAKE_PREFIX_PATH=${CMAKE_PREFIX_PATH}:/home/tanawatp/ros2_workspaceTutorial/install/robot_controller:/opt/ros/humble /usr/bin/cmake --build /home/tanawatp/BaLEGce/balegce_ws/build/motor_control -- -j8 -l8
[6.861s] DEBUG:colcon.colcon_core.event_handler.log_command:Invoked command in '/home/tanawatp/BaLEGce/balegce_ws/build/balegce_controller' returned '0': CMAKE_PREFIX_PATH=${CMAKE_PREFIX_PATH}:/home/tanawatp/ros2_workspaceTutorial/install/robot_controller:/opt/ros/humble /usr/bin/cmake --build /home/tanawatp/BaLEGce/balegce_ws/build/balegce_controller -- -j8 -l8
[6.978s] DEBUG:colcon.colcon_core.event_handler.log_command:Invoking command in '/home/tanawatp/BaLEGce/balegce_ws/build/balegce_controller': CMAKE_PREFIX_PATH=${CMAKE_PREFIX_PATH}:/home/tanawatp/ros2_workspaceTutorial/install/robot_controller:/opt/ros/humble /usr/bin/cmake --install /home/tanawatp/BaLEGce/balegce_ws/build/balegce_controller
[6.982s] DEBUG:colcon.colcon_core.event_handler.log_command:Invoked command in '/home/tanawatp/BaLEGce/balegce_ws/build/read_sensor' returned '0': CMAKE_PREFIX_PATH=${CMAKE_PREFIX_PATH}:/home/tanawatp/ros2_workspaceTutorial/install/robot_controller:/opt/ros/humble /usr/bin/cmake --build /home/tanawatp/BaLEGce/balegce_ws/build/read_sensor -- -j8 -l8
[7.004s] DEBUG:colcon.colcon_core.event_handler.log_command:Invoked command in '/home/tanawatp/BaLEGce/balegce_ws/build/balegce' returned '0': CMAKE_PREFIX_PATH=${CMAKE_PREFIX_PATH}:/home/tanawatp/ros2_workspaceTutorial/install/robot_controller:/opt/ros/humble /usr/bin/cmake --build /home/tanawatp/BaLEGce/balegce_ws/build/balegce -- -j8 -l8
[7.059s] DEBUG:colcon.colcon_core.event_handler.log_command:Invoking command in '/home/tanawatp/BaLEGce/balegce_ws/build/balegce': CMAKE_PREFIX_PATH=${CMAKE_PREFIX_PATH}:/home/tanawatp/ros2_workspaceTutorial/install/robot_controller:/opt/ros/humble /usr/bin/cmake --install /home/tanawatp/BaLEGce/balegce_ws/build/balegce
[7.065s] DEBUG:colcon.colcon_core.event_handler.log_command:Invoking command in '/home/tanawatp/BaLEGce/balegce_ws/build/read_sensor': CMAKE_PREFIX_PATH=${CMAKE_PREFIX_PATH}:/home/tanawatp/ros2_workspaceTutorial/install/robot_controller:/opt/ros/humble /usr/bin/cmake --install /home/tanawatp/BaLEGce/balegce_ws/build/read_sensor
[7.095s] DEBUG:colcon.colcon_core.event_handler.log_command:Invoked command in '/home/tanawatp/BaLEGce/balegce_ws/build/balegce_gazebo' returned '0': CMAKE_PREFIX_PATH=${CMAKE_PREFIX_PATH}:/home/tanawatp/ros2_workspaceTutorial/install/robot_controller:/opt/ros/humble /usr/bin/cmake --build /home/tanawatp/BaLEGce/balegce_ws/build/balegce_gazebo -- -j8 -l8
[7.095s] Level 1:colcon.colcon_core.environment:create_environment_scripts_only(balegce_controller)
[7.105s] DEBUG:colcon.colcon_core.event_handler.log_command:Invoked command in '/home/tanawatp/BaLEGce/balegce_ws/build/balegce_controller' returned '0': CMAKE_PREFIX_PATH=${CMAKE_PREFIX_PATH}:/home/tanawatp/ros2_workspaceTutorial/install/robot_controller:/opt/ros/humble /usr/bin/cmake --install /home/tanawatp/BaLEGce/balegce_ws/build/balegce_controller
[7.139s] Level 1:colcon.colcon_core.environment:checking '/home/tanawatp/BaLEGce/balegce_ws/install/balegce_controller' for CMake module files
[7.140s] Level 1:colcon.colcon_core.environment:checking '/home/tanawatp/BaLEGce/balegce_ws/install/balegce_controller' for CMake config files
[7.140s] Level 1:colcon.colcon_core.shell:create_environment_hook('balegce_controller', 'cmake_prefix_path')
[7.186s] INFO:colcon.colcon_core.shell:Creating environment hook '/home/tanawatp/BaLEGce/balegce_ws/install/balegce_controller/share/balegce_controller/hook/cmake_prefix_path.ps1'
[7.189s] INFO:colcon.colcon_core.shell:Creating environment descriptor '/home/tanawatp/BaLEGce/balegce_ws/install/balegce_controller/share/balegce_controller/hook/cmake_prefix_path.dsv'
[7.189s] INFO:colcon.colcon_core.shell:Creating environment hook '/home/tanawatp/BaLEGce/balegce_ws/install/balegce_controller/share/balegce_controller/hook/cmake_prefix_path.sh'
[7.191s] Level 1:colcon.colcon_core.environment:checking '/home/tanawatp/BaLEGce/balegce_ws/install/balegce_controller/lib'
[7.191s] Level 1:colcon.colcon_core.environment:checking '/home/tanawatp/BaLEGce/balegce_ws/install/balegce_controller/bin'
[7.191s] Level 1:colcon.colcon_core.environment:checking '/home/tanawatp/BaLEGce/balegce_ws/install/balegce_controller/lib/pkgconfig/balegce_controller.pc'
[7.191s] Level 1:colcon.colcon_core.environment:checking '/home/tanawatp/BaLEGce/balegce_ws/install/balegce_controller/lib/python3.10/site-packages'
[7.192s] Level 1:colcon.colcon_core.environment:checking '/home/tanawatp/BaLEGce/balegce_ws/install/balegce_controller/bin'
[7.220s] INFO:colcon.colcon_core.shell:Creating package script '/home/tanawatp/BaLEGce/balegce_ws/install/balegce_controller/share/balegce_controller/package.ps1'
[7.221s] INFO:colcon.colcon_core.shell:Creating package descriptor '/home/tanawatp/BaLEGce/balegce_ws/install/balegce_controller/share/balegce_controller/package.dsv'
[7.222s] INFO:colcon.colcon_core.shell:Creating package script '/home/tanawatp/BaLEGce/balegce_ws/install/balegce_controller/share/balegce_controller/package.sh'
[7.224s] INFO:colcon.colcon_core.shell:Creating package script '/home/tanawatp/BaLEGce/balegce_ws/install/balegce_controller/share/balegce_controller/package.bash'
[7.225s] INFO:colcon.colcon_core.shell:Creating package script '/home/tanawatp/BaLEGce/balegce_ws/install/balegce_controller/share/balegce_controller/package.zsh'
[7.226s] Level 1:colcon.colcon_core.environment:create_file_with_runtime_dependencies(/home/tanawatp/BaLEGce/balegce_ws/install/balegce_controller/share/colcon-core/packages/balegce_controller)
[7.229s] Level 1:colcon.colcon_core.environment:create_environment_scripts_only(balegce)
[7.230s] DEBUG:colcon.colcon_core.event_handler.log_command:Invoked command in '/home/tanawatp/BaLEGce/balegce_ws/build/balegce' returned '0': CMAKE_PREFIX_PATH=${CMAKE_PREFIX_PATH}:/home/tanawatp/ros2_workspaceTutorial/install/robot_controller:/opt/ros/humble /usr/bin/cmake --install /home/tanawatp/BaLEGce/balegce_ws/build/balegce
[7.276s] Level 1:colcon.colcon_core.environment:checking '/home/tanawatp/BaLEGce/balegce_ws/install/balegce' for CMake module files
[7.277s] Level 1:colcon.colcon_core.environment:checking '/home/tanawatp/BaLEGce/balegce_ws/install/balegce' for CMake config files
[7.277s] Level 1:colcon.colcon_core.shell:create_environment_hook('balegce', 'cmake_prefix_path')
[7.299s] INFO:colcon.colcon_core.shell:Creating environment hook '/home/tanawatp/BaLEGce/balegce_ws/install/balegce/share/balegce/hook/cmake_prefix_path.ps1'
[7.299s] INFO:colcon.colcon_core.shell:Creating environment descriptor '/home/tanawatp/BaLEGce/balegce_ws/install/balegce/share/balegce/hook/cmake_prefix_path.dsv'
[7.300s] INFO:colcon.colcon_core.shell:Creating environment hook '/home/tanawatp/BaLEGce/balegce_ws/install/balegce/share/balegce/hook/cmake_prefix_path.sh'
[7.300s] Level 1:colcon.colcon_core.environment:checking '/home/tanawatp/BaLEGce/balegce_ws/install/balegce/bin'
[7.300s] Level 1:colcon.colcon_core.environment:checking '/home/tanawatp/BaLEGce/balegce_ws/install/balegce/lib/pkgconfig/balegce.pc'
[7.301s] Level 1:colcon.colcon_core.environment:checking '/home/tanawatp/BaLEGce/balegce_ws/install/balegce/lib/python3.10/site-packages'
[7.301s] Level 1:colcon.colcon_core.environment:checking '/home/tanawatp/BaLEGce/balegce_ws/install/balegce/bin'
[7.322s] INFO:colcon.colcon_core.shell:Creating package script '/home/tanawatp/BaLEGce/balegce_ws/install/balegce/share/balegce/package.ps1'
[7.323s] INFO:colcon.colcon_core.shell:Creating package descriptor '/home/tanawatp/BaLEGce/balegce_ws/install/balegce/share/balegce/package.dsv'
[7.323s] INFO:colcon.colcon_core.shell:Creating package script '/home/tanawatp/BaLEGce/balegce_ws/install/balegce/share/balegce/package.sh'
[7.323s] INFO:colcon.colcon_core.shell:Creating package script '/home/tanawatp/BaLEGce/balegce_ws/install/balegce/share/balegce/package.bash'
[7.324s] INFO:colcon.colcon_core.shell:Creating package script '/home/tanawatp/BaLEGce/balegce_ws/install/balegce/share/balegce/package.zsh'
[7.324s] Level 1:colcon.colcon_core.environment:create_file_with_runtime_dependencies(/home/tanawatp/BaLEGce/balegce_ws/install/balegce/share/colcon-core/packages/balegce)
[7.327s] Level 1:colcon.colcon_core.environment:create_environment_scripts_only(read_sensor)
[7.327s] DEBUG:colcon.colcon_core.event_handler.log_command:Invoking command in '/home/tanawatp/BaLEGce/balegce_ws/build/balegce_gazebo': CMAKE_PREFIX_PATH=${CMAKE_PREFIX_PATH}:/home/tanawatp/ros2_workspaceTutorial/install/robot_controller:/opt/ros/humble /usr/bin/cmake --install /home/tanawatp/BaLEGce/balegce_ws/build/balegce_gazebo
[7.328s] DEBUG:colcon.colcon_core.event_handler.log_command:Invoked command in '/home/tanawatp/BaLEGce/balegce_ws/build/read_sensor' returned '0': CMAKE_PREFIX_PATH=${CMAKE_PREFIX_PATH}:/home/tanawatp/ros2_workspaceTutorial/install/robot_controller:/opt/ros/humble /usr/bin/cmake --install /home/tanawatp/BaLEGce/balegce_ws/build/read_sensor
[7.355s] Level 1:colcon.colcon_core.environment:checking '/home/tanawatp/BaLEGce/balegce_ws/install/read_sensor' for CMake module files
[7.356s] Level 1:colcon.colcon_core.environment:checking '/home/tanawatp/BaLEGce/balegce_ws/install/read_sensor' for CMake config files
[7.356s] Level 1:colcon.colcon_core.shell:create_environment_hook('read_sensor', 'cmake_prefix_path')
[7.384s] INFO:colcon.colcon_core.shell:Creating environment hook '/home/tanawatp/BaLEGce/balegce_ws/install/read_sensor/share/read_sensor/hook/cmake_prefix_path.ps1'
[7.385s] INFO:colcon.colcon_core.shell:Creating environment descriptor '/home/tanawatp/BaLEGce/balegce_ws/install/read_sensor/share/read_sensor/hook/cmake_prefix_path.dsv'
[7.386s] INFO:colcon.colcon_core.shell:Creating environment hook '/home/tanawatp/BaLEGce/balegce_ws/install/read_sensor/share/read_sensor/hook/cmake_prefix_path.sh'
[7.386s] Level 1:colcon.colcon_core.environment:checking '/home/tanawatp/BaLEGce/balegce_ws/install/read_sensor/lib'
[7.387s] Level 1:colcon.colcon_core.environment:checking '/home/tanawatp/BaLEGce/balegce_ws/install/read_sensor/bin'
[7.387s] Level 1:colcon.colcon_core.environment:checking '/home/tanawatp/BaLEGce/balegce_ws/install/read_sensor/lib/pkgconfig/read_sensor.pc'
[7.387s] Level 1:colcon.colcon_core.environment:checking '/home/tanawatp/BaLEGce/balegce_ws/install/read_sensor/lib/python3.10/site-packages'
[7.387s] Level 1:colcon.colcon_core.environment:checking '/home/tanawatp/BaLEGce/balegce_ws/install/read_sensor/bin'
[7.419s] INFO:colcon.colcon_core.shell:Creating package script '/home/tanawatp/BaLEGce/balegce_ws/install/read_sensor/share/read_sensor/package.ps1'
[7.420s] INFO:colcon.colcon_core.shell:Creating package descriptor '/home/tanawatp/BaLEGce/balegce_ws/install/read_sensor/share/read_sensor/package.dsv'
[7.420s] INFO:colcon.colcon_core.shell:Creating package script '/home/tanawatp/BaLEGce/balegce_ws/install/read_sensor/share/read_sensor/package.sh'
[7.421s] INFO:colcon.colcon_core.shell:Creating package script '/home/tanawatp/BaLEGce/balegce_ws/install/read_sensor/share/read_sensor/package.bash'
[7.421s] INFO:colcon.colcon_core.shell:Creating package script '/home/tanawatp/BaLEGce/balegce_ws/install/read_sensor/share/read_sensor/package.zsh'
[7.422s] Level 1:colcon.colcon_core.environment:create_file_with_runtime_dependencies(/home/tanawatp/BaLEGce/balegce_ws/install/read_sensor/share/colcon-core/packages/read_sensor)
[7.457s] Level 1:colcon.colcon_core.environment:create_environment_scripts_only(balegce_controller)
[7.484s] Level 1:colcon.colcon_core.environment:checking '/home/tanawatp/BaLEGce/balegce_ws/install/balegce_controller' for CMake module files
[7.485s] Level 1:colcon.colcon_core.environment:checking '/home/tanawatp/BaLEGce/balegce_ws/install/balegce_controller' for CMake config files
[7.485s] Level 1:colcon.colcon_core.shell:create_environment_hook('balegce_controller', 'cmake_prefix_path')
[7.510s] INFO:colcon.colcon_core.shell:Creating environment hook '/home/tanawatp/BaLEGce/balegce_ws/install/balegce_controller/share/balegce_controller/hook/cmake_prefix_path.ps1'
[7.511s] INFO:colcon.colcon_core.shell:Creating environment descriptor '/home/tanawatp/BaLEGce/balegce_ws/install/balegce_controller/share/balegce_controller/hook/cmake_prefix_path.dsv'
[7.511s] INFO:colcon.colcon_core.shell:Creating environment hook '/home/tanawatp/BaLEGce/balegce_ws/install/balegce_controller/share/balegce_controller/hook/cmake_prefix_path.sh'
[7.512s] Level 1:colcon.colcon_core.environment:checking '/home/tanawatp/BaLEGce/balegce_ws/install/balegce_controller/lib'
[7.512s] Level 1:colcon.colcon_core.environment:checking '/home/tanawatp/BaLEGce/balegce_ws/install/balegce_controller/bin'
[7.512s] Level 1:colcon.colcon_core.environment:checking '/home/tanawatp/BaLEGce/balegce_ws/install/balegce_controller/lib/pkgconfig/balegce_controller.pc'
[7.513s] Level 1:colcon.colcon_core.environment:checking '/home/tanawatp/BaLEGce/balegce_ws/install/balegce_controller/lib/python3.10/site-packages'
[7.513s] Level 1:colcon.colcon_core.environment:checking '/home/tanawatp/BaLEGce/balegce_ws/install/balegce_controller/bin'
[7.538s] INFO:colcon.colcon_core.shell:Creating package script '/home/tanawatp/BaLEGce/balegce_ws/install/balegce_controller/share/balegce_controller/package.ps1'
[7.539s] INFO:colcon.colcon_core.shell:Creating package descriptor '/home/tanawatp/BaLEGce/balegce_ws/install/balegce_controller/share/balegce_controller/package.dsv'
[7.540s] INFO:colcon.colcon_core.shell:Creating package script '/home/tanawatp/BaLEGce/balegce_ws/install/balegce_controller/share/balegce_controller/package.sh'
[7.540s] INFO:colcon.colcon_core.shell:Creating package script '/home/tanawatp/BaLEGce/balegce_ws/install/balegce_controller/share/balegce_controller/package.bash'
[7.541s] INFO:colcon.colcon_core.shell:Creating package script '/home/tanawatp/BaLEGce/balegce_ws/install/balegce_controller/share/balegce_controller/package.zsh'
[7.541s] Level 1:colcon.colcon_core.environment:create_file_with_runtime_dependencies(/home/tanawatp/BaLEGce/balegce_ws/install/balegce_controller/share/colcon-core/packages/balegce_controller)
[7.543s] DEBUG:colcon.colcon_core.event_handler.log_command:Invoked command in '/home/tanawatp/BaLEGce/balegce_ws/build/motor_control' returned '0': CMAKE_PREFIX_PATH=${CMAKE_PREFIX_PATH}:/home/tanawatp/ros2_workspaceTutorial/install/robot_controller:/opt/ros/humble /usr/bin/cmake --build /home/tanawatp/BaLEGce/balegce_ws/build/motor_control -- -j8 -l8
[7.544s] Level 1:colcon.colcon_core.environment:create_environment_scripts_only(balegce_gazebo)
[7.544s] DEBUG:colcon.colcon_core.event_handler.log_command:Invoked command in '/home/tanawatp/BaLEGce/balegce_ws/build/balegce_gazebo' returned '0': CMAKE_PREFIX_PATH=${CMAKE_PREFIX_PATH}:/home/tanawatp/ros2_workspaceTutorial/install/robot_controller:/opt/ros/humble /usr/bin/cmake --install /home/tanawatp/BaLEGce/balegce_ws/build/balegce_gazebo
[7.570s] Level 1:colcon.colcon_core.environment:checking '/home/tanawatp/BaLEGce/balegce_ws/install/balegce_gazebo' for CMake module files
[7.571s] Level 1:colcon.colcon_core.environment:checking '/home/tanawatp/BaLEGce/balegce_ws/install/balegce_gazebo' for CMake config files
[7.571s] Level 1:colcon.colcon_core.shell:create_environment_hook('balegce_gazebo', 'cmake_prefix_path')
[7.598s] INFO:colcon.colcon_core.shell:Creating environment hook '/home/tanawatp/BaLEGce/balegce_ws/install/balegce_gazebo/share/balegce_gazebo/hook/cmake_prefix_path.ps1'
[7.599s] INFO:colcon.colcon_core.shell:Creating environment descriptor '/home/tanawatp/BaLEGce/balegce_ws/install/balegce_gazebo/share/balegce_gazebo/hook/cmake_prefix_path.dsv'
[7.599s] INFO:colcon.colcon_core.shell:Creating environment hook '/home/tanawatp/BaLEGce/balegce_ws/install/balegce_gazebo/share/balegce_gazebo/hook/cmake_prefix_path.sh'
[7.600s] Level 1:colcon.colcon_core.environment:checking '/home/tanawatp/BaLEGce/balegce_ws/install/balegce_gazebo/lib'
[7.600s] Level 1:colcon.colcon_core.environment:checking '/home/tanawatp/BaLEGce/balegce_ws/install/balegce_gazebo/bin'
[7.600s] Level 1:colcon.colcon_core.environment:checking '/home/tanawatp/BaLEGce/balegce_ws/install/balegce_gazebo/lib/pkgconfig/balegce_gazebo.pc'
[7.600s] Level 1:colcon.colcon_core.environment:checking '/home/tanawatp/BaLEGce/balegce_ws/install/balegce_gazebo/lib/python3.10/site-packages'
[7.600s] Level 1:colcon.colcon_core.environment:checking '/home/tanawatp/BaLEGce/balegce_ws/install/balegce_gazebo/bin'
[7.624s] INFO:colcon.colcon_core.shell:Creating package script '/home/tanawatp/BaLEGce/balegce_ws/install/balegce_gazebo/share/balegce_gazebo/package.ps1'
[7.624s] INFO:colcon.colcon_core.shell:Creating package descriptor '/home/tanawatp/BaLEGce/balegce_ws/install/balegce_gazebo/share/balegce_gazebo/package.dsv'
[7.625s] INFO:colcon.colcon_core.shell:Creating package script '/home/tanawatp/BaLEGce/balegce_ws/install/balegce_gazebo/share/balegce_gazebo/package.sh'
[7.625s] INFO:colcon.colcon_core.shell:Creating package script '/home/tanawatp/BaLEGce/balegce_ws/install/balegce_gazebo/share/balegce_gazebo/package.bash'
[7.626s] INFO:colcon.colcon_core.shell:Creating package script '/home/tanawatp/BaLEGce/balegce_ws/install/balegce_gazebo/share/balegce_gazebo/package.zsh'
[7.626s] Level 1:colcon.colcon_core.environment:create_file_with_runtime_dependencies(/home/tanawatp/BaLEGce/balegce_ws/install/balegce_gazebo/share/colcon-core/packages/balegce_gazebo)
[7.653s] Level 1:colcon.colcon_core.environment:create_environment_scripts_only(balegce)
[7.682s] Level 1:colcon.colcon_core.environment:checking '/home/tanawatp/BaLEGce/balegce_ws/install/balegce' for CMake module files
[7.683s] Level 1:colcon.colcon_core.environment:checking '/home/tanawatp/BaLEGce/balegce_ws/install/balegce' for CMake config files
[7.683s] Level 1:colcon.colcon_core.shell:create_environment_hook('balegce', 'cmake_prefix_path')
[7.705s] INFO:colcon.colcon_core.shell:Creating environment hook '/home/tanawatp/BaLEGce/balegce_ws/install/balegce/share/balegce/hook/cmake_prefix_path.ps1'
[7.706s] INFO:colcon.colcon_core.shell:Creating environment descriptor '/home/tanawatp/BaLEGce/balegce_ws/install/balegce/share/balegce/hook/cmake_prefix_path.dsv'
[7.706s] INFO:colcon.colcon_core.shell:Creating environment hook '/home/tanawatp/BaLEGce/balegce_ws/install/balegce/share/balegce/hook/cmake_prefix_path.sh'
[7.707s] Level 1:colcon.colcon_core.environment:checking '/home/tanawatp/BaLEGce/balegce_ws/install/balegce/bin'
[7.707s] Level 1:colcon.colcon_core.environment:checking '/home/tanawatp/BaLEGce/balegce_ws/install/balegce/lib/pkgconfig/balegce.pc'
[7.707s] Level 1:colcon.colcon_core.environment:checking '/home/tanawatp/BaLEGce/balegce_ws/install/balegce/lib/python3.10/site-packages'
[7.707s] Level 1:colcon.colcon_core.environment:checking '/home/tanawatp/BaLEGce/balegce_ws/install/balegce/bin'
[7.727s] INFO:colcon.colcon_core.shell:Creating package script '/home/tanawatp/BaLEGce/balegce_ws/install/balegce/share/balegce/package.ps1'
[7.728s] INFO:colcon.colcon_core.shell:Creating package descriptor '/home/tanawatp/BaLEGce/balegce_ws/install/balegce/share/balegce/package.dsv'
[7.729s] INFO:colcon.colcon_core.shell:Creating package script '/home/tanawatp/BaLEGce/balegce_ws/install/balegce/share/balegce/package.sh'
[7.729s] INFO:colcon.colcon_core.shell:Creating package script '/home/tanawatp/BaLEGce/balegce_ws/install/balegce/share/balegce/package.bash'
[7.730s] INFO:colcon.colcon_core.shell:Creating package script '/home/tanawatp/BaLEGce/balegce_ws/install/balegce/share/balegce/package.zsh'
[7.730s] Level 1:colcon.colcon_core.environment:create_file_with_runtime_dependencies(/home/tanawatp/BaLEGce/balegce_ws/install/balegce/share/colcon-core/packages/balegce)
[7.755s] Level 1:colcon.colcon_core.environment:create_environment_scripts_only(read_sensor)
[7.778s] Level 1:colcon.colcon_core.environment:checking '/home/tanawatp/BaLEGce/balegce_ws/install/read_sensor' for CMake module files
[7.779s] Level 1:colcon.colcon_core.environment:checking '/home/tanawatp/BaLEGce/balegce_ws/install/read_sensor' for CMake config files
[7.780s] Level 1:colcon.colcon_core.shell:create_environment_hook('read_sensor', 'cmake_prefix_path')
[7.800s] INFO:colcon.colcon_core.shell:Creating environment hook '/home/tanawatp/BaLEGce/balegce_ws/install/read_sensor/share/read_sensor/hook/cmake_prefix_path.ps1'
[7.801s] INFO:colcon.colcon_core.shell:Creating environment descriptor '/home/tanawatp/BaLEGce/balegce_ws/install/read_sensor/share/read_sensor/hook/cmake_prefix_path.dsv'
[7.801s] INFO:colcon.colcon_core.shell:Creating environment hook '/home/tanawatp/BaLEGce/balegce_ws/install/read_sensor/share/read_sensor/hook/cmake_prefix_path.sh'
[7.802s] Level 1:colcon.colcon_core.environment:checking '/home/tanawatp/BaLEGce/balegce_ws/install/read_sensor/lib'
[7.802s] Level 1:colcon.colcon_core.environment:checking '/home/tanawatp/BaLEGce/balegce_ws/install/read_sensor/bin'
[7.802s] Level 1:colcon.colcon_core.environment:checking '/home/tanawatp/BaLEGce/balegce_ws/install/read_sensor/lib/pkgconfig/read_sensor.pc'
[7.802s] Level 1:colcon.colcon_core.environment:checking '/home/tanawatp/BaLEGce/balegce_ws/install/read_sensor/lib/python3.10/site-packages'
[7.803s] Level 1:colcon.colcon_core.environment:checking '/home/tanawatp/BaLEGce/balegce_ws/install/read_sensor/bin'
[7.824s] INFO:colcon.colcon_core.shell:Creating package script '/home/tanawatp/BaLEGce/balegce_ws/install/read_sensor/share/read_sensor/package.ps1'
[7.824s] INFO:colcon.colcon_core.shell:Creating package descriptor '/home/tanawatp/BaLEGce/balegce_ws/install/read_sensor/share/read_sensor/package.dsv'
[7.825s] INFO:colcon.colcon_core.shell:Creating package script '/home/tanawatp/BaLEGce/balegce_ws/install/read_sensor/share/read_sensor/package.sh'
[7.825s] INFO:colcon.colcon_core.shell:Creating package script '/home/tanawatp/BaLEGce/balegce_ws/install/read_sensor/share/read_sensor/package.bash'
[7.825s] INFO:colcon.colcon_core.shell:Creating package script '/home/tanawatp/BaLEGce/balegce_ws/install/read_sensor/share/read_sensor/package.zsh'
[7.826s] Level 1:colcon.colcon_core.environment:create_file_with_runtime_dependencies(/home/tanawatp/BaLEGce/balegce_ws/install/read_sensor/share/colcon-core/packages/read_sensor)
[7.830s] DEBUG:colcon.colcon_core.event_handler.log_command:Invoking command in '/home/tanawatp/BaLEGce/balegce_ws/build/motor_control': CMAKE_PREFIX_PATH=${CMAKE_PREFIX_PATH}:/home/tanawatp/ros2_workspaceTutorial/install/robot_controller:/opt/ros/humble /usr/bin/cmake --install /home/tanawatp/BaLEGce/balegce_ws/build/motor_control
[7.853s] Level 1:colcon.colcon_core.environment:create_environment_scripts_only(balegce_gazebo)
[7.876s] Level 1:colcon.colcon_core.environment:checking '/home/tanawatp/BaLEGce/balegce_ws/install/balegce_gazebo' for CMake module files
[7.877s] Level 1:colcon.colcon_core.environment:checking '/home/tanawatp/BaLEGce/balegce_ws/install/balegce_gazebo' for CMake config files
[7.877s] Level 1:colcon.colcon_core.shell:create_environment_hook('balegce_gazebo', 'cmake_prefix_path')
[7.900s] INFO:colcon.colcon_core.shell:Creating environment hook '/home/tanawatp/BaLEGce/balegce_ws/install/balegce_gazebo/share/balegce_gazebo/hook/cmake_prefix_path.ps1'
[7.900s] INFO:colcon.colcon_core.shell:Creating environment descriptor '/home/tanawatp/BaLEGce/balegce_ws/install/balegce_gazebo/share/balegce_gazebo/hook/cmake_prefix_path.dsv'
[7.901s] INFO:colcon.colcon_core.shell:Creating environment hook '/home/tanawatp/BaLEGce/balegce_ws/install/balegce_gazebo/share/balegce_gazebo/hook/cmake_prefix_path.sh'
[7.901s] Level 1:colcon.colcon_core.environment:checking '/home/tanawatp/BaLEGce/balegce_ws/install/balegce_gazebo/lib'
[7.901s] Level 1:colcon.colcon_core.environment:checking '/home/tanawatp/BaLEGce/balegce_ws/install/balegce_gazebo/bin'
[7.902s] Level 1:colcon.colcon_core.environment:checking '/home/tanawatp/BaLEGce/balegce_ws/install/balegce_gazebo/lib/pkgconfig/balegce_gazebo.pc'
[7.902s] Level 1:colcon.colcon_core.environment:checking '/home/tanawatp/BaLEGce/balegce_ws/install/balegce_gazebo/lib/python3.10/site-packages'
[7.902s] Level 1:colcon.colcon_core.environment:checking '/home/tanawatp/BaLEGce/balegce_ws/install/balegce_gazebo/bin'
[7.924s] INFO:colcon.colcon_core.shell:Creating package script '/home/tanawatp/BaLEGce/balegce_ws/install/balegce_gazebo/share/balegce_gazebo/package.ps1'
[7.925s] INFO:colcon.colcon_core.shell:Creating package descriptor '/home/tanawatp/BaLEGce/balegce_ws/install/balegce_gazebo/share/balegce_gazebo/package.dsv'
[7.925s] INFO:colcon.colcon_core.shell:Creating package script '/home/tanawatp/BaLEGce/balegce_ws/install/balegce_gazebo/share/balegce_gazebo/package.sh'
[7.926s] INFO:colcon.colcon_core.shell:Creating package script '/home/tanawatp/BaLEGce/balegce_ws/install/balegce_gazebo/share/balegce_gazebo/package.bash'
[7.926s] INFO:colcon.colcon_core.shell:Creating package script '/home/tanawatp/BaLEGce/balegce_ws/install/balegce_gazebo/share/balegce_gazebo/package.zsh'
[7.926s] Level 1:colcon.colcon_core.environment:create_file_with_runtime_dependencies(/home/tanawatp/BaLEGce/balegce_ws/install/balegce_gazebo/share/colcon-core/packages/balegce_gazebo)
[7.952s] Level 1:colcon.colcon_core.environment:create_environment_scripts_only(motor_control)
[7.953s] DEBUG:colcon.colcon_core.event_handler.log_command:Invoked command in '/home/tanawatp/BaLEGce/balegce_ws/build/motor_control' returned '0': CMAKE_PREFIX_PATH=${CMAKE_PREFIX_PATH}:/home/tanawatp/ros2_workspaceTutorial/install/robot_controller:/opt/ros/humble /usr/bin/cmake --install /home/tanawatp/BaLEGce/balegce_ws/build/motor_control
[7.978s] Level 1:colcon.colcon_core.environment:checking '/home/tanawatp/BaLEGce/balegce_ws/install/motor_control' for CMake module files
[7.978s] Level 1:colcon.colcon_core.environment:checking '/home/tanawatp/BaLEGce/balegce_ws/install/motor_control' for CMake config files
[7.979s] Level 1:colcon.colcon_core.shell:create_environment_hook('motor_control', 'cmake_prefix_path')
[7.999s] INFO:colcon.colcon_core.shell:Creating environment hook '/home/tanawatp/BaLEGce/balegce_ws/install/motor_control/share/motor_control/hook/cmake_prefix_path.ps1'
[8.000s] INFO:colcon.colcon_core.shell:Creating environment descriptor '/home/tanawatp/BaLEGce/balegce_ws/install/motor_control/share/motor_control/hook/cmake_prefix_path.dsv'
[8.000s] INFO:colcon.colcon_core.shell:Creating environment hook '/home/tanawatp/BaLEGce/balegce_ws/install/motor_control/share/motor_control/hook/cmake_prefix_path.sh'
[8.001s] Level 1:colcon.colcon_core.environment:checking '/home/tanawatp/BaLEGce/balegce_ws/install/motor_control/lib'
[8.001s] Level 1:colcon.colcon_core.environment:checking '/home/tanawatp/BaLEGce/balegce_ws/install/motor_control/bin'
[8.001s] Level 1:colcon.colcon_core.environment:checking '/home/tanawatp/BaLEGce/balegce_ws/install/motor_control/lib/pkgconfig/motor_control.pc'
[8.002s] Level 1:colcon.colcon_core.environment:checking '/home/tanawatp/BaLEGce/balegce_ws/install/motor_control/lib/python3.10/site-packages'
[8.002s] Level 1:colcon.colcon_core.environment:checking '/home/tanawatp/BaLEGce/balegce_ws/install/motor_control/bin'
[8.026s] INFO:colcon.colcon_core.shell:Creating package script '/home/tanawatp/BaLEGce/balegce_ws/install/motor_control/share/motor_control/package.ps1'
[8.026s] INFO:colcon.colcon_core.shell:Creating package descriptor '/home/tanawatp/BaLEGce/balegce_ws/install/motor_control/share/motor_control/package.dsv'
[8.027s] INFO:colcon.colcon_core.shell:Creating package script '/home/tanawatp/BaLEGce/balegce_ws/install/motor_control/share/motor_control/package.sh'
[8.027s] INFO:colcon.colcon_core.shell:Creating package script '/home/tanawatp/BaLEGce/balegce_ws/install/motor_control/share/motor_control/package.bash'
[8.028s] INFO:colcon.colcon_core.shell:Creating package script '/home/tanawatp/BaLEGce/balegce_ws/install/motor_control/share/motor_control/package.zsh'
[8.028s] Level 1:colcon.colcon_core.environment:create_file_with_runtime_dependencies(/home/tanawatp/BaLEGce/balegce_ws/install/motor_control/share/colcon-core/packages/motor_control)
[8.104s] Level 1:colcon.colcon_core.environment:create_environment_scripts_only(motor_control)
[8.126s] Level 1:colcon.colcon_core.environment:checking '/home/tanawatp/BaLEGce/balegce_ws/install/motor_control' for CMake module files
[8.127s] Level 1:colcon.colcon_core.environment:checking '/home/tanawatp/BaLEGce/balegce_ws/install/motor_control' for CMake config files
[8.127s] Level 1:colcon.colcon_core.shell:create_environment_hook('motor_control', 'cmake_prefix_path')
[8.150s] INFO:colcon.colcon_core.shell:Creating environment hook '/home/tanawatp/BaLEGce/balegce_ws/install/motor_control/share/motor_control/hook/cmake_prefix_path.ps1'
[8.151s] INFO:colcon.colcon_core.shell:Creating environment descriptor '/home/tanawatp/BaLEGce/balegce_ws/install/motor_control/share/motor_control/hook/cmake_prefix_path.dsv'
[8.151s] INFO:colcon.colcon_core.shell:Creating environment hook '/home/tanawatp/BaLEGce/balegce_ws/install/motor_control/share/motor_control/hook/cmake_prefix_path.sh'
[8.152s] Level 1:colcon.colcon_core.environment:checking '/home/tanawatp/BaLEGce/balegce_ws/install/motor_control/lib'
[8.152s] Level 1:colcon.colcon_core.environment:checking '/home/tanawatp/BaLEGce/balegce_ws/install/motor_control/bin'
[8.152s] Level 1:colcon.colcon_core.environment:checking '/home/tanawatp/BaLEGce/balegce_ws/install/motor_control/lib/pkgconfig/motor_control.pc'
[8.152s] Level 1:colcon.colcon_core.environment:checking '/home/tanawatp/BaLEGce/balegce_ws/install/motor_control/lib/python3.10/site-packages'
[8.152s] Level 1:colcon.colcon_core.environment:checking '/home/tanawatp/BaLEGce/balegce_ws/install/motor_control/bin'
[8.175s] INFO:colcon.colcon_core.shell:Creating package script '/home/tanawatp/BaLEGce/balegce_ws/install/motor_control/share/motor_control/package.ps1'
[8.175s] INFO:colcon.colcon_core.shell:Creating package descriptor '/home/tanawatp/BaLEGce/balegce_ws/install/motor_control/share/motor_control/package.dsv'
[8.176s] INFO:colcon.colcon_core.shell:Creating package script '/home/tanawatp/BaLEGce/balegce_ws/install/motor_control/share/motor_control/package.sh'
[8.177s] INFO:colcon.colcon_core.shell:Creating package script '/home/tanawatp/BaLEGce/balegce_ws/install/motor_control/share/motor_control/package.bash'
[8.177s] INFO:colcon.colcon_core.shell:Creating package script '/home/tanawatp/BaLEGce/balegce_ws/install/motor_control/share/motor_control/package.zsh'
[8.178s] Level 1:colcon.colcon_core.environment:create_file_with_runtime_dependencies(/home/tanawatp/BaLEGce/balegce_ws/install/motor_control/share/colcon-core/packages/motor_control)
[8.178s] DEBUG:colcon.colcon_parallel_executor.executor.parallel:closing loop
[8.178s] DEBUG:colcon.colcon_parallel_executor.executor.parallel:loop closed
[8.178s] DEBUG:colcon.colcon_parallel_executor.executor.parallel:run_until_complete finished with '0'
[8.179s] DEBUG:colcon.colcon_core.event_reactor:joining thread
[8.212s] INFO:colcon.colcon_core.plugin_system:Skipping extension 'colcon_notification.desktop_notification.terminal_notifier': Not used on non-Darwin systems
[8.212s] INFO:colcon.colcon_core.plugin_system:Skipping extension 'colcon_notification.desktop_notification.win32': Not used on non-Windows systems
[8.213s] INFO:colcon.colcon_notification.desktop_notification:Sending desktop notification using 'notify2'
[8.232s] DEBUG:colcon.colcon_core.event_reactor:joined thread
[8.258s] INFO:colcon.colcon_core.shell:Creating prefix script '/home/tanawatp/BaLEGce/balegce_ws/install/local_setup.ps1'
[8.260s] INFO:colcon.colcon_core.shell:Creating prefix util module '/home/tanawatp/BaLEGce/balegce_ws/install/_local_setup_util_ps1.py'
[8.262s] INFO:colcon.colcon_core.shell:Creating prefix chain script '/home/tanawatp/BaLEGce/balegce_ws/install/setup.ps1'
[8.291s] INFO:colcon.colcon_core.shell:Creating prefix script '/home/tanawatp/BaLEGce/balegce_ws/install/local_setup.sh'
[8.292s] INFO:colcon.colcon_core.shell:Creating prefix util module '/home/tanawatp/BaLEGce/balegce_ws/install/_local_setup_util_sh.py'
[8.292s] INFO:colcon.colcon_core.shell:Creating prefix chain script '/home/tanawatp/BaLEGce/balegce_ws/install/setup.sh'
[8.321s] INFO:colcon.colcon_core.shell:Creating prefix script '/home/tanawatp/BaLEGce/balegce_ws/install/local_setup.bash'
[8.321s] INFO:colcon.colcon_core.shell:Creating prefix chain script '/home/tanawatp/BaLEGce/balegce_ws/install/setup.bash'
[8.349s] INFO:colcon.colcon_core.shell:Creating prefix script '/home/tanawatp/BaLEGce/balegce_ws/install/local_setup.zsh'
[8.349s] INFO:colcon.colcon_core.shell:Creating prefix chain script '/home/tanawatp/BaLEGce/balegce_ws/install/setup.zsh'
