[0.677s] Invoking command in '/home/tanawatp/BaLEGce/balegce_ws/build/balegce_controller': CMAKE_PREFIX_PATH=${CMAKE_PREFIX_PATH}:/home/tanawatp/ros2_workspaceTutorial/install/robot_controller:/opt/ros/humble /usr/bin/cmake /home/tanawatp/BaLEGce/balegce_ws/src/balegce_controller -DCMAKE_INSTALL_PREFIX=/home/tanawatp/BaLEGce/balegce_ws/install/balegce_controller
[0.782s] -- The C compiler identification is GNU 11.4.0
[0.894s] -- The CXX compiler identification is GNU 11.4.0
[0.909s] -- Detecting C compiler ABI info
[1.045s] -- Detecting C compiler ABI info - done
[1.057s] -- Check for working C compiler: /usr/bin/cc - skipped
[1.057s] -- Detecting C compile features
[1.057s] -- Detecting C compile features - done
[1.062s] -- Detecting CXX compiler ABI info
[1.219s] -- Detecting CXX compiler ABI info - done
[1.231s] -- Check for working CXX compiler: /usr/bin/c++ - skipped
[1.232s] -- Detecting CXX compile features
[1.232s] -- Detecting CXX compile features - done
[1.239s] -- Found ament_cmake: 1.3.5 (/opt/ros/humble/share/ament_cmake/cmake)
[1.595s] -- Found Python3: /usr/bin/python3.10 (found version "3.10.12") found components: Interpreter 
[1.807s] -- Found rclcpp: 16.0.6 (/opt/ros/humble/share/rclcpp/cmake)
[1.903s] -- Found rosidl_generator_c: 3.1.5 (/opt/ros/humble/share/rosidl_generator_c/cmake)
[1.916s] -- Found rosidl_adapter: 3.1.5 (/opt/ros/humble/share/rosidl_adapter/cmake)
[1.933s] -- Found rosidl_generator_cpp: 3.1.5 (/opt/ros/humble/share/rosidl_generator_cpp/cmake)
[1.960s] -- Using all available rosidl_typesupport_c: rosidl_typesupport_fastrtps_c;rosidl_typesupport_introspection_c
[1.998s] -- Using all available rosidl_typesupport_cpp: rosidl_typesupport_fastrtps_cpp;rosidl_typesupport_introspection_cpp
[2.124s] -- Found rmw_implementation_cmake: 6.1.1 (/opt/ros/humble/share/rmw_implementation_cmake/cmake)
[2.131s] -- Found rmw_fastrtps_cpp: 6.2.4 (/opt/ros/humble/share/rmw_fastrtps_cpp/cmake)
[2.329s] -- Found OpenSSL: /usr/lib/x86_64-linux-gnu/libcrypto.so (found version "3.0.2")  
[2.384s] -- Found FastRTPS: /opt/ros/humble/include  
[2.476s] -- Using RMW implementation 'rmw_fastrtps_cpp' as default
[2.502s] -- Looking for pthread.h
[2.645s] -- Looking for pthread.h - found
[2.646s] -- Performing Test CMAKE_HAVE_LIBC_PTHREAD
[2.780s] -- Performing Test CMAKE_HAVE_LIBC_PTHREAD - Success
[2.782s] -- Found Threads: TRUE  
[3.041s] -- Found rclpy: 3.3.10 (/opt/ros/humble/share/rclpy/cmake)
[3.304s] -- Configuring done
[3.320s] -- Generating done
[3.322s] -- Build files have been written to: /home/tanawatp/BaLEGce/balegce_ws/build/balegce_controller
[3.343s] Invoked command in '/home/tanawatp/BaLEGce/balegce_ws/build/balegce_controller' returned '0': CMAKE_PREFIX_PATH=${CMAKE_PREFIX_PATH}:/home/tanawatp/ros2_workspaceTutorial/install/robot_controller:/opt/ros/humble /usr/bin/cmake /home/tanawatp/BaLEGce/balegce_ws/src/balegce_controller -DCMAKE_INSTALL_PREFIX=/home/tanawatp/BaLEGce/balegce_ws/install/balegce_controller
[3.347s] Invoking command in '/home/tanawatp/BaLEGce/balegce_ws/build/balegce_controller': CMAKE_PREFIX_PATH=${CMAKE_PREFIX_PATH}:/home/tanawatp/ros2_workspaceTutorial/install/robot_controller:/opt/ros/humble /usr/bin/cmake --build /home/tanawatp/BaLEGce/balegce_ws/build/balegce_controller -- -j8 -l8
[3.446s] [ 50%] [32mBuilding CXX object CMakeFiles/cpp_node_test.dir/src/cpp_node.cpp.o[0m
[3.480s] [ 50%] Built target ament_cmake_python_copy_balegce_controller
[3.988s] [100%] [32m[1mLinking CXX executable cpp_node_test[0m
[4.056s] running egg_info
[4.057s] creating balegce_controller.egg-info
[4.058s] writing balegce_controller.egg-info/PKG-INFO
[4.059s] writing dependency_links to balegce_controller.egg-info/dependency_links.txt
[4.059s] writing top-level names to balegce_controller.egg-info/top_level.txt
[4.059s] writing manifest file 'balegce_controller.egg-info/SOURCES.txt'
[4.074s] reading manifest file 'balegce_controller.egg-info/SOURCES.txt'
[4.079s] writing manifest file 'balegce_controller.egg-info/SOURCES.txt'
[4.333s] [100%] Built target cpp_node_test
[4.344s] [100%] Built target ament_cmake_python_build_balegce_controller_egg
[4.375s] Invoked command in '/home/tanawatp/BaLEGce/balegce_ws/build/balegce_controller' returned '0': CMAKE_PREFIX_PATH=${CMAKE_PREFIX_PATH}:/home/tanawatp/ros2_workspaceTutorial/install/robot_controller:/opt/ros/humble /usr/bin/cmake --build /home/tanawatp/BaLEGce/balegce_ws/build/balegce_controller -- -j8 -l8
[4.492s] Invoking command in '/home/tanawatp/BaLEGce/balegce_ws/build/balegce_controller': CMAKE_PREFIX_PATH=${CMAKE_PREFIX_PATH}:/home/tanawatp/ros2_workspaceTutorial/install/robot_controller:/opt/ros/humble /usr/bin/cmake --install /home/tanawatp/BaLEGce/balegce_ws/build/balegce_controller
[4.509s] -- Install configuration: ""
[4.509s] -- Installing: /home/tanawatp/BaLEGce/balegce_ws/install/balegce_controller/share/balegce_controller/environment/pythonpath.sh
[4.509s] -- Installing: /home/tanawatp/BaLEGce/balegce_ws/install/balegce_controller/share/balegce_controller/environment/pythonpath.dsv
[4.510s] -- Installing: /home/tanawatp/BaLEGce/balegce_ws/install/balegce_controller/local/lib/python3.10/dist-packages/balegce_controller-0.0.0-py3.10.egg-info
[4.510s] -- Installing: /home/tanawatp/BaLEGce/balegce_ws/install/balegce_controller/local/lib/python3.10/dist-packages/balegce_controller-0.0.0-py3.10.egg-info/dependency_links.txt
[4.510s] -- Installing: /home/tanawatp/BaLEGce/balegce_ws/install/balegce_controller/local/lib/python3.10/dist-packages/balegce_controller-0.0.0-py3.10.egg-info/top_level.txt
[4.513s] -- Installing: /home/tanawatp/BaLEGce/balegce_ws/install/balegce_controller/local/lib/python3.10/dist-packages/balegce_controller-0.0.0-py3.10.egg-info/PKG-INFO
[4.513s] -- Installing: /home/tanawatp/BaLEGce/balegce_ws/install/balegce_controller/local/lib/python3.10/dist-packages/balegce_controller-0.0.0-py3.10.egg-info/SOURCES.txt
[4.513s] -- Installing: /home/tanawatp/BaLEGce/balegce_ws/install/balegce_controller/local/lib/python3.10/dist-packages/balegce_controller
[4.513s] -- Installing: /home/tanawatp/BaLEGce/balegce_ws/install/balegce_controller/local/lib/python3.10/dist-packages/balegce_controller/dummy_module.py
[4.514s] -- Installing: /home/tanawatp/BaLEGce/balegce_ws/install/balegce_controller/local/lib/python3.10/dist-packages/balegce_controller/__init__.py
[4.586s] Listing '/home/tanawatp/BaLEGce/balegce_ws/install/balegce_controller/local/lib/python3.10/dist-packages/balegce_controller'...
[4.586s] Compiling '/home/tanawatp/BaLEGce/balegce_ws/install/balegce_controller/local/lib/python3.10/dist-packages/balegce_controller/__init__.py'...
[4.586s] Compiling '/home/tanawatp/BaLEGce/balegce_ws/install/balegce_controller/local/lib/python3.10/dist-packages/balegce_controller/dummy_module.py'...
[4.599s] -- Installing: /home/tanawatp/BaLEGce/balegce_ws/install/balegce_controller/lib/balegce_controller/dummy_script.py
[4.599s] -- Installing: /home/tanawatp/BaLEGce/balegce_ws/install/balegce_controller/lib/balegce_controller/stupid_velocity_controller.py
[4.599s] -- Installing: /home/tanawatp/BaLEGce/balegce_ws/install/balegce_controller/lib/balegce_controller/cpp_node_test
[4.600s] -- Set runtime path of "/home/tanawatp/BaLEGce/balegce_ws/install/balegce_controller/lib/balegce_controller/cpp_node_test" to ""
[4.600s] -- Up-to-date: /home/tanawatp/BaLEGce/balegce_ws/install/balegce_controller/share/balegce_controller
[4.600s] -- Installing: /home/tanawatp/BaLEGce/balegce_ws/install/balegce_controller/share/ament_index/resource_index/package_run_dependencies/balegce_controller
[4.601s] -- Installing: /home/tanawatp/BaLEGce/balegce_ws/install/balegce_controller/share/ament_index/resource_index/parent_prefix_path/balegce_controller
[4.601s] -- Installing: /home/tanawatp/BaLEGce/balegce_ws/install/balegce_controller/share/balegce_controller/environment/ament_prefix_path.sh
[4.602s] -- Installing: /home/tanawatp/BaLEGce/balegce_ws/install/balegce_controller/share/balegce_controller/environment/ament_prefix_path.dsv
[4.602s] -- Installing: /home/tanawatp/BaLEGce/balegce_ws/install/balegce_controller/share/balegce_controller/environment/path.sh
[4.602s] -- Installing: /home/tanawatp/BaLEGce/balegce_ws/install/balegce_controller/share/balegce_controller/environment/path.dsv
[4.606s] -- Installing: /home/tanawatp/BaLEGce/balegce_ws/install/balegce_controller/share/balegce_controller/local_setup.bash
[4.606s] -- Installing: /home/tanawatp/BaLEGce/balegce_ws/install/balegce_controller/share/balegce_controller/local_setup.sh
[4.606s] -- Installing: /home/tanawatp/BaLEGce/balegce_ws/install/balegce_controller/share/balegce_controller/local_setup.zsh
[4.606s] -- Installing: /home/tanawatp/BaLEGce/balegce_ws/install/balegce_controller/share/balegce_controller/local_setup.dsv
[4.607s] -- Installing: /home/tanawatp/BaLEGce/balegce_ws/install/balegce_controller/share/balegce_controller/package.dsv
[4.607s] -- Installing: /home/tanawatp/BaLEGce/balegce_ws/install/balegce_controller/share/ament_index/resource_index/packages/balegce_controller
[4.607s] -- Installing: /home/tanawatp/BaLEGce/balegce_ws/install/balegce_controller/share/balegce_controller/cmake/balegce_controllerConfig.cmake
[4.608s] -- Installing: /home/tanawatp/BaLEGce/balegce_ws/install/balegce_controller/share/balegce_controller/cmake/balegce_controllerConfig-version.cmake
[4.608s] -- Installing: /home/tanawatp/BaLEGce/balegce_ws/install/balegce_controller/share/balegce_controller/package.xml
[4.619s] Invoked command in '/home/tanawatp/BaLEGce/balegce_ws/build/balegce_controller' returned '0': CMAKE_PREFIX_PATH=${CMAKE_PREFIX_PATH}:/home/tanawatp/ros2_workspaceTutorial/install/robot_controller:/opt/ros/humble /usr/bin/cmake --install /home/tanawatp/BaLEGce/balegce_ws/build/balegce_controller
