[1.195s] DEBUG:colcon:Command line arguments: ['/usr/bin/colcon', 'build']
[1.195s] DEBUG:colcon:Parsed command line arguments: Namespace(log_base=None, log_level=None, verb_name='build', build_base='build', install_base='install', merge_install=False, symlink_install=False, test_result_base=None, continue_on_error=False, executor='parallel', parallel_workers=8, event_handlers=None, ignore_user_meta=False, metas=['./colcon.meta'], base_paths=['.'], packages_ignore=None, packages_ignore_regex=None, paths=None, packages_up_to=None, packages_up_to_regex=None, packages_above=None, packages_above_and_dependencies=None, packages_above_depth=None, packages_select_by_dep=None, packages_skip_by_dep=None, packages_skip_up_to=None, packages_select_build_failed=False, packages_skip_build_finished=False, packages_select_test_failures=False, packages_skip_test_passed=False, packages_select=None, packages_skip=None, packages_select_regex=None, packages_skip_regex=None, packages_start=None, packages_end=None, allow_overriding=[], cmake_args=None, cmake_target=None, cmake_target_skip_unavailable=False, cmake_clean_cache=False, cmake_clean_first=False, cmake_force_configure=False, ament_cmake_args=None, catkin_cmake_args=None, catkin_skip_building_tests=False, verb_parser=<colcon_defaults.argument_parser.defaults.DefaultArgumentsDecorator object at 0x7fdde4c7a5c0>, verb_extension=<colcon_core.verb.build.BuildVerb object at 0x7fdde4c95480>, main=<bound method BuildVerb.main of <colcon_core.verb.build.BuildVerb object at 0x7fdde4c95480>>)
[1.249s] Level 1:colcon.colcon_core.package_discovery:discover_packages(colcon_meta) check parameters
[1.249s] Level 1:colcon.colcon_core.package_discovery:discover_packages(recursive) check parameters
[1.249s] Level 1:colcon.colcon_core.package_discovery:discover_packages(ignore) check parameters
[1.249s] Level 1:colcon.colcon_core.package_discovery:discover_packages(path) check parameters
[1.249s] Level 1:colcon.colcon_core.package_discovery:discover_packages(colcon_meta) discover
[1.249s] Level 1:colcon.colcon_core.package_discovery:discover_packages(recursive) discover
[1.249s] INFO:colcon.colcon_core.package_discovery:Crawling recursively for packages in '/home/tanawatp/BaLEGce/balegce_ws'
[1.249s] Level 1:colcon.colcon_core.package_identification:_identify(.) by extensions ['ignore', 'ignore_ament_install']
[1.249s] Level 1:colcon.colcon_core.package_identification:_identify(.) by extension 'ignore'
[1.249s] Level 1:colcon.colcon_core.package_identification:_identify(.) by extension 'ignore_ament_install'
[1.249s] Level 1:colcon.colcon_core.package_identification:_identify(.) by extensions ['colcon_pkg']
[1.249s] Level 1:colcon.colcon_core.package_identification:_identify(.) by extension 'colcon_pkg'
[1.249s] Level 1:colcon.colcon_core.package_identification:_identify(.) by extensions ['colcon_meta']
[1.249s] Level 1:colcon.colcon_core.package_identification:_identify(.) by extension 'colcon_meta'
[1.249s] Level 1:colcon.colcon_core.package_identification:_identify(.) by extensions ['ros']
[1.249s] Level 1:colcon.colcon_core.package_identification:_identify(.) by extension 'ros'
[1.260s] Level 1:colcon.colcon_core.package_identification:_identify(.) by extensions ['cmake', 'python']
[1.260s] Level 1:colcon.colcon_core.package_identification:_identify(.) by extension 'cmake'
[1.260s] Level 1:colcon.colcon_core.package_identification:_identify(.) by extension 'python'
[1.261s] Level 1:colcon.colcon_core.package_identification:_identify(.) by extensions ['python_setup_py']
[1.261s] Level 1:colcon.colcon_core.package_identification:_identify(.) by extension 'python_setup_py'
[1.261s] Level 1:colcon.colcon_core.package_identification:_identify(build) by extensions ['ignore', 'ignore_ament_install']
[1.261s] Level 1:colcon.colcon_core.package_identification:_identify(build) by extension 'ignore'
[1.261s] Level 1:colcon.colcon_core.package_identification:_identify(build) ignored
[1.261s] Level 1:colcon.colcon_core.package_identification:_identify(install) by extensions ['ignore', 'ignore_ament_install']
[1.261s] Level 1:colcon.colcon_core.package_identification:_identify(install) by extension 'ignore'
[1.261s] Level 1:colcon.colcon_core.package_identification:_identify(install) ignored
[1.261s] Level 1:colcon.colcon_core.package_identification:_identify(log) by extensions ['ignore', 'ignore_ament_install']
[1.261s] Level 1:colcon.colcon_core.package_identification:_identify(log) by extension 'ignore'
[1.261s] Level 1:colcon.colcon_core.package_identification:_identify(log) ignored
[1.261s] Level 1:colcon.colcon_core.package_identification:_identify(src) by extensions ['ignore', 'ignore_ament_install']
[1.262s] Level 1:colcon.colcon_core.package_identification:_identify(src) by extension 'ignore'
[1.262s] Level 1:colcon.colcon_core.package_identification:_identify(src) by extension 'ignore_ament_install'
[1.262s] Level 1:colcon.colcon_core.package_identification:_identify(src) by extensions ['colcon_pkg']
[1.262s] Level 1:colcon.colcon_core.package_identification:_identify(src) by extension 'colcon_pkg'
[1.262s] Level 1:colcon.colcon_core.package_identification:_identify(src) by extensions ['colcon_meta']
[1.262s] Level 1:colcon.colcon_core.package_identification:_identify(src) by extension 'colcon_meta'
[1.262s] Level 1:colcon.colcon_core.package_identification:_identify(src) by extensions ['ros']
[1.262s] Level 1:colcon.colcon_core.package_identification:_identify(src) by extension 'ros'
[1.262s] Level 1:colcon.colcon_core.package_identification:_identify(src) by extensions ['cmake', 'python']
[1.262s] Level 1:colcon.colcon_core.package_identification:_identify(src) by extension 'cmake'
[1.262s] Level 1:colcon.colcon_core.package_identification:_identify(src) by extension 'python'
[1.262s] Level 1:colcon.colcon_core.package_identification:_identify(src) by extensions ['python_setup_py']
[1.262s] Level 1:colcon.colcon_core.package_identification:_identify(src) by extension 'python_setup_py'
[1.262s] Level 1:colcon.colcon_core.package_identification:_identify(src/balegce) by extensions ['ignore', 'ignore_ament_install']
[1.262s] Level 1:colcon.colcon_core.package_identification:_identify(src/balegce) by extension 'ignore'
[1.262s] Level 1:colcon.colcon_core.package_identification:_identify(src/balegce) by extension 'ignore_ament_install'
[1.262s] Level 1:colcon.colcon_core.package_identification:_identify(src/balegce) by extensions ['colcon_pkg']
[1.262s] Level 1:colcon.colcon_core.package_identification:_identify(src/balegce) by extension 'colcon_pkg'
[1.262s] Level 1:colcon.colcon_core.package_identification:_identify(src/balegce) by extensions ['colcon_meta']
[1.262s] Level 1:colcon.colcon_core.package_identification:_identify(src/balegce) by extension 'colcon_meta'
[1.262s] Level 1:colcon.colcon_core.package_identification:_identify(src/balegce) by extensions ['ros']
[1.262s] Level 1:colcon.colcon_core.package_identification:_identify(src/balegce) by extension 'ros'
[1.266s] DEBUG:colcon.colcon_core.package_identification:Package 'src/balegce' with type 'ros.ament_cmake' and name 'balegce'
[1.266s] Level 1:colcon.colcon_core.package_identification:_identify(src/balegce_gazebo) by extensions ['ignore', 'ignore_ament_install']
[1.266s] Level 1:colcon.colcon_core.package_identification:_identify(src/balegce_gazebo) by extension 'ignore'
[1.266s] Level 1:colcon.colcon_core.package_identification:_identify(src/balegce_gazebo) by extension 'ignore_ament_install'
[1.266s] Level 1:colcon.colcon_core.package_identification:_identify(src/balegce_gazebo) by extensions ['colcon_pkg']
[1.266s] Level 1:colcon.colcon_core.package_identification:_identify(src/balegce_gazebo) by extension 'colcon_pkg'
[1.266s] Level 1:colcon.colcon_core.package_identification:_identify(src/balegce_gazebo) by extensions ['colcon_meta']
[1.266s] Level 1:colcon.colcon_core.package_identification:_identify(src/balegce_gazebo) by extension 'colcon_meta'
[1.266s] Level 1:colcon.colcon_core.package_identification:_identify(src/balegce_gazebo) by extensions ['ros']
[1.266s] Level 1:colcon.colcon_core.package_identification:_identify(src/balegce_gazebo) by extension 'ros'
[1.267s] DEBUG:colcon.colcon_core.package_identification:Package 'src/balegce_gazebo' with type 'ros.ament_cmake' and name 'balegce_gazebo'
[1.267s] Level 1:colcon.colcon_core.package_identification:_identify(src/motor_control) by extensions ['ignore', 'ignore_ament_install']
[1.267s] Level 1:colcon.colcon_core.package_identification:_identify(src/motor_control) by extension 'ignore'
[1.267s] Level 1:colcon.colcon_core.package_identification:_identify(src/motor_control) by extension 'ignore_ament_install'
[1.267s] Level 1:colcon.colcon_core.package_identification:_identify(src/motor_control) by extensions ['colcon_pkg']
[1.267s] Level 1:colcon.colcon_core.package_identification:_identify(src/motor_control) by extension 'colcon_pkg'
[1.267s] Level 1:colcon.colcon_core.package_identification:_identify(src/motor_control) by extensions ['colcon_meta']
[1.267s] Level 1:colcon.colcon_core.package_identification:_identify(src/motor_control) by extension 'colcon_meta'
[1.267s] Level 1:colcon.colcon_core.package_identification:_identify(src/motor_control) by extensions ['ros']
[1.267s] Level 1:colcon.colcon_core.package_identification:_identify(src/motor_control) by extension 'ros'
[1.268s] DEBUG:colcon.colcon_core.package_identification:Package 'src/motor_control' with type 'ros.ament_cmake' and name 'motor_control'
[1.268s] Level 1:colcon.colcon_core.package_discovery:discover_packages(recursive) using defaults
[1.268s] Level 1:colcon.colcon_core.package_discovery:discover_packages(ignore) discover
[1.268s] Level 1:colcon.colcon_core.package_discovery:discover_packages(ignore) using defaults
[1.268s] Level 1:colcon.colcon_core.package_discovery:discover_packages(path) discover
[1.268s] Level 1:colcon.colcon_core.package_discovery:discover_packages(path) using defaults
[1.374s] Level 1:colcon.colcon_core.package_discovery:discover_packages(prefix_path) check parameters
[1.374s] Level 1:colcon.colcon_core.package_discovery:discover_packages(prefix_path) discover
[1.410s] DEBUG:colcon.colcon_installed_package_information.package_discovery:Found 3 installed packages in /home/tanawatp/BaLEGce/balegce_ws/install
[1.428s] DEBUG:colcon.colcon_installed_package_information.package_discovery:Found 6 installed packages in /home/tanawatp/humanoid_ws/install
[1.445s] DEBUG:colcon.colcon_installed_package_information.package_discovery:Found 8 installed packages in /home/tanawatp/fra501_robotdevop/fra501_ws/install
[1.477s] DEBUG:colcon.colcon_installed_package_information.package_discovery:Found 2 installed packages in /home/tanawatp/ros2_workspaceTutorial/install
[1.496s] DEBUG:colcon.colcon_installed_package_information.package_discovery:Found 376 installed packages in /opt/ros/humble
[1.498s] Level 1:colcon.colcon_core.package_discovery:discover_packages(prefix_path) using defaults
[1.610s] Level 5:colcon.colcon_core.verb:set package 'balegce' build argument 'cmake_args' from command line to 'None'
[1.610s] Level 5:colcon.colcon_core.verb:set package 'balegce' build argument 'cmake_target' from command line to 'None'
[1.610s] Level 5:colcon.colcon_core.verb:set package 'balegce' build argument 'cmake_target_skip_unavailable' from command line to 'False'
[1.610s] Level 5:colcon.colcon_core.verb:set package 'balegce' build argument 'cmake_clean_cache' from command line to 'False'
[1.610s] Level 5:colcon.colcon_core.verb:set package 'balegce' build argument 'cmake_clean_first' from command line to 'False'
[1.610s] Level 5:colcon.colcon_core.verb:set package 'balegce' build argument 'cmake_force_configure' from command line to 'False'
[1.610s] Level 5:colcon.colcon_core.verb:set package 'balegce' build argument 'ament_cmake_args' from command line to 'None'
[1.610s] Level 5:colcon.colcon_core.verb:set package 'balegce' build argument 'catkin_cmake_args' from command line to 'None'
[1.610s] Level 5:colcon.colcon_core.verb:set package 'balegce' build argument 'catkin_skip_building_tests' from command line to 'False'
[1.610s] DEBUG:colcon.colcon_core.verb:Building package 'balegce' with the following arguments: {'ament_cmake_args': None, 'build_base': '/home/tanawatp/BaLEGce/balegce_ws/build/balegce', 'catkin_cmake_args': None, 'catkin_skip_building_tests': False, 'cmake_args': None, 'cmake_clean_cache': False, 'cmake_clean_first': False, 'cmake_force_configure': False, 'cmake_target': None, 'cmake_target_skip_unavailable': False, 'install_base': '/home/tanawatp/BaLEGce/balegce_ws/install/balegce', 'merge_install': False, 'path': '/home/tanawatp/BaLEGce/balegce_ws/src/balegce', 'symlink_install': False, 'test_result_base': None}
[1.627s] Level 5:colcon.colcon_core.verb:set package 'balegce_gazebo' build argument 'cmake_args' from command line to 'None'
[1.627s] Level 5:colcon.colcon_core.verb:set package 'balegce_gazebo' build argument 'cmake_target' from command line to 'None'
[1.627s] Level 5:colcon.colcon_core.verb:set package 'balegce_gazebo' build argument 'cmake_target_skip_unavailable' from command line to 'False'
[1.627s] Level 5:colcon.colcon_core.verb:set package 'balegce_gazebo' build argument 'cmake_clean_cache' from command line to 'False'
[1.627s] Level 5:colcon.colcon_core.verb:set package 'balegce_gazebo' build argument 'cmake_clean_first' from command line to 'False'
[1.627s] Level 5:colcon.colcon_core.verb:set package 'balegce_gazebo' build argument 'cmake_force_configure' from command line to 'False'
[1.627s] Level 5:colcon.colcon_core.verb:set package 'balegce_gazebo' build argument 'ament_cmake_args' from command line to 'None'
[1.627s] Level 5:colcon.colcon_core.verb:set package 'balegce_gazebo' build argument 'catkin_cmake_args' from command line to 'None'
[1.628s] Level 5:colcon.colcon_core.verb:set package 'balegce_gazebo' build argument 'catkin_skip_building_tests' from command line to 'False'
[1.628s] DEBUG:colcon.colcon_core.verb:Building package 'balegce_gazebo' with the following arguments: {'ament_cmake_args': None, 'build_base': '/home/tanawatp/BaLEGce/balegce_ws/build/balegce_gazebo', 'catkin_cmake_args': None, 'catkin_skip_building_tests': False, 'cmake_args': None, 'cmake_clean_cache': False, 'cmake_clean_first': False, 'cmake_force_configure': False, 'cmake_target': None, 'cmake_target_skip_unavailable': False, 'install_base': '/home/tanawatp/BaLEGce/balegce_ws/install/balegce_gazebo', 'merge_install': False, 'path': '/home/tanawatp/BaLEGce/balegce_ws/src/balegce_gazebo', 'symlink_install': False, 'test_result_base': None}
[1.645s] Level 5:colcon.colcon_core.verb:set package 'motor_control' build argument 'cmake_args' from command line to 'None'
[1.645s] Level 5:colcon.colcon_core.verb:set package 'motor_control' build argument 'cmake_target' from command line to 'None'
[1.645s] Level 5:colcon.colcon_core.verb:set package 'motor_control' build argument 'cmake_target_skip_unavailable' from command line to 'False'
[1.645s] Level 5:colcon.colcon_core.verb:set package 'motor_control' build argument 'cmake_clean_cache' from command line to 'False'
[1.645s] Level 5:colcon.colcon_core.verb:set package 'motor_control' build argument 'cmake_clean_first' from command line to 'False'
[1.645s] Level 5:colcon.colcon_core.verb:set package 'motor_control' build argument 'cmake_force_configure' from command line to 'False'
[1.645s] Level 5:colcon.colcon_core.verb:set package 'motor_control' build argument 'ament_cmake_args' from command line to 'None'
[1.645s] Level 5:colcon.colcon_core.verb:set package 'motor_control' build argument 'catkin_cmake_args' from command line to 'None'
[1.645s] Level 5:colcon.colcon_core.verb:set package 'motor_control' build argument 'catkin_skip_building_tests' from command line to 'False'
[1.645s] DEBUG:colcon.colcon_core.verb:Building package 'motor_control' with the following arguments: {'ament_cmake_args': None, 'build_base': '/home/tanawatp/BaLEGce/balegce_ws/build/motor_control', 'catkin_cmake_args': None, 'catkin_skip_building_tests': False, 'cmake_args': None, 'cmake_clean_cache': False, 'cmake_clean_first': False, 'cmake_force_configure': False, 'cmake_target': None, 'cmake_target_skip_unavailable': False, 'install_base': '/home/tanawatp/BaLEGce/balegce_ws/install/motor_control', 'merge_install': False, 'path': '/home/tanawatp/BaLEGce/balegce_ws/src/motor_control', 'symlink_install': False, 'test_result_base': None}
[1.662s] INFO:colcon.colcon_core.executor:Executing jobs using 'parallel' executor
[1.680s] DEBUG:colcon.colcon_parallel_executor.executor.parallel:run_until_complete
[1.680s] INFO:colcon.colcon_ros.task.ament_cmake.build:Building ROS package in '/home/tanawatp/BaLEGce/balegce_ws/src/balegce' with build type 'ament_cmake'
[1.681s] INFO:colcon.colcon_cmake.task.cmake.build:Building CMake package in '/home/tanawatp/BaLEGce/balegce_ws/src/balegce'
[1.700s] INFO:colcon.colcon_core.plugin_system:Skipping extension 'colcon_core.shell.bat': Not used on non-Windows systems
[1.700s] INFO:colcon.colcon_core.shell:Skip shell extension 'powershell' for command environment: Not usable outside of PowerShell
[1.700s] DEBUG:colcon.colcon_core.shell:Skip shell extension 'dsv' for command environment
[1.808s] INFO:colcon.colcon_ros.task.ament_cmake.build:Building ROS package in '/home/tanawatp/BaLEGce/balegce_ws/src/balegce_gazebo' with build type 'ament_cmake'
[1.808s] INFO:colcon.colcon_cmake.task.cmake.build:Building CMake package in '/home/tanawatp/BaLEGce/balegce_ws/src/balegce_gazebo'
[1.826s] INFO:colcon.colcon_core.shell:Skip shell extension 'powershell' for command environment: Not usable outside of PowerShell
[1.826s] DEBUG:colcon.colcon_core.shell:Skip shell extension 'dsv' for command environment
[1.942s] INFO:colcon.colcon_ros.task.ament_cmake.build:Building ROS package in '/home/tanawatp/BaLEGce/balegce_ws/src/motor_control' with build type 'ament_cmake'
[1.942s] INFO:colcon.colcon_cmake.task.cmake.build:Building CMake package in '/home/tanawatp/BaLEGce/balegce_ws/src/motor_control'
[1.966s] INFO:colcon.colcon_core.shell:Skip shell extension 'powershell' for command environment: Not usable outside of PowerShell
[1.966s] DEBUG:colcon.colcon_core.shell:Skip shell extension 'dsv' for command environment
[2.093s] DEBUG:colcon.colcon_core.event_handler.log_command:Invoking command in '/home/tanawatp/BaLEGce/balegce_ws/build/balegce': CMAKE_PREFIX_PATH=${CMAKE_PREFIX_PATH}:/home/tanawatp/ros2_workspaceTutorial/install/robot_controller:/opt/ros/humble /usr/bin/cmake --build /home/tanawatp/BaLEGce/balegce_ws/build/balegce -- -j8 -l8
[2.100s] DEBUG:colcon.colcon_core.event_handler.log_command:Invoking command in '/home/tanawatp/BaLEGce/balegce_ws/build/balegce_gazebo': CMAKE_PREFIX_PATH=${CMAKE_PREFIX_PATH}:/home/tanawatp/ros2_workspaceTutorial/install/robot_controller:/opt/ros/humble /usr/bin/cmake --build /home/tanawatp/BaLEGce/balegce_ws/build/balegce_gazebo -- -j8 -l8
[2.104s] DEBUG:colcon.colcon_core.event_handler.log_command:Invoking command in '/home/tanawatp/BaLEGce/balegce_ws/build/motor_control': CMAKE_PREFIX_PATH=${CMAKE_PREFIX_PATH}:/home/tanawatp/ros2_workspaceTutorial/install/robot_controller:/opt/ros/humble /usr/bin/cmake --build /home/tanawatp/BaLEGce/balegce_ws/build/motor_control -- -j8 -l8
[2.576s] DEBUG:colcon.colcon_core.event_handler.log_command:Invoked command in '/home/tanawatp/BaLEGce/balegce_ws/build/balegce' returned '0': CMAKE_PREFIX_PATH=${CMAKE_PREFIX_PATH}:/home/tanawatp/ros2_workspaceTutorial/install/robot_controller:/opt/ros/humble /usr/bin/cmake --build /home/tanawatp/BaLEGce/balegce_ws/build/balegce -- -j8 -l8
[2.577s] DEBUG:colcon.colcon_core.event_handler.log_command:Invoked command in '/home/tanawatp/BaLEGce/balegce_ws/build/balegce_gazebo' returned '0': CMAKE_PREFIX_PATH=${CMAKE_PREFIX_PATH}:/home/tanawatp/ros2_workspaceTutorial/install/robot_controller:/opt/ros/humble /usr/bin/cmake --build /home/tanawatp/BaLEGce/balegce_ws/build/balegce_gazebo -- -j8 -l8
[2.598s] DEBUG:colcon.colcon_core.event_handler.log_command:Invoked command in '/home/tanawatp/BaLEGce/balegce_ws/build/motor_control' returned '0': CMAKE_PREFIX_PATH=${CMAKE_PREFIX_PATH}:/home/tanawatp/ros2_workspaceTutorial/install/robot_controller:/opt/ros/humble /usr/bin/cmake --build /home/tanawatp/BaLEGce/balegce_ws/build/motor_control -- -j8 -l8
[2.627s] DEBUG:colcon.colcon_core.event_handler.log_command:Invoking command in '/home/tanawatp/BaLEGce/balegce_ws/build/balegce': CMAKE_PREFIX_PATH=${CMAKE_PREFIX_PATH}:/home/tanawatp/ros2_workspaceTutorial/install/robot_controller:/opt/ros/humble /usr/bin/cmake --install /home/tanawatp/BaLEGce/balegce_ws/build/balegce
[2.629s] DEBUG:colcon.colcon_core.event_handler.log_command:Invoking command in '/home/tanawatp/BaLEGce/balegce_ws/build/balegce_gazebo': CMAKE_PREFIX_PATH=${CMAKE_PREFIX_PATH}:/home/tanawatp/ros2_workspaceTutorial/install/robot_controller:/opt/ros/humble /usr/bin/cmake --install /home/tanawatp/BaLEGce/balegce_ws/build/balegce_gazebo
[2.642s] DEBUG:colcon.colcon_core.event_handler.log_command:Invoking command in '/home/tanawatp/BaLEGce/balegce_ws/build/motor_control': CMAKE_PREFIX_PATH=${CMAKE_PREFIX_PATH}:/home/tanawatp/ros2_workspaceTutorial/install/robot_controller:/opt/ros/humble /usr/bin/cmake --install /home/tanawatp/BaLEGce/balegce_ws/build/motor_control
[2.698s] Level 1:colcon.colcon_core.environment:create_environment_scripts_only(balegce)
[2.702s] DEBUG:colcon.colcon_core.event_handler.log_command:Invoked command in '/home/tanawatp/BaLEGce/balegce_ws/build/balegce' returned '0': CMAKE_PREFIX_PATH=${CMAKE_PREFIX_PATH}:/home/tanawatp/ros2_workspaceTutorial/install/robot_controller:/opt/ros/humble /usr/bin/cmake --install /home/tanawatp/BaLEGce/balegce_ws/build/balegce
[2.728s] Level 1:colcon.colcon_core.environment:checking '/home/tanawatp/BaLEGce/balegce_ws/install/balegce' for CMake module files
[2.729s] Level 1:colcon.colcon_core.environment:checking '/home/tanawatp/BaLEGce/balegce_ws/install/balegce' for CMake config files
[2.729s] Level 1:colcon.colcon_core.shell:create_environment_hook('balegce', 'cmake_prefix_path')
[2.749s] INFO:colcon.colcon_core.shell:Creating environment hook '/home/tanawatp/BaLEGce/balegce_ws/install/balegce/share/balegce/hook/cmake_prefix_path.ps1'
[2.750s] INFO:colcon.colcon_core.shell:Creating environment descriptor '/home/tanawatp/BaLEGce/balegce_ws/install/balegce/share/balegce/hook/cmake_prefix_path.dsv'
[2.751s] INFO:colcon.colcon_core.shell:Creating environment hook '/home/tanawatp/BaLEGce/balegce_ws/install/balegce/share/balegce/hook/cmake_prefix_path.sh'
[2.752s] Level 1:colcon.colcon_core.environment:checking '/home/tanawatp/BaLEGce/balegce_ws/install/balegce/bin'
[2.752s] Level 1:colcon.colcon_core.environment:checking '/home/tanawatp/BaLEGce/balegce_ws/install/balegce/lib/pkgconfig/balegce.pc'
[2.752s] Level 1:colcon.colcon_core.environment:checking '/home/tanawatp/BaLEGce/balegce_ws/install/balegce/lib/python3.10/site-packages'
[2.752s] Level 1:colcon.colcon_core.environment:checking '/home/tanawatp/BaLEGce/balegce_ws/install/balegce/bin'
[2.773s] INFO:colcon.colcon_core.shell:Creating package script '/home/tanawatp/BaLEGce/balegce_ws/install/balegce/share/balegce/package.ps1'
[2.774s] INFO:colcon.colcon_core.shell:Creating package descriptor '/home/tanawatp/BaLEGce/balegce_ws/install/balegce/share/balegce/package.dsv'
[2.774s] INFO:colcon.colcon_core.shell:Creating package script '/home/tanawatp/BaLEGce/balegce_ws/install/balegce/share/balegce/package.sh'
[2.775s] INFO:colcon.colcon_core.shell:Creating package script '/home/tanawatp/BaLEGce/balegce_ws/install/balegce/share/balegce/package.bash'
[2.775s] INFO:colcon.colcon_core.shell:Creating package script '/home/tanawatp/BaLEGce/balegce_ws/install/balegce/share/balegce/package.zsh'
[2.776s] Level 1:colcon.colcon_core.environment:create_file_with_runtime_dependencies(/home/tanawatp/BaLEGce/balegce_ws/install/balegce/share/colcon-core/packages/balegce)
[2.778s] Level 1:colcon.colcon_core.environment:create_environment_scripts_only(balegce_gazebo)
[2.780s] DEBUG:colcon.colcon_core.event_handler.log_command:Invoked command in '/home/tanawatp/BaLEGce/balegce_ws/build/balegce_gazebo' returned '0': CMAKE_PREFIX_PATH=${CMAKE_PREFIX_PATH}:/home/tanawatp/ros2_workspaceTutorial/install/robot_controller:/opt/ros/humble /usr/bin/cmake --install /home/tanawatp/BaLEGce/balegce_ws/build/balegce_gazebo
[2.800s] Level 1:colcon.colcon_core.environment:checking '/home/tanawatp/BaLEGce/balegce_ws/install/balegce_gazebo' for CMake module files
[2.800s] Level 1:colcon.colcon_core.environment:checking '/home/tanawatp/BaLEGce/balegce_ws/install/balegce_gazebo' for CMake config files
[2.800s] Level 1:colcon.colcon_core.shell:create_environment_hook('balegce_gazebo', 'cmake_prefix_path')
[2.823s] INFO:colcon.colcon_core.shell:Creating environment hook '/home/tanawatp/BaLEGce/balegce_ws/install/balegce_gazebo/share/balegce_gazebo/hook/cmake_prefix_path.ps1'
[2.824s] INFO:colcon.colcon_core.shell:Creating environment descriptor '/home/tanawatp/BaLEGce/balegce_ws/install/balegce_gazebo/share/balegce_gazebo/hook/cmake_prefix_path.dsv'
[2.824s] INFO:colcon.colcon_core.shell:Creating environment hook '/home/tanawatp/BaLEGce/balegce_ws/install/balegce_gazebo/share/balegce_gazebo/hook/cmake_prefix_path.sh'
[2.825s] Level 1:colcon.colcon_core.environment:checking '/home/tanawatp/BaLEGce/balegce_ws/install/balegce_gazebo/lib'
[2.825s] Level 1:colcon.colcon_core.environment:checking '/home/tanawatp/BaLEGce/balegce_ws/install/balegce_gazebo/bin'
[2.825s] Level 1:colcon.colcon_core.environment:checking '/home/tanawatp/BaLEGce/balegce_ws/install/balegce_gazebo/lib/pkgconfig/balegce_gazebo.pc'
[2.825s] Level 1:colcon.colcon_core.environment:checking '/home/tanawatp/BaLEGce/balegce_ws/install/balegce_gazebo/lib/python3.10/site-packages'
[2.826s] Level 1:colcon.colcon_core.environment:checking '/home/tanawatp/BaLEGce/balegce_ws/install/balegce_gazebo/bin'
[2.849s] INFO:colcon.colcon_core.shell:Creating package script '/home/tanawatp/BaLEGce/balegce_ws/install/balegce_gazebo/share/balegce_gazebo/package.ps1'
[2.850s] INFO:colcon.colcon_core.shell:Creating package descriptor '/home/tanawatp/BaLEGce/balegce_ws/install/balegce_gazebo/share/balegce_gazebo/package.dsv'
[2.850s] INFO:colcon.colcon_core.shell:Creating package script '/home/tanawatp/BaLEGce/balegce_ws/install/balegce_gazebo/share/balegce_gazebo/package.sh'
[2.850s] INFO:colcon.colcon_core.shell:Creating package script '/home/tanawatp/BaLEGce/balegce_ws/install/balegce_gazebo/share/balegce_gazebo/package.bash'
[2.851s] INFO:colcon.colcon_core.shell:Creating package script '/home/tanawatp/BaLEGce/balegce_ws/install/balegce_gazebo/share/balegce_gazebo/package.zsh'
[2.851s] Level 1:colcon.colcon_core.environment:create_file_with_runtime_dependencies(/home/tanawatp/BaLEGce/balegce_ws/install/balegce_gazebo/share/colcon-core/packages/balegce_gazebo)
[2.853s] Level 1:colcon.colcon_core.environment:create_environment_scripts_only(motor_control)
[2.854s] DEBUG:colcon.colcon_core.event_handler.log_command:Invoked command in '/home/tanawatp/BaLEGce/balegce_ws/build/motor_control' returned '0': CMAKE_PREFIX_PATH=${CMAKE_PREFIX_PATH}:/home/tanawatp/ros2_workspaceTutorial/install/robot_controller:/opt/ros/humble /usr/bin/cmake --install /home/tanawatp/BaLEGce/balegce_ws/build/motor_control
[2.877s] Level 1:colcon.colcon_core.environment:checking '/home/tanawatp/BaLEGce/balegce_ws/install/motor_control' for CMake module files
[2.878s] Level 1:colcon.colcon_core.environment:checking '/home/tanawatp/BaLEGce/balegce_ws/install/motor_control' for CMake config files
[2.878s] Level 1:colcon.colcon_core.shell:create_environment_hook('motor_control', 'cmake_prefix_path')
[2.902s] INFO:colcon.colcon_core.shell:Creating environment hook '/home/tanawatp/BaLEGce/balegce_ws/install/motor_control/share/motor_control/hook/cmake_prefix_path.ps1'
[2.902s] INFO:colcon.colcon_core.shell:Creating environment descriptor '/home/tanawatp/BaLEGce/balegce_ws/install/motor_control/share/motor_control/hook/cmake_prefix_path.dsv'
[2.903s] INFO:colcon.colcon_core.shell:Creating environment hook '/home/tanawatp/BaLEGce/balegce_ws/install/motor_control/share/motor_control/hook/cmake_prefix_path.sh'
[2.903s] Level 1:colcon.colcon_core.environment:checking '/home/tanawatp/BaLEGce/balegce_ws/install/motor_control/lib'
[2.903s] Level 1:colcon.colcon_core.environment:checking '/home/tanawatp/BaLEGce/balegce_ws/install/motor_control/bin'
[2.903s] Level 1:colcon.colcon_core.environment:checking '/home/tanawatp/BaLEGce/balegce_ws/install/motor_control/lib/pkgconfig/motor_control.pc'
[2.904s] Level 1:colcon.colcon_core.environment:checking '/home/tanawatp/BaLEGce/balegce_ws/install/motor_control/lib/python3.10/site-packages'
[2.904s] Level 1:colcon.colcon_core.environment:checking '/home/tanawatp/BaLEGce/balegce_ws/install/motor_control/bin'
[2.925s] INFO:colcon.colcon_core.shell:Creating package script '/home/tanawatp/BaLEGce/balegce_ws/install/motor_control/share/motor_control/package.ps1'
[2.926s] INFO:colcon.colcon_core.shell:Creating package descriptor '/home/tanawatp/BaLEGce/balegce_ws/install/motor_control/share/motor_control/package.dsv'
[2.926s] INFO:colcon.colcon_core.shell:Creating package script '/home/tanawatp/BaLEGce/balegce_ws/install/motor_control/share/motor_control/package.sh'
[2.927s] INFO:colcon.colcon_core.shell:Creating package script '/home/tanawatp/BaLEGce/balegce_ws/install/motor_control/share/motor_control/package.bash'
[2.927s] INFO:colcon.colcon_core.shell:Creating package script '/home/tanawatp/BaLEGce/balegce_ws/install/motor_control/share/motor_control/package.zsh'
[2.927s] Level 1:colcon.colcon_core.environment:create_file_with_runtime_dependencies(/home/tanawatp/BaLEGce/balegce_ws/install/motor_control/share/colcon-core/packages/motor_control)
[2.953s] Level 1:colcon.colcon_core.environment:create_environment_scripts_only(balegce)
[2.974s] Level 1:colcon.colcon_core.environment:checking '/home/tanawatp/BaLEGce/balegce_ws/install/balegce' for CMake module files
[2.975s] Level 1:colcon.colcon_core.environment:checking '/home/tanawatp/BaLEGce/balegce_ws/install/balegce' for CMake config files
[2.975s] Level 1:colcon.colcon_core.shell:create_environment_hook('balegce', 'cmake_prefix_path')
[2.997s] INFO:colcon.colcon_core.shell:Creating environment hook '/home/tanawatp/BaLEGce/balegce_ws/install/balegce/share/balegce/hook/cmake_prefix_path.ps1'
[2.998s] INFO:colcon.colcon_core.shell:Creating environment descriptor '/home/tanawatp/BaLEGce/balegce_ws/install/balegce/share/balegce/hook/cmake_prefix_path.dsv'
[2.998s] INFO:colcon.colcon_core.shell:Creating environment hook '/home/tanawatp/BaLEGce/balegce_ws/install/balegce/share/balegce/hook/cmake_prefix_path.sh'
[2.999s] Level 1:colcon.colcon_core.environment:checking '/home/tanawatp/BaLEGce/balegce_ws/install/balegce/bin'
[2.999s] Level 1:colcon.colcon_core.environment:checking '/home/tanawatp/BaLEGce/balegce_ws/install/balegce/lib/pkgconfig/balegce.pc'
[2.999s] Level 1:colcon.colcon_core.environment:checking '/home/tanawatp/BaLEGce/balegce_ws/install/balegce/lib/python3.10/site-packages'
[2.999s] Level 1:colcon.colcon_core.environment:checking '/home/tanawatp/BaLEGce/balegce_ws/install/balegce/bin'
[3.021s] INFO:colcon.colcon_core.shell:Creating package script '/home/tanawatp/BaLEGce/balegce_ws/install/balegce/share/balegce/package.ps1'
[3.022s] INFO:colcon.colcon_core.shell:Creating package descriptor '/home/tanawatp/BaLEGce/balegce_ws/install/balegce/share/balegce/package.dsv'
[3.023s] INFO:colcon.colcon_core.shell:Creating package script '/home/tanawatp/BaLEGce/balegce_ws/install/balegce/share/balegce/package.sh'
[3.023s] INFO:colcon.colcon_core.shell:Creating package script '/home/tanawatp/BaLEGce/balegce_ws/install/balegce/share/balegce/package.bash'
[3.023s] INFO:colcon.colcon_core.shell:Creating package script '/home/tanawatp/BaLEGce/balegce_ws/install/balegce/share/balegce/package.zsh'
[3.024s] Level 1:colcon.colcon_core.environment:create_file_with_runtime_dependencies(/home/tanawatp/BaLEGce/balegce_ws/install/balegce/share/colcon-core/packages/balegce)
[3.049s] Level 1:colcon.colcon_core.environment:create_environment_scripts_only(balegce_gazebo)
[3.072s] Level 1:colcon.colcon_core.environment:checking '/home/tanawatp/BaLEGce/balegce_ws/install/balegce_gazebo' for CMake module files
[3.073s] Level 1:colcon.colcon_core.environment:checking '/home/tanawatp/BaLEGce/balegce_ws/install/balegce_gazebo' for CMake config files
[3.073s] Level 1:colcon.colcon_core.shell:create_environment_hook('balegce_gazebo', 'cmake_prefix_path')
[3.093s] INFO:colcon.colcon_core.shell:Creating environment hook '/home/tanawatp/BaLEGce/balegce_ws/install/balegce_gazebo/share/balegce_gazebo/hook/cmake_prefix_path.ps1'
[3.093s] INFO:colcon.colcon_core.shell:Creating environment descriptor '/home/tanawatp/BaLEGce/balegce_ws/install/balegce_gazebo/share/balegce_gazebo/hook/cmake_prefix_path.dsv'
[3.094s] INFO:colcon.colcon_core.shell:Creating environment hook '/home/tanawatp/BaLEGce/balegce_ws/install/balegce_gazebo/share/balegce_gazebo/hook/cmake_prefix_path.sh'
[3.094s] Level 1:colcon.colcon_core.environment:checking '/home/tanawatp/BaLEGce/balegce_ws/install/balegce_gazebo/lib'
[3.094s] Level 1:colcon.colcon_core.environment:checking '/home/tanawatp/BaLEGce/balegce_ws/install/balegce_gazebo/bin'
[3.094s] Level 1:colcon.colcon_core.environment:checking '/home/tanawatp/BaLEGce/balegce_ws/install/balegce_gazebo/lib/pkgconfig/balegce_gazebo.pc'
[3.095s] Level 1:colcon.colcon_core.environment:checking '/home/tanawatp/BaLEGce/balegce_ws/install/balegce_gazebo/lib/python3.10/site-packages'
[3.095s] Level 1:colcon.colcon_core.environment:checking '/home/tanawatp/BaLEGce/balegce_ws/install/balegce_gazebo/bin'
[3.116s] INFO:colcon.colcon_core.shell:Creating package script '/home/tanawatp/BaLEGce/balegce_ws/install/balegce_gazebo/share/balegce_gazebo/package.ps1'
[3.117s] INFO:colcon.colcon_core.shell:Creating package descriptor '/home/tanawatp/BaLEGce/balegce_ws/install/balegce_gazebo/share/balegce_gazebo/package.dsv'
[3.118s] INFO:colcon.colcon_core.shell:Creating package script '/home/tanawatp/BaLEGce/balegce_ws/install/balegce_gazebo/share/balegce_gazebo/package.sh'
[3.118s] INFO:colcon.colcon_core.shell:Creating package script '/home/tanawatp/BaLEGce/balegce_ws/install/balegce_gazebo/share/balegce_gazebo/package.bash'
[3.118s] INFO:colcon.colcon_core.shell:Creating package script '/home/tanawatp/BaLEGce/balegce_ws/install/balegce_gazebo/share/balegce_gazebo/package.zsh'
[3.119s] Level 1:colcon.colcon_core.environment:create_file_with_runtime_dependencies(/home/tanawatp/BaLEGce/balegce_ws/install/balegce_gazebo/share/colcon-core/packages/balegce_gazebo)
[3.141s] Level 1:colcon.colcon_core.environment:create_environment_scripts_only(motor_control)
[3.165s] Level 1:colcon.colcon_core.environment:checking '/home/tanawatp/BaLEGce/balegce_ws/install/motor_control' for CMake module files
[3.165s] Level 1:colcon.colcon_core.environment:checking '/home/tanawatp/BaLEGce/balegce_ws/install/motor_control' for CMake config files
[3.165s] Level 1:colcon.colcon_core.shell:create_environment_hook('motor_control', 'cmake_prefix_path')
[3.188s] INFO:colcon.colcon_core.shell:Creating environment hook '/home/tanawatp/BaLEGce/balegce_ws/install/motor_control/share/motor_control/hook/cmake_prefix_path.ps1'
[3.189s] INFO:colcon.colcon_core.shell:Creating environment descriptor '/home/tanawatp/BaLEGce/balegce_ws/install/motor_control/share/motor_control/hook/cmake_prefix_path.dsv'
[3.189s] INFO:colcon.colcon_core.shell:Creating environment hook '/home/tanawatp/BaLEGce/balegce_ws/install/motor_control/share/motor_control/hook/cmake_prefix_path.sh'
[3.190s] Level 1:colcon.colcon_core.environment:checking '/home/tanawatp/BaLEGce/balegce_ws/install/motor_control/lib'
[3.190s] Level 1:colcon.colcon_core.environment:checking '/home/tanawatp/BaLEGce/balegce_ws/install/motor_control/bin'
[3.190s] Level 1:colcon.colcon_core.environment:checking '/home/tanawatp/BaLEGce/balegce_ws/install/motor_control/lib/pkgconfig/motor_control.pc'
[3.190s] Level 1:colcon.colcon_core.environment:checking '/home/tanawatp/BaLEGce/balegce_ws/install/motor_control/lib/python3.10/site-packages'
[3.190s] Level 1:colcon.colcon_core.environment:checking '/home/tanawatp/BaLEGce/balegce_ws/install/motor_control/bin'
[3.232s] INFO:colcon.colcon_core.shell:Creating package script '/home/tanawatp/BaLEGce/balegce_ws/install/motor_control/share/motor_control/package.ps1'
[3.232s] INFO:colcon.colcon_core.shell:Creating package descriptor '/home/tanawatp/BaLEGce/balegce_ws/install/motor_control/share/motor_control/package.dsv'
[3.233s] INFO:colcon.colcon_core.shell:Creating package script '/home/tanawatp/BaLEGce/balegce_ws/install/motor_control/share/motor_control/package.sh'
[3.233s] INFO:colcon.colcon_core.shell:Creating package script '/home/tanawatp/BaLEGce/balegce_ws/install/motor_control/share/motor_control/package.bash'
[3.233s] INFO:colcon.colcon_core.shell:Creating package script '/home/tanawatp/BaLEGce/balegce_ws/install/motor_control/share/motor_control/package.zsh'
[3.234s] Level 1:colcon.colcon_core.environment:create_file_with_runtime_dependencies(/home/tanawatp/BaLEGce/balegce_ws/install/motor_control/share/colcon-core/packages/motor_control)
[3.234s] DEBUG:colcon.colcon_parallel_executor.executor.parallel:closing loop
[3.234s] DEBUG:colcon.colcon_parallel_executor.executor.parallel:loop closed
[3.234s] DEBUG:colcon.colcon_parallel_executor.executor.parallel:run_until_complete finished with '0'
[3.234s] DEBUG:colcon.colcon_core.event_reactor:joining thread
[3.299s] INFO:colcon.colcon_core.plugin_system:Skipping extension 'colcon_notification.desktop_notification.terminal_notifier': Not used on non-Darwin systems
[3.299s] INFO:colcon.colcon_core.plugin_system:Skipping extension 'colcon_notification.desktop_notification.win32': Not used on non-Windows systems
[3.299s] INFO:colcon.colcon_notification.desktop_notification:Sending desktop notification using 'notify2'
[3.329s] DEBUG:colcon.colcon_core.event_reactor:joined thread
[3.349s] INFO:colcon.colcon_core.shell:Creating prefix script '/home/tanawatp/BaLEGce/balegce_ws/install/local_setup.ps1'
[3.350s] INFO:colcon.colcon_core.shell:Creating prefix util module '/home/tanawatp/BaLEGce/balegce_ws/install/_local_setup_util_ps1.py'
[3.352s] INFO:colcon.colcon_core.shell:Creating prefix chain script '/home/tanawatp/BaLEGce/balegce_ws/install/setup.ps1'
[3.374s] INFO:colcon.colcon_core.shell:Creating prefix script '/home/tanawatp/BaLEGce/balegce_ws/install/local_setup.sh'
[3.374s] INFO:colcon.colcon_core.shell:Creating prefix util module '/home/tanawatp/BaLEGce/balegce_ws/install/_local_setup_util_sh.py'
[3.375s] INFO:colcon.colcon_core.shell:Creating prefix chain script '/home/tanawatp/BaLEGce/balegce_ws/install/setup.sh'
[3.397s] INFO:colcon.colcon_core.shell:Creating prefix script '/home/tanawatp/BaLEGce/balegce_ws/install/local_setup.bash'
[3.397s] INFO:colcon.colcon_core.shell:Creating prefix chain script '/home/tanawatp/BaLEGce/balegce_ws/install/setup.bash'
[3.418s] INFO:colcon.colcon_core.shell:Creating prefix script '/home/tanawatp/BaLEGce/balegce_ws/install/local_setup.zsh'
[3.419s] INFO:colcon.colcon_core.shell:Creating prefix chain script '/home/tanawatp/BaLEGce/balegce_ws/install/setup.zsh'
