Built target ament_cmake_python_copy_balegce
running egg_info
writing balegce.egg-info/PKG-INFO
writing dependency_links to balegce.egg-info/dependency_links.txt
writing top-level names to balegce.egg-info/top_level.txt
reading manifest file 'balegce.egg-info/SOURCES.txt'
writing manifest file 'balegce.egg-info/SOURCES.txt'
Built target ament_cmake_python_build_balegce_egg
-- Install configuration: ""
-- Up-to-date: /home/tanawatp/BaLEGce/balegce_ws/install/balegce/share/balegce/environment/pythonpath.sh
-- Up-to-date: /home/tanawatp/BaLEGce/balegce_ws/install/balegce/share/balegce/environment/pythonpath.dsv
-- Up-to-date: /home/tanawatp/BaLEGce/balegce_ws/install/balegce/local/lib/python3.10/dist-packages/balegce-0.0.0-py3.10.egg-info
-- Installing: /home/tanawatp/BaLEGce/balegce_ws/install/balegce/local/lib/python3.10/dist-packages/balegce-0.0.0-py3.10.egg-info/dependency_links.txt
-- Installing: /home/tanawatp/BaLEGce/balegce_ws/install/balegce/local/lib/python3.10/dist-packages/balegce-0.0.0-py3.10.egg-info/top_level.txt
-- Installing: /home/tanawatp/BaLEGce/balegce_ws/install/balegce/local/lib/python3.10/dist-packages/balegce-0.0.0-py3.10.egg-info/PKG-INFO
-- Installing: /home/tanawatp/BaLEGce/balegce_ws/install/balegce/local/lib/python3.10/dist-packages/balegce-0.0.0-py3.10.egg-info/SOURCES.txt
-- Up-to-date: /home/tanawatp/BaLEGce/balegce_ws/install/balegce/local/lib/python3.10/dist-packages/balegce
-- Up-to-date: /home/tanawatp/BaLEGce/balegce_ws/install/balegce/local/lib/python3.10/dist-packages/balegce/dummy_module.py
-- Up-to-date: /home/tanawatp/BaLEGce/balegce_ws/install/balegce/local/lib/python3.10/dist-packages/balegce/__init__.py
Listing '/home/tanawatp/BaLEGce/balegce_ws/install/balegce/local/lib/python3.10/dist-packages/balegce'...
-- Up-to-date: /home/tanawatp/BaLEGce/balegce_ws/install/balegce/share/balegce/config
-- Up-to-date: /home/tanawatp/BaLEGce/balegce_ws/install/balegce/share/balegce/config/collision_parameters.yaml
-- Up-to-date: /home/tanawatp/BaLEGce/balegce_ws/install/balegce/share/balegce/config/kinematics_parameters.yaml
-- Installing: /home/tanawatp/BaLEGce/balegce_ws/install/balegce/share/balegce/config/sensor_parameters.yaml
-- Up-to-date: /home/tanawatp/BaLEGce/balegce_ws/install/balegce/share/balegce/config/_display.rviz
-- Up-to-date: /home/tanawatp/BaLEGce/balegce_ws/install/balegce/share/balegce/config/visual_parameters.yaml
-- Up-to-date: /home/tanawatp/BaLEGce/balegce_ws/install/balegce/share/balegce/config/dynamics_parameters.yaml
-- Up-to-date: /home/tanawatp/BaLEGce/balegce_ws/install/balegce/share/balegce/launch
-- Up-to-date: /home/tanawatp/BaLEGce/balegce_ws/install/balegce/share/balegce/launch/display.launch.py
-- Up-to-date: /home/tanawatp/BaLEGce/balegce_ws/install/balegce/share/balegce/robot
-- Up-to-date: /home/tanawatp/BaLEGce/balegce_ws/install/balegce/share/balegce/robot/visual
-- Up-to-date: /home/tanawatp/BaLEGce/balegce_ws/install/balegce/share/balegce/robot/visual/manipulator.xacro
-- Up-to-date: /home/tanawatp/BaLEGce/balegce_ws/install/balegce/share/balegce/robot/visual/robot.xacro
-- Up-to-date: /home/tanawatp/BaLEGce/balegce_ws/install/balegce/share/balegce/robot/visual/sensor.xacro
-- Up-to-date: /home/tanawatp/BaLEGce/balegce_ws/install/balegce/share/balegce/robot/visual/properties.xacro
-- Up-to-date: /home/tanawatp/BaLEGce/balegce_ws/install/balegce/share/balegce/meshes
-- Up-to-date: /home/tanawatp/BaLEGce/balegce_ws/install/balegce/share/balegce/meshes/reactionwheel.stl
-- Up-to-date: /home/tanawatp/BaLEGce/balegce_ws/install/balegce/share/balegce/meshes/body.stl
-- Up-to-date: /home/tanawatp/BaLEGce/balegce_ws/install/balegce/share/balegce/meshes/propeller_1.stl
-- Up-to-date: /home/tanawatp/BaLEGce/balegce_ws/install/balegce/share/balegce/meshes/propeller_2.stl
-- Up-to-date: /home/tanawatp/BaLEGce/balegce_ws/install/balegce/share/balegce/meshes/leg.stl
-- Up-to-date: /home/tanawatp/BaLEGce/balegce_ws/install/balegce/share/ament_index/resource_index/package_run_dependencies/balegce
-- Up-to-date: /home/tanawatp/BaLEGce/balegce_ws/install/balegce/share/ament_index/resource_index/parent_prefix_path/balegce
-- Up-to-date: /home/tanawatp/BaLEGce/balegce_ws/install/balegce/share/balegce/environment/ament_prefix_path.sh
-- Up-to-date: /home/tanawatp/BaLEGce/balegce_ws/install/balegce/share/balegce/environment/ament_prefix_path.dsv
-- Up-to-date: /home/tanawatp/BaLEGce/balegce_ws/install/balegce/share/balegce/environment/path.sh
-- Up-to-date: /home/tanawatp/BaLEGce/balegce_ws/install/balegce/share/balegce/environment/path.dsv
-- Up-to-date: /home/tanawatp/BaLEGce/balegce_ws/install/balegce/share/balegce/local_setup.bash
-- Up-to-date: /home/tanawatp/BaLEGce/balegce_ws/install/balegce/share/balegce/local_setup.sh
-- Up-to-date: /home/tanawatp/BaLEGce/balegce_ws/install/balegce/share/balegce/local_setup.zsh
-- Up-to-date: /home/tanawatp/BaLEGce/balegce_ws/install/balegce/share/balegce/local_setup.dsv
-- Installing: /home/tanawatp/BaLEGce/balegce_ws/install/balegce/share/balegce/package.dsv
-- Up-to-date: /home/tanawatp/BaLEGce/balegce_ws/install/balegce/share/ament_index/resource_index/packages/balegce
-- Up-to-date: /home/tanawatp/BaLEGce/balegce_ws/install/balegce/share/balegce/cmake/balegceConfig.cmake
-- Up-to-date: /home/tanawatp/BaLEGce/balegce_ws/install/balegce/share/balegce/cmake/balegceConfig-version.cmake
-- Up-to-date: /home/tanawatp/BaLEGce/balegce_ws/install/balegce/share/balegce/package.xml
