[1.743s] DEBUG:colcon:Command line arguments: ['/usr/bin/colcon', 'build']
[1.743s] DEBUG:colcon:Parsed command line arguments: Namespace(log_base=None, log_level=None, verb_name='build', build_base='build', install_base='install', merge_install=False, symlink_install=False, test_result_base=None, continue_on_error=False, executor='parallel', parallel_workers=8, event_handlers=None, ignore_user_meta=False, metas=['./colcon.meta'], base_paths=['.'], packages_ignore=None, packages_ignore_regex=None, paths=None, packages_up_to=None, packages_up_to_regex=None, packages_above=None, packages_above_and_dependencies=None, packages_above_depth=None, packages_select_by_dep=None, packages_skip_by_dep=None, packages_skip_up_to=None, packages_select_build_failed=False, packages_skip_build_finished=False, packages_select_test_failures=False, packages_skip_test_passed=False, packages_select=None, packages_skip=None, packages_select_regex=None, packages_skip_regex=None, packages_start=None, packages_end=None, allow_overriding=[], cmake_args=None, cmake_target=None, cmake_target_skip_unavailable=False, cmake_clean_cache=False, cmake_clean_first=False, cmake_force_configure=False, ament_cmake_args=None, catkin_cmake_args=None, catkin_skip_building_tests=False, verb_parser=<colcon_defaults.argument_parser.defaults.DefaultArgumentsDecorator object at 0x7f9d3dca01c0>, verb_extension=<colcon_core.verb.build.BuildVerb object at 0x7f9d3dca3970>, main=<bound method BuildVerb.main of <colcon_core.verb.build.BuildVerb object at 0x7f9d3dca3970>>)
[1.824s] Level 1:colcon.colcon_core.package_discovery:discover_packages(colcon_meta) check parameters
[1.825s] Level 1:colcon.colcon_core.package_discovery:discover_packages(recursive) check parameters
[1.825s] Level 1:colcon.colcon_core.package_discovery:discover_packages(ignore) check parameters
[1.825s] Level 1:colcon.colcon_core.package_discovery:discover_packages(path) check parameters
[1.825s] Level 1:colcon.colcon_core.package_discovery:discover_packages(colcon_meta) discover
[1.825s] Level 1:colcon.colcon_core.package_discovery:discover_packages(recursive) discover
[1.825s] INFO:colcon.colcon_core.package_discovery:Crawling recursively for packages in '/home/tanawatp/BaLEGce/balegce_ws'
[1.825s] Level 1:colcon.colcon_core.package_identification:_identify(.) by extensions ['ignore', 'ignore_ament_install']
[1.825s] Level 1:colcon.colcon_core.package_identification:_identify(.) by extension 'ignore'
[1.825s] Level 1:colcon.colcon_core.package_identification:_identify(.) by extension 'ignore_ament_install'
[1.825s] Level 1:colcon.colcon_core.package_identification:_identify(.) by extensions ['colcon_pkg']
[1.825s] Level 1:colcon.colcon_core.package_identification:_identify(.) by extension 'colcon_pkg'
[1.825s] Level 1:colcon.colcon_core.package_identification:_identify(.) by extensions ['colcon_meta']
[1.825s] Level 1:colcon.colcon_core.package_identification:_identify(.) by extension 'colcon_meta'
[1.826s] Level 1:colcon.colcon_core.package_identification:_identify(.) by extensions ['ros']
[1.826s] Level 1:colcon.colcon_core.package_identification:_identify(.) by extension 'ros'
[1.842s] Level 1:colcon.colcon_core.package_identification:_identify(.) by extensions ['cmake', 'python']
[1.842s] Level 1:colcon.colcon_core.package_identification:_identify(.) by extension 'cmake'
[1.842s] Level 1:colcon.colcon_core.package_identification:_identify(.) by extension 'python'
[1.842s] Level 1:colcon.colcon_core.package_identification:_identify(.) by extensions ['python_setup_py']
[1.842s] Level 1:colcon.colcon_core.package_identification:_identify(.) by extension 'python_setup_py'
[1.842s] Level 1:colcon.colcon_core.package_identification:_identify(build) by extensions ['ignore', 'ignore_ament_install']
[1.842s] Level 1:colcon.colcon_core.package_identification:_identify(build) by extension 'ignore'
[1.842s] Level 1:colcon.colcon_core.package_identification:_identify(build) ignored
[1.843s] Level 1:colcon.colcon_core.package_identification:_identify(install) by extensions ['ignore', 'ignore_ament_install']
[1.843s] Level 1:colcon.colcon_core.package_identification:_identify(install) by extension 'ignore'
[1.843s] Level 1:colcon.colcon_core.package_identification:_identify(install) ignored
[1.843s] Level 1:colcon.colcon_core.package_identification:_identify(log) by extensions ['ignore', 'ignore_ament_install']
[1.843s] Level 1:colcon.colcon_core.package_identification:_identify(log) by extension 'ignore'
[1.843s] Level 1:colcon.colcon_core.package_identification:_identify(log) ignored
[1.843s] Level 1:colcon.colcon_core.package_identification:_identify(src) by extensions ['ignore', 'ignore_ament_install']
[1.843s] Level 1:colcon.colcon_core.package_identification:_identify(src) by extension 'ignore'
[1.843s] Level 1:colcon.colcon_core.package_identification:_identify(src) by extension 'ignore_ament_install'
[1.843s] Level 1:colcon.colcon_core.package_identification:_identify(src) by extensions ['colcon_pkg']
[1.844s] Level 1:colcon.colcon_core.package_identification:_identify(src) by extension 'colcon_pkg'
[1.844s] Level 1:colcon.colcon_core.package_identification:_identify(src) by extensions ['colcon_meta']
[1.844s] Level 1:colcon.colcon_core.package_identification:_identify(src) by extension 'colcon_meta'
[1.844s] Level 1:colcon.colcon_core.package_identification:_identify(src) by extensions ['ros']
[1.844s] Level 1:colcon.colcon_core.package_identification:_identify(src) by extension 'ros'
[1.844s] Level 1:colcon.colcon_core.package_identification:_identify(src) by extensions ['cmake', 'python']
[1.844s] Level 1:colcon.colcon_core.package_identification:_identify(src) by extension 'cmake'
[1.844s] Level 1:colcon.colcon_core.package_identification:_identify(src) by extension 'python'
[1.844s] Level 1:colcon.colcon_core.package_identification:_identify(src) by extensions ['python_setup_py']
[1.844s] Level 1:colcon.colcon_core.package_identification:_identify(src) by extension 'python_setup_py'
[1.844s] Level 1:colcon.colcon_core.package_identification:_identify(src/balegce) by extensions ['ignore', 'ignore_ament_install']
[1.844s] Level 1:colcon.colcon_core.package_identification:_identify(src/balegce) by extension 'ignore'
[1.844s] Level 1:colcon.colcon_core.package_identification:_identify(src/balegce) by extension 'ignore_ament_install'
[1.845s] Level 1:colcon.colcon_core.package_identification:_identify(src/balegce) by extensions ['colcon_pkg']
[1.845s] Level 1:colcon.colcon_core.package_identification:_identify(src/balegce) by extension 'colcon_pkg'
[1.845s] Level 1:colcon.colcon_core.package_identification:_identify(src/balegce) by extensions ['colcon_meta']
[1.845s] Level 1:colcon.colcon_core.package_identification:_identify(src/balegce) by extension 'colcon_meta'
[1.845s] Level 1:colcon.colcon_core.package_identification:_identify(src/balegce) by extensions ['ros']
[1.845s] Level 1:colcon.colcon_core.package_identification:_identify(src/balegce) by extension 'ros'
[1.850s] DEBUG:colcon.colcon_core.package_identification:Package 'src/balegce' with type 'ros.ament_cmake' and name 'balegce'
[1.850s] Level 1:colcon.colcon_core.package_identification:_identify(src/balegce_gazebo) by extensions ['ignore', 'ignore_ament_install']
[1.850s] Level 1:colcon.colcon_core.package_identification:_identify(src/balegce_gazebo) by extension 'ignore'
[1.850s] Level 1:colcon.colcon_core.package_identification:_identify(src/balegce_gazebo) by extension 'ignore_ament_install'
[1.850s] Level 1:colcon.colcon_core.package_identification:_identify(src/balegce_gazebo) by extensions ['colcon_pkg']
[1.850s] Level 1:colcon.colcon_core.package_identification:_identify(src/balegce_gazebo) by extension 'colcon_pkg'
[1.850s] Level 1:colcon.colcon_core.package_identification:_identify(src/balegce_gazebo) by extensions ['colcon_meta']
[1.851s] Level 1:colcon.colcon_core.package_identification:_identify(src/balegce_gazebo) by extension 'colcon_meta'
[1.851s] Level 1:colcon.colcon_core.package_identification:_identify(src/balegce_gazebo) by extensions ['ros']
[1.851s] Level 1:colcon.colcon_core.package_identification:_identify(src/balegce_gazebo) by extension 'ros'
[1.852s] DEBUG:colcon.colcon_core.package_identification:Package 'src/balegce_gazebo' with type 'ros.ament_cmake' and name 'balegce_gazebo'
[1.852s] Level 1:colcon.colcon_core.package_identification:_identify(src/motor_control) by extensions ['ignore', 'ignore_ament_install']
[1.852s] Level 1:colcon.colcon_core.package_identification:_identify(src/motor_control) by extension 'ignore'
[1.852s] Level 1:colcon.colcon_core.package_identification:_identify(src/motor_control) by extension 'ignore_ament_install'
[1.852s] Level 1:colcon.colcon_core.package_identification:_identify(src/motor_control) by extensions ['colcon_pkg']
[1.852s] Level 1:colcon.colcon_core.package_identification:_identify(src/motor_control) by extension 'colcon_pkg'
[1.852s] Level 1:colcon.colcon_core.package_identification:_identify(src/motor_control) by extensions ['colcon_meta']
[1.852s] Level 1:colcon.colcon_core.package_identification:_identify(src/motor_control) by extension 'colcon_meta'
[1.853s] Level 1:colcon.colcon_core.package_identification:_identify(src/motor_control) by extensions ['ros']
[1.853s] Level 1:colcon.colcon_core.package_identification:_identify(src/motor_control) by extension 'ros'
[1.854s] DEBUG:colcon.colcon_core.package_identification:Package 'src/motor_control' with type 'ros.ament_cmake' and name 'motor_control'
[1.854s] Level 1:colcon.colcon_core.package_discovery:discover_packages(recursive) using defaults
[1.854s] Level 1:colcon.colcon_core.package_discovery:discover_packages(ignore) discover
[1.854s] Level 1:colcon.colcon_core.package_discovery:discover_packages(ignore) using defaults
[1.854s] Level 1:colcon.colcon_core.package_discovery:discover_packages(path) discover
[1.854s] Level 1:colcon.colcon_core.package_discovery:discover_packages(path) using defaults
[2.011s] Level 1:colcon.colcon_core.package_discovery:discover_packages(prefix_path) check parameters
[2.011s] Level 1:colcon.colcon_core.package_discovery:discover_packages(prefix_path) discover
[2.061s] DEBUG:colcon.colcon_installed_package_information.package_discovery:Found 3 installed packages in /home/tanawatp/BaLEGce/balegce_ws/install
[2.085s] DEBUG:colcon.colcon_installed_package_information.package_discovery:Found 6 installed packages in /home/tanawatp/humanoid_ws/install
[2.110s] DEBUG:colcon.colcon_installed_package_information.package_discovery:Found 8 installed packages in /home/tanawatp/fra501_robotdevop/fra501_ws/install
[2.156s] DEBUG:colcon.colcon_installed_package_information.package_discovery:Found 2 installed packages in /home/tanawatp/ros2_workspaceTutorial/install
[2.181s] DEBUG:colcon.colcon_installed_package_information.package_discovery:Found 376 installed packages in /opt/ros/humble
[2.183s] Level 1:colcon.colcon_core.package_discovery:discover_packages(prefix_path) using defaults
[2.340s] Level 5:colcon.colcon_core.verb:set package 'balegce' build argument 'cmake_args' from command line to 'None'
[2.340s] Level 5:colcon.colcon_core.verb:set package 'balegce' build argument 'cmake_target' from command line to 'None'
[2.340s] Level 5:colcon.colcon_core.verb:set package 'balegce' build argument 'cmake_target_skip_unavailable' from command line to 'False'
[2.340s] Level 5:colcon.colcon_core.verb:set package 'balegce' build argument 'cmake_clean_cache' from command line to 'False'
[2.340s] Level 5:colcon.colcon_core.verb:set package 'balegce' build argument 'cmake_clean_first' from command line to 'False'
[2.340s] Level 5:colcon.colcon_core.verb:set package 'balegce' build argument 'cmake_force_configure' from command line to 'False'
[2.340s] Level 5:colcon.colcon_core.verb:set package 'balegce' build argument 'ament_cmake_args' from command line to 'None'
[2.340s] Level 5:colcon.colcon_core.verb:set package 'balegce' build argument 'catkin_cmake_args' from command line to 'None'
[2.340s] Level 5:colcon.colcon_core.verb:set package 'balegce' build argument 'catkin_skip_building_tests' from command line to 'False'
[2.340s] DEBUG:colcon.colcon_core.verb:Building package 'balegce' with the following arguments: {'ament_cmake_args': None, 'build_base': '/home/tanawatp/BaLEGce/balegce_ws/build/balegce', 'catkin_cmake_args': None, 'catkin_skip_building_tests': False, 'cmake_args': None, 'cmake_clean_cache': False, 'cmake_clean_first': False, 'cmake_force_configure': False, 'cmake_target': None, 'cmake_target_skip_unavailable': False, 'install_base': '/home/tanawatp/BaLEGce/balegce_ws/install/balegce', 'merge_install': False, 'path': '/home/tanawatp/BaLEGce/balegce_ws/src/balegce', 'symlink_install': False, 'test_result_base': None}
[2.363s] Level 5:colcon.colcon_core.verb:set package 'balegce_gazebo' build argument 'cmake_args' from command line to 'None'
[2.363s] Level 5:colcon.colcon_core.verb:set package 'balegce_gazebo' build argument 'cmake_target' from command line to 'None'
[2.363s] Level 5:colcon.colcon_core.verb:set package 'balegce_gazebo' build argument 'cmake_target_skip_unavailable' from command line to 'False'
[2.363s] Level 5:colcon.colcon_core.verb:set package 'balegce_gazebo' build argument 'cmake_clean_cache' from command line to 'False'
[2.363s] Level 5:colcon.colcon_core.verb:set package 'balegce_gazebo' build argument 'cmake_clean_first' from command line to 'False'
[2.363s] Level 5:colcon.colcon_core.verb:set package 'balegce_gazebo' build argument 'cmake_force_configure' from command line to 'False'
[2.363s] Level 5:colcon.colcon_core.verb:set package 'balegce_gazebo' build argument 'ament_cmake_args' from command line to 'None'
[2.363s] Level 5:colcon.colcon_core.verb:set package 'balegce_gazebo' build argument 'catkin_cmake_args' from command line to 'None'
[2.363s] Level 5:colcon.colcon_core.verb:set package 'balegce_gazebo' build argument 'catkin_skip_building_tests' from command line to 'False'
[2.363s] DEBUG:colcon.colcon_core.verb:Building package 'balegce_gazebo' with the following arguments: {'ament_cmake_args': None, 'build_base': '/home/tanawatp/BaLEGce/balegce_ws/build/balegce_gazebo', 'catkin_cmake_args': None, 'catkin_skip_building_tests': False, 'cmake_args': None, 'cmake_clean_cache': False, 'cmake_clean_first': False, 'cmake_force_configure': False, 'cmake_target': None, 'cmake_target_skip_unavailable': False, 'install_base': '/home/tanawatp/BaLEGce/balegce_ws/install/balegce_gazebo', 'merge_install': False, 'path': '/home/tanawatp/BaLEGce/balegce_ws/src/balegce_gazebo', 'symlink_install': False, 'test_result_base': None}
[2.386s] Level 5:colcon.colcon_core.verb:set package 'motor_control' build argument 'cmake_args' from command line to 'None'
[2.386s] Level 5:colcon.colcon_core.verb:set package 'motor_control' build argument 'cmake_target' from command line to 'None'
[2.386s] Level 5:colcon.colcon_core.verb:set package 'motor_control' build argument 'cmake_target_skip_unavailable' from command line to 'False'
[2.386s] Level 5:colcon.colcon_core.verb:set package 'motor_control' build argument 'cmake_clean_cache' from command line to 'False'
[2.386s] Level 5:colcon.colcon_core.verb:set package 'motor_control' build argument 'cmake_clean_first' from command line to 'False'
[2.386s] Level 5:colcon.colcon_core.verb:set package 'motor_control' build argument 'cmake_force_configure' from command line to 'False'
[2.386s] Level 5:colcon.colcon_core.verb:set package 'motor_control' build argument 'ament_cmake_args' from command line to 'None'
[2.387s] Level 5:colcon.colcon_core.verb:set package 'motor_control' build argument 'catkin_cmake_args' from command line to 'None'
[2.387s] Level 5:colcon.colcon_core.verb:set package 'motor_control' build argument 'catkin_skip_building_tests' from command line to 'False'
[2.387s] DEBUG:colcon.colcon_core.verb:Building package 'motor_control' with the following arguments: {'ament_cmake_args': None, 'build_base': '/home/tanawatp/BaLEGce/balegce_ws/build/motor_control', 'catkin_cmake_args': None, 'catkin_skip_building_tests': False, 'cmake_args': None, 'cmake_clean_cache': False, 'cmake_clean_first': False, 'cmake_force_configure': False, 'cmake_target': None, 'cmake_target_skip_unavailable': False, 'install_base': '/home/tanawatp/BaLEGce/balegce_ws/install/motor_control', 'merge_install': False, 'path': '/home/tanawatp/BaLEGce/balegce_ws/src/motor_control', 'symlink_install': False, 'test_result_base': None}
[2.409s] INFO:colcon.colcon_core.executor:Executing jobs using 'parallel' executor
[2.436s] DEBUG:colcon.colcon_parallel_executor.executor.parallel:run_until_complete
[2.436s] INFO:colcon.colcon_ros.task.ament_cmake.build:Building ROS package in '/home/tanawatp/BaLEGce/balegce_ws/src/balegce' with build type 'ament_cmake'
[2.437s] INFO:colcon.colcon_cmake.task.cmake.build:Building CMake package in '/home/tanawatp/BaLEGce/balegce_ws/src/balegce'
[2.465s] INFO:colcon.colcon_core.plugin_system:Skipping extension 'colcon_core.shell.bat': Not used on non-Windows systems
[2.465s] INFO:colcon.colcon_core.shell:Skip shell extension 'powershell' for command environment: Not usable outside of PowerShell
[2.465s] DEBUG:colcon.colcon_core.shell:Skip shell extension 'dsv' for command environment
[2.629s] INFO:colcon.colcon_ros.task.ament_cmake.build:Building ROS package in '/home/tanawatp/BaLEGce/balegce_ws/src/balegce_gazebo' with build type 'ament_cmake'
[2.629s] INFO:colcon.colcon_cmake.task.cmake.build:Building CMake package in '/home/tanawatp/BaLEGce/balegce_ws/src/balegce_gazebo'
[2.654s] INFO:colcon.colcon_core.shell:Skip shell extension 'powershell' for command environment: Not usable outside of PowerShell
[2.654s] DEBUG:colcon.colcon_core.shell:Skip shell extension 'dsv' for command environment
[2.815s] INFO:colcon.colcon_ros.task.ament_cmake.build:Building ROS package in '/home/tanawatp/BaLEGce/balegce_ws/src/motor_control' with build type 'ament_cmake'
[2.816s] INFO:colcon.colcon_cmake.task.cmake.build:Building CMake package in '/home/tanawatp/BaLEGce/balegce_ws/src/motor_control'
[2.841s] INFO:colcon.colcon_core.shell:Skip shell extension 'powershell' for command environment: Not usable outside of PowerShell
[2.841s] DEBUG:colcon.colcon_core.shell:Skip shell extension 'dsv' for command environment
[3.066s] DEBUG:colcon.colcon_core.event_handler.log_command:Invoking command in '/home/tanawatp/BaLEGce/balegce_ws/build/balegce': CMAKE_PREFIX_PATH=${CMAKE_PREFIX_PATH}:/home/tanawatp/ros2_workspaceTutorial/install/robot_controller:/opt/ros/humble /usr/bin/cmake --build /home/tanawatp/BaLEGce/balegce_ws/build/balegce -- -j8 -l8
[3.075s] DEBUG:colcon.colcon_core.event_handler.log_command:Invoking command in '/home/tanawatp/BaLEGce/balegce_ws/build/balegce_gazebo': CMAKE_PREFIX_PATH=${CMAKE_PREFIX_PATH}:/home/tanawatp/ros2_workspaceTutorial/install/robot_controller:/opt/ros/humble /usr/bin/cmake --build /home/tanawatp/BaLEGce/balegce_ws/build/balegce_gazebo -- -j8 -l8
[3.101s] DEBUG:colcon.colcon_core.event_handler.log_command:Invoking command in '/home/tanawatp/BaLEGce/balegce_ws/build/motor_control': CMAKE_PREFIX_PATH=${CMAKE_PREFIX_PATH}:/home/tanawatp/ros2_workspaceTutorial/install/robot_controller:/opt/ros/humble /usr/bin/cmake --build /home/tanawatp/BaLEGce/balegce_ws/build/motor_control -- -j8 -l8
[4.011s] DEBUG:colcon.colcon_core.event_handler.log_command:Invoked command in '/home/tanawatp/BaLEGce/balegce_ws/build/motor_control' returned '0': CMAKE_PREFIX_PATH=${CMAKE_PREFIX_PATH}:/home/tanawatp/ros2_workspaceTutorial/install/robot_controller:/opt/ros/humble /usr/bin/cmake --build /home/tanawatp/BaLEGce/balegce_ws/build/motor_control -- -j8 -l8
[4.057s] DEBUG:colcon.colcon_core.event_handler.log_command:Invoked command in '/home/tanawatp/BaLEGce/balegce_ws/build/balegce' returned '0': CMAKE_PREFIX_PATH=${CMAKE_PREFIX_PATH}:/home/tanawatp/ros2_workspaceTutorial/install/robot_controller:/opt/ros/humble /usr/bin/cmake --build /home/tanawatp/BaLEGce/balegce_ws/build/balegce -- -j8 -l8
[4.179s] DEBUG:colcon.colcon_core.event_handler.log_command:Invoking command in '/home/tanawatp/BaLEGce/balegce_ws/build/motor_control': CMAKE_PREFIX_PATH=${CMAKE_PREFIX_PATH}:/home/tanawatp/ros2_workspaceTutorial/install/robot_controller:/opt/ros/humble /usr/bin/cmake --install /home/tanawatp/BaLEGce/balegce_ws/build/motor_control
[4.194s] DEBUG:colcon.colcon_core.event_handler.log_command:Invoking command in '/home/tanawatp/BaLEGce/balegce_ws/build/balegce': CMAKE_PREFIX_PATH=${CMAKE_PREFIX_PATH}:/home/tanawatp/ros2_workspaceTutorial/install/robot_controller:/opt/ros/humble /usr/bin/cmake --install /home/tanawatp/BaLEGce/balegce_ws/build/balegce
[4.222s] DEBUG:colcon.colcon_core.event_handler.log_command:Invoked command in '/home/tanawatp/BaLEGce/balegce_ws/build/balegce_gazebo' returned '0': CMAKE_PREFIX_PATH=${CMAKE_PREFIX_PATH}:/home/tanawatp/ros2_workspaceTutorial/install/robot_controller:/opt/ros/humble /usr/bin/cmake --build /home/tanawatp/BaLEGce/balegce_ws/build/balegce_gazebo -- -j8 -l8
[4.330s] Level 1:colcon.colcon_core.environment:create_environment_scripts_only(balegce)
[4.335s] DEBUG:colcon.colcon_core.event_handler.log_command:Invoked command in '/home/tanawatp/BaLEGce/balegce_ws/build/balegce' returned '0': CMAKE_PREFIX_PATH=${CMAKE_PREFIX_PATH}:/home/tanawatp/ros2_workspaceTutorial/install/robot_controller:/opt/ros/humble /usr/bin/cmake --install /home/tanawatp/BaLEGce/balegce_ws/build/balegce
[4.384s] Level 1:colcon.colcon_core.environment:checking '/home/tanawatp/BaLEGce/balegce_ws/install/balegce' for CMake module files
[4.385s] Level 1:colcon.colcon_core.environment:checking '/home/tanawatp/BaLEGce/balegce_ws/install/balegce' for CMake config files
[4.386s] Level 1:colcon.colcon_core.shell:create_environment_hook('balegce', 'cmake_prefix_path')
[4.417s] INFO:colcon.colcon_core.shell:Creating environment hook '/home/tanawatp/BaLEGce/balegce_ws/install/balegce/share/balegce/hook/cmake_prefix_path.ps1'
[4.418s] INFO:colcon.colcon_core.shell:Creating environment descriptor '/home/tanawatp/BaLEGce/balegce_ws/install/balegce/share/balegce/hook/cmake_prefix_path.dsv'
[4.419s] INFO:colcon.colcon_core.shell:Creating environment hook '/home/tanawatp/BaLEGce/balegce_ws/install/balegce/share/balegce/hook/cmake_prefix_path.sh'
[4.422s] Level 1:colcon.colcon_core.environment:checking '/home/tanawatp/BaLEGce/balegce_ws/install/balegce/bin'
[4.422s] Level 1:colcon.colcon_core.environment:checking '/home/tanawatp/BaLEGce/balegce_ws/install/balegce/lib/pkgconfig/balegce.pc'
[4.423s] Level 1:colcon.colcon_core.environment:checking '/home/tanawatp/BaLEGce/balegce_ws/install/balegce/lib/python3.10/site-packages'
[4.423s] Level 1:colcon.colcon_core.environment:checking '/home/tanawatp/BaLEGce/balegce_ws/install/balegce/bin'
[4.456s] INFO:colcon.colcon_core.shell:Creating package script '/home/tanawatp/BaLEGce/balegce_ws/install/balegce/share/balegce/package.ps1'
[4.457s] INFO:colcon.colcon_core.shell:Creating package descriptor '/home/tanawatp/BaLEGce/balegce_ws/install/balegce/share/balegce/package.dsv'
[4.458s] INFO:colcon.colcon_core.shell:Creating package script '/home/tanawatp/BaLEGce/balegce_ws/install/balegce/share/balegce/package.sh'
[4.460s] INFO:colcon.colcon_core.shell:Creating package script '/home/tanawatp/BaLEGce/balegce_ws/install/balegce/share/balegce/package.bash'
[4.461s] INFO:colcon.colcon_core.shell:Creating package script '/home/tanawatp/BaLEGce/balegce_ws/install/balegce/share/balegce/package.zsh'
[4.463s] Level 1:colcon.colcon_core.environment:create_file_with_runtime_dependencies(/home/tanawatp/BaLEGce/balegce_ws/install/balegce/share/colcon-core/packages/balegce)
[4.477s] DEBUG:colcon.colcon_core.event_handler.log_command:Invoking command in '/home/tanawatp/BaLEGce/balegce_ws/build/balegce_gazebo': CMAKE_PREFIX_PATH=${CMAKE_PREFIX_PATH}:/home/tanawatp/ros2_workspaceTutorial/install/robot_controller:/opt/ros/humble /usr/bin/cmake --install /home/tanawatp/BaLEGce/balegce_ws/build/balegce_gazebo
[4.491s] Level 1:colcon.colcon_core.environment:create_environment_scripts_only(motor_control)
[4.491s] DEBUG:colcon.colcon_core.event_handler.log_command:Invoked command in '/home/tanawatp/BaLEGce/balegce_ws/build/motor_control' returned '0': CMAKE_PREFIX_PATH=${CMAKE_PREFIX_PATH}:/home/tanawatp/ros2_workspaceTutorial/install/robot_controller:/opt/ros/humble /usr/bin/cmake --install /home/tanawatp/BaLEGce/balegce_ws/build/motor_control
[4.543s] Level 1:colcon.colcon_core.environment:checking '/home/tanawatp/BaLEGce/balegce_ws/install/motor_control' for CMake module files
[4.544s] Level 1:colcon.colcon_core.environment:checking '/home/tanawatp/BaLEGce/balegce_ws/install/motor_control' for CMake config files
[4.544s] Level 1:colcon.colcon_core.shell:create_environment_hook('motor_control', 'cmake_prefix_path')
[4.584s] INFO:colcon.colcon_core.shell:Creating environment hook '/home/tanawatp/BaLEGce/balegce_ws/install/motor_control/share/motor_control/hook/cmake_prefix_path.ps1'
[4.585s] INFO:colcon.colcon_core.shell:Creating environment descriptor '/home/tanawatp/BaLEGce/balegce_ws/install/motor_control/share/motor_control/hook/cmake_prefix_path.dsv'
[4.586s] INFO:colcon.colcon_core.shell:Creating environment hook '/home/tanawatp/BaLEGce/balegce_ws/install/motor_control/share/motor_control/hook/cmake_prefix_path.sh'
[4.587s] Level 1:colcon.colcon_core.environment:checking '/home/tanawatp/BaLEGce/balegce_ws/install/motor_control/lib'
[4.588s] Level 1:colcon.colcon_core.environment:checking '/home/tanawatp/BaLEGce/balegce_ws/install/motor_control/bin'
[4.588s] Level 1:colcon.colcon_core.environment:checking '/home/tanawatp/BaLEGce/balegce_ws/install/motor_control/lib/pkgconfig/motor_control.pc'
[4.588s] Level 1:colcon.colcon_core.environment:checking '/home/tanawatp/BaLEGce/balegce_ws/install/motor_control/lib/python3.10/site-packages'
[4.589s] Level 1:colcon.colcon_core.environment:checking '/home/tanawatp/BaLEGce/balegce_ws/install/motor_control/bin'
[4.625s] INFO:colcon.colcon_core.shell:Creating package script '/home/tanawatp/BaLEGce/balegce_ws/install/motor_control/share/motor_control/package.ps1'
[4.626s] INFO:colcon.colcon_core.shell:Creating package descriptor '/home/tanawatp/BaLEGce/balegce_ws/install/motor_control/share/motor_control/package.dsv'
[4.627s] INFO:colcon.colcon_core.shell:Creating package script '/home/tanawatp/BaLEGce/balegce_ws/install/motor_control/share/motor_control/package.sh'
[4.628s] INFO:colcon.colcon_core.shell:Creating package script '/home/tanawatp/BaLEGce/balegce_ws/install/motor_control/share/motor_control/package.bash'
[4.628s] INFO:colcon.colcon_core.shell:Creating package script '/home/tanawatp/BaLEGce/balegce_ws/install/motor_control/share/motor_control/package.zsh'
[4.629s] Level 1:colcon.colcon_core.environment:create_file_with_runtime_dependencies(/home/tanawatp/BaLEGce/balegce_ws/install/motor_control/share/colcon-core/packages/motor_control)
[4.676s] Level 1:colcon.colcon_core.environment:create_environment_scripts_only(balegce)
[4.707s] Level 1:colcon.colcon_core.environment:checking '/home/tanawatp/BaLEGce/balegce_ws/install/balegce' for CMake module files
[4.708s] Level 1:colcon.colcon_core.environment:checking '/home/tanawatp/BaLEGce/balegce_ws/install/balegce' for CMake config files
[4.708s] Level 1:colcon.colcon_core.shell:create_environment_hook('balegce', 'cmake_prefix_path')
[4.739s] INFO:colcon.colcon_core.shell:Creating environment hook '/home/tanawatp/BaLEGce/balegce_ws/install/balegce/share/balegce/hook/cmake_prefix_path.ps1'
[4.740s] INFO:colcon.colcon_core.shell:Creating environment descriptor '/home/tanawatp/BaLEGce/balegce_ws/install/balegce/share/balegce/hook/cmake_prefix_path.dsv'
[4.741s] INFO:colcon.colcon_core.shell:Creating environment hook '/home/tanawatp/BaLEGce/balegce_ws/install/balegce/share/balegce/hook/cmake_prefix_path.sh'
[4.742s] Level 1:colcon.colcon_core.environment:checking '/home/tanawatp/BaLEGce/balegce_ws/install/balegce/bin'
[4.742s] Level 1:colcon.colcon_core.environment:checking '/home/tanawatp/BaLEGce/balegce_ws/install/balegce/lib/pkgconfig/balegce.pc'
[4.743s] Level 1:colcon.colcon_core.environment:checking '/home/tanawatp/BaLEGce/balegce_ws/install/balegce/lib/python3.10/site-packages'
[4.743s] Level 1:colcon.colcon_core.environment:checking '/home/tanawatp/BaLEGce/balegce_ws/install/balegce/bin'
[4.773s] INFO:colcon.colcon_core.shell:Creating package script '/home/tanawatp/BaLEGce/balegce_ws/install/balegce/share/balegce/package.ps1'
[4.775s] INFO:colcon.colcon_core.shell:Creating package descriptor '/home/tanawatp/BaLEGce/balegce_ws/install/balegce/share/balegce/package.dsv'
[4.776s] INFO:colcon.colcon_core.shell:Creating package script '/home/tanawatp/BaLEGce/balegce_ws/install/balegce/share/balegce/package.sh'
[4.777s] INFO:colcon.colcon_core.shell:Creating package script '/home/tanawatp/BaLEGce/balegce_ws/install/balegce/share/balegce/package.bash'
[4.778s] INFO:colcon.colcon_core.shell:Creating package script '/home/tanawatp/BaLEGce/balegce_ws/install/balegce/share/balegce/package.zsh'
[4.779s] Level 1:colcon.colcon_core.environment:create_file_with_runtime_dependencies(/home/tanawatp/BaLEGce/balegce_ws/install/balegce/share/colcon-core/packages/balegce)
[4.781s] Level 1:colcon.colcon_core.environment:create_environment_scripts_only(balegce_gazebo)
[4.789s] DEBUG:colcon.colcon_core.event_handler.log_command:Invoked command in '/home/tanawatp/BaLEGce/balegce_ws/build/balegce_gazebo' returned '0': CMAKE_PREFIX_PATH=${CMAKE_PREFIX_PATH}:/home/tanawatp/ros2_workspaceTutorial/install/robot_controller:/opt/ros/humble /usr/bin/cmake --install /home/tanawatp/BaLEGce/balegce_ws/build/balegce_gazebo
[4.815s] Level 1:colcon.colcon_core.environment:checking '/home/tanawatp/BaLEGce/balegce_ws/install/balegce_gazebo' for CMake module files
[4.816s] Level 1:colcon.colcon_core.environment:checking '/home/tanawatp/BaLEGce/balegce_ws/install/balegce_gazebo' for CMake config files
[4.817s] Level 1:colcon.colcon_core.shell:create_environment_hook('balegce_gazebo', 'cmake_prefix_path')
[4.851s] INFO:colcon.colcon_core.shell:Creating environment hook '/home/tanawatp/BaLEGce/balegce_ws/install/balegce_gazebo/share/balegce_gazebo/hook/cmake_prefix_path.ps1'
[4.852s] INFO:colcon.colcon_core.shell:Creating environment descriptor '/home/tanawatp/BaLEGce/balegce_ws/install/balegce_gazebo/share/balegce_gazebo/hook/cmake_prefix_path.dsv'
[4.853s] INFO:colcon.colcon_core.shell:Creating environment hook '/home/tanawatp/BaLEGce/balegce_ws/install/balegce_gazebo/share/balegce_gazebo/hook/cmake_prefix_path.sh'
[4.854s] Level 1:colcon.colcon_core.environment:checking '/home/tanawatp/BaLEGce/balegce_ws/install/balegce_gazebo/lib'
[4.855s] Level 1:colcon.colcon_core.environment:checking '/home/tanawatp/BaLEGce/balegce_ws/install/balegce_gazebo/bin'
[4.855s] Level 1:colcon.colcon_core.environment:checking '/home/tanawatp/BaLEGce/balegce_ws/install/balegce_gazebo/lib/pkgconfig/balegce_gazebo.pc'
[4.855s] Level 1:colcon.colcon_core.environment:checking '/home/tanawatp/BaLEGce/balegce_ws/install/balegce_gazebo/lib/python3.10/site-packages'
[4.856s] Level 1:colcon.colcon_core.environment:checking '/home/tanawatp/BaLEGce/balegce_ws/install/balegce_gazebo/bin'
[4.895s] INFO:colcon.colcon_core.shell:Creating package script '/home/tanawatp/BaLEGce/balegce_ws/install/balegce_gazebo/share/balegce_gazebo/package.ps1'
[4.896s] INFO:colcon.colcon_core.shell:Creating package descriptor '/home/tanawatp/BaLEGce/balegce_ws/install/balegce_gazebo/share/balegce_gazebo/package.dsv'
[4.897s] INFO:colcon.colcon_core.shell:Creating package script '/home/tanawatp/BaLEGce/balegce_ws/install/balegce_gazebo/share/balegce_gazebo/package.sh'
[4.898s] INFO:colcon.colcon_core.shell:Creating package script '/home/tanawatp/BaLEGce/balegce_ws/install/balegce_gazebo/share/balegce_gazebo/package.bash'
[4.899s] INFO:colcon.colcon_core.shell:Creating package script '/home/tanawatp/BaLEGce/balegce_ws/install/balegce_gazebo/share/balegce_gazebo/package.zsh'
[4.900s] Level 1:colcon.colcon_core.environment:create_file_with_runtime_dependencies(/home/tanawatp/BaLEGce/balegce_ws/install/balegce_gazebo/share/colcon-core/packages/balegce_gazebo)
[4.943s] Level 1:colcon.colcon_core.environment:create_environment_scripts_only(motor_control)
[4.978s] Level 1:colcon.colcon_core.environment:checking '/home/tanawatp/BaLEGce/balegce_ws/install/motor_control' for CMake module files
[4.979s] Level 1:colcon.colcon_core.environment:checking '/home/tanawatp/BaLEGce/balegce_ws/install/motor_control' for CMake config files
[4.980s] Level 1:colcon.colcon_core.shell:create_environment_hook('motor_control', 'cmake_prefix_path')
[5.014s] INFO:colcon.colcon_core.shell:Creating environment hook '/home/tanawatp/BaLEGce/balegce_ws/install/motor_control/share/motor_control/hook/cmake_prefix_path.ps1'
[5.015s] INFO:colcon.colcon_core.shell:Creating environment descriptor '/home/tanawatp/BaLEGce/balegce_ws/install/motor_control/share/motor_control/hook/cmake_prefix_path.dsv'
[5.016s] INFO:colcon.colcon_core.shell:Creating environment hook '/home/tanawatp/BaLEGce/balegce_ws/install/motor_control/share/motor_control/hook/cmake_prefix_path.sh'
[5.017s] Level 1:colcon.colcon_core.environment:checking '/home/tanawatp/BaLEGce/balegce_ws/install/motor_control/lib'
[5.017s] Level 1:colcon.colcon_core.environment:checking '/home/tanawatp/BaLEGce/balegce_ws/install/motor_control/bin'
[5.017s] Level 1:colcon.colcon_core.environment:checking '/home/tanawatp/BaLEGce/balegce_ws/install/motor_control/lib/pkgconfig/motor_control.pc'
[5.018s] Level 1:colcon.colcon_core.environment:checking '/home/tanawatp/BaLEGce/balegce_ws/install/motor_control/lib/python3.10/site-packages'
[5.018s] Level 1:colcon.colcon_core.environment:checking '/home/tanawatp/BaLEGce/balegce_ws/install/motor_control/bin'
[5.051s] INFO:colcon.colcon_core.shell:Creating package script '/home/tanawatp/BaLEGce/balegce_ws/install/motor_control/share/motor_control/package.ps1'
[5.052s] INFO:colcon.colcon_core.shell:Creating package descriptor '/home/tanawatp/BaLEGce/balegce_ws/install/motor_control/share/motor_control/package.dsv'
[5.053s] INFO:colcon.colcon_core.shell:Creating package script '/home/tanawatp/BaLEGce/balegce_ws/install/motor_control/share/motor_control/package.sh'
[5.055s] INFO:colcon.colcon_core.shell:Creating package script '/home/tanawatp/BaLEGce/balegce_ws/install/motor_control/share/motor_control/package.bash'
[5.056s] INFO:colcon.colcon_core.shell:Creating package script '/home/tanawatp/BaLEGce/balegce_ws/install/motor_control/share/motor_control/package.zsh'
[5.056s] Level 1:colcon.colcon_core.environment:create_file_with_runtime_dependencies(/home/tanawatp/BaLEGce/balegce_ws/install/motor_control/share/colcon-core/packages/motor_control)
[5.098s] Level 1:colcon.colcon_core.environment:create_environment_scripts_only(balegce_gazebo)
[5.133s] Level 1:colcon.colcon_core.environment:checking '/home/tanawatp/BaLEGce/balegce_ws/install/balegce_gazebo' for CMake module files
[5.134s] Level 1:colcon.colcon_core.environment:checking '/home/tanawatp/BaLEGce/balegce_ws/install/balegce_gazebo' for CMake config files
[5.135s] Level 1:colcon.colcon_core.shell:create_environment_hook('balegce_gazebo', 'cmake_prefix_path')
[5.171s] INFO:colcon.colcon_core.shell:Creating environment hook '/home/tanawatp/BaLEGce/balegce_ws/install/balegce_gazebo/share/balegce_gazebo/hook/cmake_prefix_path.ps1'
[5.172s] INFO:colcon.colcon_core.shell:Creating environment descriptor '/home/tanawatp/BaLEGce/balegce_ws/install/balegce_gazebo/share/balegce_gazebo/hook/cmake_prefix_path.dsv'
[5.173s] INFO:colcon.colcon_core.shell:Creating environment hook '/home/tanawatp/BaLEGce/balegce_ws/install/balegce_gazebo/share/balegce_gazebo/hook/cmake_prefix_path.sh'
[5.175s] Level 1:colcon.colcon_core.environment:checking '/home/tanawatp/BaLEGce/balegce_ws/install/balegce_gazebo/lib'
[5.175s] Level 1:colcon.colcon_core.environment:checking '/home/tanawatp/BaLEGce/balegce_ws/install/balegce_gazebo/bin'
[5.175s] Level 1:colcon.colcon_core.environment:checking '/home/tanawatp/BaLEGce/balegce_ws/install/balegce_gazebo/lib/pkgconfig/balegce_gazebo.pc'
[5.175s] Level 1:colcon.colcon_core.environment:checking '/home/tanawatp/BaLEGce/balegce_ws/install/balegce_gazebo/lib/python3.10/site-packages'
[5.176s] Level 1:colcon.colcon_core.environment:checking '/home/tanawatp/BaLEGce/balegce_ws/install/balegce_gazebo/bin'
[5.237s] INFO:colcon.colcon_core.shell:Creating package script '/home/tanawatp/BaLEGce/balegce_ws/install/balegce_gazebo/share/balegce_gazebo/package.ps1'
[5.238s] INFO:colcon.colcon_core.shell:Creating package descriptor '/home/tanawatp/BaLEGce/balegce_ws/install/balegce_gazebo/share/balegce_gazebo/package.dsv'
[5.239s] INFO:colcon.colcon_core.shell:Creating package script '/home/tanawatp/BaLEGce/balegce_ws/install/balegce_gazebo/share/balegce_gazebo/package.sh'
[5.240s] INFO:colcon.colcon_core.shell:Creating package script '/home/tanawatp/BaLEGce/balegce_ws/install/balegce_gazebo/share/balegce_gazebo/package.bash'
[5.241s] INFO:colcon.colcon_core.shell:Creating package script '/home/tanawatp/BaLEGce/balegce_ws/install/balegce_gazebo/share/balegce_gazebo/package.zsh'
[5.242s] Level 1:colcon.colcon_core.environment:create_file_with_runtime_dependencies(/home/tanawatp/BaLEGce/balegce_ws/install/balegce_gazebo/share/colcon-core/packages/balegce_gazebo)
[5.243s] DEBUG:colcon.colcon_parallel_executor.executor.parallel:closing loop
[5.244s] DEBUG:colcon.colcon_parallel_executor.executor.parallel:loop closed
[5.244s] DEBUG:colcon.colcon_parallel_executor.executor.parallel:run_until_complete finished with '0'
[5.244s] DEBUG:colcon.colcon_core.event_reactor:joining thread
[5.291s] INFO:colcon.colcon_core.plugin_system:Skipping extension 'colcon_notification.desktop_notification.terminal_notifier': Not used on non-Darwin systems
[5.292s] INFO:colcon.colcon_core.plugin_system:Skipping extension 'colcon_notification.desktop_notification.win32': Not used on non-Windows systems
[5.292s] INFO:colcon.colcon_notification.desktop_notification:Sending desktop notification using 'notify2'
[5.317s] DEBUG:colcon.colcon_core.event_reactor:joined thread
[5.348s] INFO:colcon.colcon_core.shell:Creating prefix script '/home/tanawatp/BaLEGce/balegce_ws/install/local_setup.ps1'
[5.349s] INFO:colcon.colcon_core.shell:Creating prefix util module '/home/tanawatp/BaLEGce/balegce_ws/install/_local_setup_util_ps1.py'
[5.351s] INFO:colcon.colcon_core.shell:Creating prefix chain script '/home/tanawatp/BaLEGce/balegce_ws/install/setup.ps1'
[5.384s] INFO:colcon.colcon_core.shell:Creating prefix script '/home/tanawatp/BaLEGce/balegce_ws/install/local_setup.sh'
[5.385s] INFO:colcon.colcon_core.shell:Creating prefix util module '/home/tanawatp/BaLEGce/balegce_ws/install/_local_setup_util_sh.py'
[5.386s] INFO:colcon.colcon_core.shell:Creating prefix chain script '/home/tanawatp/BaLEGce/balegce_ws/install/setup.sh'
[5.424s] INFO:colcon.colcon_core.shell:Creating prefix script '/home/tanawatp/BaLEGce/balegce_ws/install/local_setup.bash'
[5.425s] INFO:colcon.colcon_core.shell:Creating prefix chain script '/home/tanawatp/BaLEGce/balegce_ws/install/setup.bash'
[5.460s] INFO:colcon.colcon_core.shell:Creating prefix script '/home/tanawatp/BaLEGce/balegce_ws/install/local_setup.zsh'
[5.461s] INFO:colcon.colcon_core.shell:Creating prefix chain script '/home/tanawatp/BaLEGce/balegce_ws/install/setup.zsh'
